{"/Users/guillermosierraaiello/dev/upload-system/server/src/app.ts": {"path":"/Users/guillermosierraaiello/dev/upload-system/server/src/app.ts","statementMap":{"0":{"start":{"line":1,"column":0},"end":{"line":1,"column":67}},"1":{"start":{"line":2,"column":0},"end":{"line":2,"column":24}},"2":{"start":{"line":3,"column":0},"end":{"line":3,"column":28}},"3":{"start":{"line":4,"column":0},"end":{"line":4,"column":28}},"4":{"start":{"line":5,"column":0},"end":{"line":5,"column":24}},"5":{"start":{"line":6,"column":0},"end":{"line":6,"column":43}},"6":{"start":{"line":7,"column":0},"end":{"line":7,"column":49}},"7":{"start":{"line":8,"column":0},"end":{"line":8,"column":50}},"8":{"start":{"line":9,"column":0},"end":{"line":9,"column":58}},"9":{"start":{"line":10,"column":0},"end":{"line":10,"column":40}},"10":{"start":{"line":13,"column":0},"end":{"line":13,"column":16}},"11":{"start":{"line":16,"column":12},"end":{"line":16,"column":21}},"12":{"start":{"line":17,"column":13},"end":{"line":17,"column":37}},"13":{"start":{"line":20,"column":0},"end":{"line":20,"column":16}},"14":{"start":{"line":23,"column":0},"end":{"line":23,"column":24}},"15":{"start":{"line":26,"column":0},"end":{"line":28,"column":null}},"16":{"start":{"line":27,"column":2},"end":{"line":27,"column":30}},"17":{"start":{"line":31,"column":0},"end":{"line":42,"column":null}},"18":{"start":{"line":32,"column":2},"end":{"line":41,"column":5}},"19":{"start":{"line":33,"column":18},"end":{"line":33,"column":28}},"20":{"start":{"line":35,"column":4},"end":{"line":38,"column":7}},"21":{"start":{"line":36,"column":23},"end":{"line":36,"column":41}},"22":{"start":{"line":37,"column":6},"end":{"line":37,"column":119}},"23":{"start":{"line":40,"column":4},"end":{"line":40,"column":11}},"24":{"start":{"line":45,"column":16},"end":{"line":50,"column":2}},"25":{"start":{"line":53,"column":0},"end":{"line":53,"column":32}},"26":{"start":{"line":56,"column":0},"end":{"line":60,"column":null}},"27":{"start":{"line":57,"column":2},"end":{"line":59,"column":70}},"28":{"start":{"line":58,"column":16},"end":{"line":58,"column":66}},"29":{"start":{"line":59,"column":18},"end":{"line":59,"column":68}},"30":{"start":{"line":63,"column":0},"end":{"line":63,"column":37}},"31":{"start":{"line":64,"column":0},"end":{"line":64,"column":45}},"32":{"start":{"line":67,"column":0},"end":{"line":67,"column":72}},"33":{"start":{"line":70,"column":0},"end":{"line":79,"column":3}},"34":{"start":{"line":71,"column":2},"end":{"line":78,"column":5}},"35":{"start":{"line":82,"column":0},"end":{"line":89,"column":3}},"36":{"start":{"line":83,"column":2},"end":{"line":83,"column":56}},"37":{"start":{"line":85,"column":2},"end":{"line":88,"column":5}},"38":{"start":{"line":91,"column":0},"end":{"line":91,"column":19}}},"fnMap":{"0":{"name":"(anonymous_1)","decl":{"start":{"line":32,"column":10},"end":{"line":32,"column":11}},"loc":{"start":{"line":32,"column":62},"end":{"line":41,"column":3}}},"1":{"name":"(anonymous_2)","decl":{"start":{"line":35,"column":21},"end":{"line":35,"column":24}},"loc":{"start":{"line":35,"column":26},"end":{"line":38,"column":5}}},"2":{"name":"(anonymous_3)","decl":{"start":{"line":58,"column":10},"end":{"line":58,"column":13}},"loc":{"start":{"line":58,"column":16},"end":{"line":58,"column":66}}},"3":{"name":"(anonymous_4)","decl":{"start":{"line":59,"column":11},"end":{"line":59,"column":14}},"loc":{"start":{"line":59,"column":18},"end":{"line":59,"column":68}}},"4":{"name":"(anonymous_5)","decl":{"start":{"line":70,"column":13},"end":{"line":70,"column":14}},"loc":{"start":{"line":70,"column":45},"end":{"line":79,"column":1}}},"5":{"name":"(anonymous_6)","decl":{"start":{"line":82,"column":8},"end":{"line":82,"column":9}},"loc":{"start":{"line":82,"column":70},"end":{"line":89,"column":1}}}},"branchMap":{"0":{"loc":{"start":{"line":17,"column":13},"end":{"line":17,"column":37}},"type":"binary-expr","locations":[{"start":{"line":17,"column":13},"end":{"line":17,"column":29}},{"start":{"line":17,"column":33},"end":{"line":17,"column":37}}]},"1":{"loc":{"start":{"line":26,"column":0},"end":{"line":28,"column":null}},"type":"if","locations":[{"start":{"line":26,"column":0},"end":{"line":28,"column":null}}]},"2":{"loc":{"start":{"line":31,"column":0},"end":{"line":42,"column":null}},"type":"if","locations":[{"start":{"line":31,"column":0},"end":{"line":42,"column":null}}]},"3":{"loc":{"start":{"line":56,"column":0},"end":{"line":60,"column":null}},"type":"if","locations":[{"start":{"line":56,"column":0},"end":{"line":60,"column":null}}]},"4":{"loc":{"start":{"line":85,"column":13},"end":{"line":85,"column":30}},"type":"binary-expr","locations":[{"start":{"line":85,"column":13},"end":{"line":85,"column":23}},{"start":{"line":85,"column":27},"end":{"line":85,"column":30}}]},"5":{"loc":{"start":{"line":87,"column":13},"end":{"line":87,"column":89}},"type":"cond-expr","locations":[{"start":{"line":87,"column":53},"end":{"line":87,"column":75}},{"start":{"line":87,"column":78},"end":{"line":87,"column":89}}]}},"s":{"0":0,"1":0,"2":0,"3":0,"4":0,"5":0,"6":0,"7":0,"8":0,"9":0,"10":0,"11":0,"12":0,"13":0,"14":0,"15":0,"16":0,"17":0,"18":0,"19":0,"20":0,"21":0,"22":0,"23":0,"24":0,"25":0,"26":0,"27":0,"28":0,"29":0,"30":0,"31":0,"32":0,"33":0,"34":0,"35":0,"36":0,"37":0,"38":0},"f":{"0":0,"1":0,"2":0,"3":0,"4":0,"5":0},"b":{"0":[0,0],"1":[0],"2":[0],"3":[0],"4":[0,0],"5":[0,0]}}
,"/Users/guillermosierraaiello/dev/upload-system/server/src/index.ts": {"path":"/Users/guillermosierraaiello/dev/upload-system/server/src/index.ts","statementMap":{"0":{"start":{"line":1,"column":0},"end":{"line":1,"column":67}},"1":{"start":{"line":2,"column":0},"end":{"line":2,"column":24}},"2":{"start":{"line":3,"column":0},"end":{"line":3,"column":28}},"3":{"start":{"line":4,"column":0},"end":{"line":4,"column":28}},"4":{"start":{"line":5,"column":0},"end":{"line":5,"column":24}},"5":{"start":{"line":7,"column":0},"end":{"line":7,"column":43}},"6":{"start":{"line":8,"column":0},"end":{"line":8,"column":84}},"7":{"start":{"line":9,"column":0},"end":{"line":9,"column":50}},"8":{"start":{"line":10,"column":0},"end":{"line":10,"column":58}},"9":{"start":{"line":11,"column":0},"end":{"line":11,"column":40}},"10":{"start":{"line":14,"column":0},"end":{"line":14,"column":16}},"11":{"start":{"line":17,"column":12},"end":{"line":17,"column":21}},"12":{"start":{"line":18,"column":13},"end":{"line":18,"column":37}},"13":{"start":{"line":21,"column":0},"end":{"line":21,"column":16}},"14":{"start":{"line":24,"column":0},"end":{"line":24,"column":24}},"15":{"start":{"line":27,"column":0},"end":{"line":27,"column":28}},"16":{"start":{"line":30,"column":0},"end":{"line":39,"column":3}},"17":{"start":{"line":31,"column":16},"end":{"line":31,"column":26}},"18":{"start":{"line":33,"column":2},"end":{"line":36,"column":5}},"19":{"start":{"line":34,"column":21},"end":{"line":34,"column":39}},"20":{"start":{"line":35,"column":4},"end":{"line":35,"column":117}},"21":{"start":{"line":38,"column":2},"end":{"line":38,"column":9}},"22":{"start":{"line":42,"column":16},"end":{"line":47,"column":2}},"23":{"start":{"line":50,"column":0},"end":{"line":50,"column":32}},"24":{"start":{"line":53,"column":0},"end":{"line":55,"column":68}},"25":{"start":{"line":54,"column":14},"end":{"line":54,"column":64}},"26":{"start":{"line":55,"column":16},"end":{"line":55,"column":66}},"27":{"start":{"line":58,"column":0},"end":{"line":58,"column":37}},"28":{"start":{"line":59,"column":0},"end":{"line":59,"column":45}},"29":{"start":{"line":62,"column":0},"end":{"line":62,"column":72}},"30":{"start":{"line":65,"column":0},"end":{"line":74,"column":3}},"31":{"start":{"line":66,"column":2},"end":{"line":73,"column":5}},"32":{"start":{"line":77,"column":0},"end":{"line":84,"column":3}},"33":{"start":{"line":78,"column":2},"end":{"line":78,"column":56}},"34":{"start":{"line":80,"column":2},"end":{"line":83,"column":5}},"35":{"start":{"line":87,"column":15},"end":{"line":89,"column":2}},"36":{"start":{"line":88,"column":2},"end":{"line":88,"column":57}},"37":{"start":{"line":92,"column":30},"end":{"line":96,"column":18}},"38":{"start":{"line":93,"column":2},"end":{"line":95,"column":74}},"39":{"start":{"line":94,"column":16},"end":{"line":94,"column":69}},"40":{"start":{"line":95,"column":18},"end":{"line":95,"column":72}},"41":{"start":{"line":99,"column":32},"end":{"line":117,"column":1}},"42":{"start":{"line":100,"column":14},"end":{"line":100,"column":24}},"43":{"start":{"line":101,"column":16},"end":{"line":105,"column":null}},"44":{"start":{"line":107,"column":23},"end":{"line":107,"column":54}},"45":{"start":{"line":109,"column":2},"end":{"line":116,"column":19}},"46":{"start":{"line":110,"column":4},"end":{"line":112,"column":78}},"47":{"start":{"line":111,"column":18},"end":{"line":111,"column":73}},"48":{"start":{"line":112,"column":20},"end":{"line":112,"column":76}},"49":{"start":{"line":115,"column":4},"end":{"line":115,"column":30}},"50":{"start":{"line":119,"column":0},"end":{"line":119,"column":26}},"51":{"start":{"line":122,"column":0},"end":{"line":128,"column":3}},"52":{"start":{"line":123,"column":2},"end":{"line":123,"column":56}},"53":{"start":{"line":124,"column":2},"end":{"line":127,"column":5}},"54":{"start":{"line":125,"column":4},"end":{"line":125,"column":41}},"55":{"start":{"line":126,"column":4},"end":{"line":126,"column":20}},"56":{"start":{"line":130,"column":0},"end":{"line":130,"column":19}}},"fnMap":{"0":{"name":"(anonymous_1)","decl":{"start":{"line":30,"column":8},"end":{"line":30,"column":9}},"loc":{"start":{"line":30,"column":60},"end":{"line":39,"column":1}}},"1":{"name":"(anonymous_2)","decl":{"start":{"line":33,"column":19},"end":{"line":33,"column":22}},"loc":{"start":{"line":33,"column":24},"end":{"line":36,"column":3}}},"2":{"name":"(anonymous_3)","decl":{"start":{"line":54,"column":8},"end":{"line":54,"column":11}},"loc":{"start":{"line":54,"column":14},"end":{"line":54,"column":64}}},"3":{"name":"(anonymous_4)","decl":{"start":{"line":55,"column":9},"end":{"line":55,"column":12}},"loc":{"start":{"line":55,"column":16},"end":{"line":55,"column":66}}},"4":{"name":"(anonymous_5)","decl":{"start":{"line":65,"column":13},"end":{"line":65,"column":14}},"loc":{"start":{"line":65,"column":45},"end":{"line":74,"column":1}}},"5":{"name":"(anonymous_6)","decl":{"start":{"line":77,"column":8},"end":{"line":77,"column":9}},"loc":{"start":{"line":77,"column":70},"end":{"line":84,"column":1}}},"6":{"name":"(anonymous_7)","decl":{"start":{"line":87,"column":32},"end":{"line":87,"column":35}},"loc":{"start":{"line":87,"column":37},"end":{"line":89,"column":1}}},"7":{"name":"(anonymous_8)","decl":{"start":{"line":92,"column":42},"end":{"line":92,"column":45}},"loc":{"start":{"line":92,"column":47},"end":{"line":96,"column":1}}},"8":{"name":"(anonymous_9)","decl":{"start":{"line":94,"column":10},"end":{"line":94,"column":13}},"loc":{"start":{"line":94,"column":16},"end":{"line":94,"column":69}}},"9":{"name":"(anonymous_10)","decl":{"start":{"line":95,"column":11},"end":{"line":95,"column":14}},"loc":{"start":{"line":95,"column":18},"end":{"line":95,"column":72}}},"10":{"name":"(anonymous_11)","decl":{"start":{"line":99,"column":32},"end":{"line":99,"column":35}},"loc":{"start":{"line":99,"column":37},"end":{"line":117,"column":1}}},"11":{"name":"(anonymous_12)","decl":{"start":{"line":109,"column":13},"end":{"line":109,"column":16}},"loc":{"start":{"line":109,"column":18},"end":{"line":116,"column":3}}},"12":{"name":"(anonymous_13)","decl":{"start":{"line":111,"column":12},"end":{"line":111,"column":15}},"loc":{"start":{"line":111,"column":18},"end":{"line":111,"column":73}}},"13":{"name":"(anonymous_14)","decl":{"start":{"line":112,"column":13},"end":{"line":112,"column":16}},"loc":{"start":{"line":112,"column":20},"end":{"line":112,"column":76}}},"14":{"name":"(anonymous_15)","decl":{"start":{"line":122,"column":22},"end":{"line":122,"column":25}},"loc":{"start":{"line":122,"column":27},"end":{"line":128,"column":1}}},"15":{"name":"(anonymous_16)","decl":{"start":{"line":124,"column":15},"end":{"line":124,"column":18}},"loc":{"start":{"line":124,"column":20},"end":{"line":127,"column":3}}}},"branchMap":{"0":{"loc":{"start":{"line":18,"column":13},"end":{"line":18,"column":37}},"type":"binary-expr","locations":[{"start":{"line":18,"column":13},"end":{"line":18,"column":29}},{"start":{"line":18,"column":33},"end":{"line":18,"column":37}}]},"1":{"loc":{"start":{"line":80,"column":13},"end":{"line":80,"column":30}},"type":"binary-expr","locations":[{"start":{"line":80,"column":13},"end":{"line":80,"column":23}},{"start":{"line":80,"column":27},"end":{"line":80,"column":30}}]},"2":{"loc":{"start":{"line":82,"column":13},"end":{"line":82,"column":89}},"type":"cond-expr","locations":[{"start":{"line":82,"column":53},"end":{"line":82,"column":75}},{"start":{"line":82,"column":78},"end":{"line":82,"column":89}}]}},"s":{"0":1,"1":1,"2":1,"3":1,"4":1,"5":1,"6":1,"7":1,"8":1,"9":1,"10":1,"11":1,"12":1,"13":1,"14":1,"15":1,"16":1,"17":5,"18":5,"19":5,"20":5,"21":5,"22":1,"23":1,"24":1,"25":1,"26":0,"27":1,"28":1,"29":1,"30":1,"31":0,"32":1,"33":0,"34":0,"35":1,"36":0,"37":1,"38":0,"39":0,"40":0,"41":1,"42":1,"43":1,"44":1,"45":1,"46":0,"47":0,"48":0,"49":0,"50":1,"51":1,"52":0,"53":0,"54":0,"55":0,"56":1},"f":{"0":5,"1":5,"2":1,"3":0,"4":0,"5":0,"6":0,"7":0,"8":0,"9":0,"10":1,"11":0,"12":0,"13":0,"14":0,"15":0},"b":{"0":[1,0],"1":[0,0],"2":[0,0]}}
,"/Users/guillermosierraaiello/dev/upload-system/server/src/routes/monitoring.routes.ts": {"path":"/Users/guillermosierraaiello/dev/upload-system/server/src/routes/monitoring.routes.ts","statementMap":{"0":{"start":{"line":1,"column":0},"end":{"line":1,"column":53}},"1":{"start":{"line":2,"column":0},"end":{"line":2,"column":20}},"2":{"start":{"line":3,"column":0},"end":{"line":3,"column":24}},"3":{"start":{"line":4,"column":0},"end":{"line":4,"column":33}},"4":{"start":{"line":5,"column":0},"end":{"line":5,"column":20}},"5":{"start":{"line":7,"column":15},"end":{"line":7,"column":31}},"6":{"start":{"line":8,"column":18},"end":{"line":8,"column":39}},"7":{"start":{"line":9,"column":15},"end":{"line":9,"column":33}},"8":{"start":{"line":12,"column":24},"end":{"line":12,"column":34}},"9":{"start":{"line":15,"column":20},"end":{"line":15,"column":21}},"10":{"start":{"line":16,"column":23},"end":{"line":16,"column":24}},"11":{"start":{"line":17,"column":20},"end":{"line":17,"column":21}},"12":{"start":{"line":20,"column":36},"end":{"line":22,"column":1}},"13":{"start":{"line":21,"column":2},"end":{"line":21,"column":18}},"14":{"start":{"line":20,"column":13},"end":{"line":20,"column":36}},"15":{"start":{"line":25,"column":39},"end":{"line":32,"column":1}},"16":{"start":{"line":26,"column":2},"end":{"line":26,"column":49}},"17":{"start":{"line":27,"column":2},"end":{"line":31,"column":null}},"18":{"start":{"line":28,"column":4},"end":{"line":28,"column":23}},"19":{"start":{"line":30,"column":4},"end":{"line":30,"column":20}},"20":{"start":{"line":25,"column":13},"end":{"line":25,"column":39}},"21":{"start":{"line":38,"column":0},"end":{"line":56,"column":3}},"22":{"start":{"line":39,"column":17},"end":{"line":39,"column":45}},"23":{"start":{"line":40,"column":22},"end":{"line":40,"column":43}},"24":{"start":{"line":42,"column":2},"end":{"line":55,"column":5}},"25":{"start":{"line":62,"column":0},"end":{"line":118,"column":3}},"26":{"start":{"line":63,"column":2},"end":{"line":117,"column":null}},"27":{"start":{"line":65,"column":19},"end":{"line":65,"column":47}},"28":{"start":{"line":68,"column":21},"end":{"line":68,"column":39}},"29":{"start":{"line":69,"column":24},"end":{"line":69,"column":45}},"30":{"start":{"line":70,"column":25},"end":{"line":74,"column":6}},"31":{"start":{"line":77,"column":25},"end":{"line":77,"column":57}},"32":{"start":{"line":78,"column":24},"end":{"line":80,"column":11}},"33":{"start":{"line":82,"column":4},"end":{"line":113,"column":7}},"34":{"start":{"line":115,"column":4},"end":{"line":115,"column":59}},"35":{"start":{"line":116,"column":4},"end":{"line":116,"column":69}},"36":{"start":{"line":124,"column":0},"end":{"line":156,"column":3}},"37":{"start":{"line":125,"column":2},"end":{"line":155,"column":null}},"38":{"start":{"line":126,"column":23},"end":{"line":126,"column":60}},"39":{"start":{"line":127,"column":22},"end":{"line":127,"column":53}},"40":{"start":{"line":128,"column":24},"end":{"line":128,"column":57}},"41":{"start":{"line":131,"column":24},"end":{"line":131,"column":58}},"42":{"start":{"line":132,"column":26},"end":{"line":132,"column":62}},"43":{"start":{"line":134,"column":4},"end":{"line":151,"column":7}},"44":{"start":{"line":153,"column":4},"end":{"line":153,"column":77}},"45":{"start":{"line":154,"column":4},"end":{"line":154,"column":87}},"46":{"start":{"line":162,"column":0},"end":{"line":172,"column":3}},"47":{"start":{"line":164,"column":2},"end":{"line":166,"column":null}},"48":{"start":{"line":165,"column":4},"end":{"line":165,"column":60}},"49":{"start":{"line":168,"column":2},"end":{"line":168,"column":23}},"50":{"start":{"line":169,"column":2},"end":{"line":169,"column":20}},"51":{"start":{"line":171,"column":2},"end":{"line":171,"column":50}},"52":{"start":{"line":175,"column":20},"end":{"line":181,"column":1}},"53":{"start":{"line":176,"column":2},"end":{"line":176,"column":36}},"54":{"start":{"line":176,"column":19},"end":{"line":176,"column":36}},"55":{"start":{"line":177,"column":12},"end":{"line":177,"column":16}},"56":{"start":{"line":178,"column":16},"end":{"line":178,"column":49}},"57":{"start":{"line":179,"column":12},"end":{"line":179,"column":53}},"58":{"start":{"line":180,"column":2},"end":{"line":180,"column":74}},"59":{"start":{"line":183,"column":21},"end":{"line":200,"column":1}},"60":{"start":{"line":184,"column":18},"end":{"line":184,"column":39}},"61":{"start":{"line":185,"column":18},"end":{"line":185,"column":42}},"62":{"start":{"line":186,"column":16},"end":{"line":186,"column":40}},"63":{"start":{"line":187,"column":15},"end":{"line":187,"column":37}},"64":{"start":{"line":189,"column":25},"end":{"line":189,"column":35}},"65":{"start":{"line":190,"column":27},"end":{"line":190,"column":39}},"66":{"start":{"line":191,"column":27},"end":{"line":191,"column":39}},"67":{"start":{"line":193,"column":15},"end":{"line":193,"column":17}},"68":{"start":{"line":194,"column":2},"end":{"line":194,"column":38}},"69":{"start":{"line":194,"column":16},"end":{"line":194,"column":38}},"70":{"start":{"line":195,"column":2},"end":{"line":195,"column":70}},"71":{"start":{"line":195,"column":38},"end":{"line":195,"column":70}},"72":{"start":{"line":196,"column":2},"end":{"line":196,"column":96}},"73":{"start":{"line":196,"column":62},"end":{"line":196,"column":96}},"74":{"start":{"line":197,"column":2},"end":{"line":197,"column":35}},"75":{"start":{"line":199,"column":2},"end":{"line":199,"column":16}},"76":{"start":{"line":208,"column":26},"end":{"line":260,"column":1}},"77":{"start":{"line":209,"column":2},"end":{"line":259,"column":null}},"78":{"start":{"line":210,"column":4},"end":{"line":212,"column":null}},"79":{"start":{"line":211,"column":6},"end":{"line":211,"column":56}},"80":{"start":{"line":214,"column":18},"end":{"line":214,"column":42}},"81":{"start":{"line":215,"column":20},"end":{"line":215,"column":21}},"82":{"start":{"line":216,"column":20},"end":{"line":216,"column":21}},"83":{"start":{"line":217,"column":68},"end":{"line":217,"column":70}},"84":{"start":{"line":219,"column":4},"end":{"line":253,"column":null}},"85":{"start":{"line":220,"column":23},"end":{"line":220,"column":47}},"86":{"start":{"line":221,"column":19},"end":{"line":221,"column":41}},"87":{"start":{"line":223,"column":6},"end":{"line":252,"column":null}},"88":{"start":{"line":225,"column":25},"end":{"line":225,"column":58}},"89":{"start":{"line":226,"column":8},"end":{"line":226,"column":40}},"90":{"start":{"line":227,"column":8},"end":{"line":227,"column":40}},"91":{"start":{"line":230,"column":8},"end":{"line":237,"column":null}},"92":{"start":{"line":231,"column":10},"end":{"line":236,"column":null}},"93":{"start":{"line":232,"column":12},"end":{"line":232,"column":45}},"94":{"start":{"line":233,"column":12},"end":{"line":233,"column":43}},"95":{"start":{"line":235,"column":12},"end":{"line":235,"column":39}},"96":{"start":{"line":239,"column":8},"end":{"line":239,"column":20}},"97":{"start":{"line":240,"column":8},"end":{"line":240,"column":31}},"98":{"start":{"line":243,"column":20},"end":{"line":243,"column":52}},"99":{"start":{"line":244,"column":21},"end":{"line":244,"column":37}},"100":{"start":{"line":246,"column":8},"end":{"line":251,"column":null}},"101":{"start":{"line":247,"column":10},"end":{"line":247,"column":31}},"102":{"start":{"line":248,"column":10},"end":{"line":248,"column":41}},"103":{"start":{"line":250,"column":10},"end":{"line":250,"column":55}},"104":{"start":{"line":255,"column":4},"end":{"line":255,"column":44}},"105":{"start":{"line":257,"column":4},"end":{"line":257,"column":84}},"106":{"start":{"line":258,"column":4},"end":{"line":258,"column":54}},"107":{"start":{"line":262,"column":0},"end":{"line":262,"column":22}}},"fnMap":{"0":{"name":"(anonymous_1)","decl":{"start":{"line":20,"column":36},"end":{"line":20,"column":39}},"loc":{"start":{"line":20,"column":41},"end":{"line":22,"column":1}}},"1":{"name":"(anonymous_2)","decl":{"start":{"line":25,"column":39},"end":{"line":25,"column":40}},"loc":{"start":{"line":25,"column":60},"end":{"line":32,"column":1}}},"2":{"name":"(anonymous_3)","decl":{"start":{"line":38,"column":22},"end":{"line":38,"column":23}},"loc":{"start":{"line":38,"column":54},"end":{"line":56,"column":1}}},"3":{"name":"(anonymous_4)","decl":{"start":{"line":62,"column":21},"end":{"line":62,"column":26}},"loc":{"start":{"line":62,"column":59},"end":{"line":118,"column":1}}},"4":{"name":"(anonymous_5)","decl":{"start":{"line":124,"column":23},"end":{"line":124,"column":28}},"loc":{"start":{"line":124,"column":61},"end":{"line":156,"column":1}}},"5":{"name":"(anonymous_6)","decl":{"start":{"line":162,"column":22},"end":{"line":162,"column":23}},"loc":{"start":{"line":162,"column":54},"end":{"line":172,"column":1}}},"6":{"name":"(anonymous_7)","decl":{"start":{"line":175,"column":20},"end":{"line":175,"column":21}},"loc":{"start":{"line":175,"column":46},"end":{"line":181,"column":1}}},"7":{"name":"(anonymous_8)","decl":{"start":{"line":183,"column":21},"end":{"line":183,"column":22}},"loc":{"start":{"line":183,"column":44},"end":{"line":200,"column":1}}},"8":{"name":"(anonymous_9)","decl":{"start":{"line":208,"column":26},"end":{"line":208,"column":31}},"loc":{"start":{"line":208,"column":77},"end":{"line":260,"column":1}}}},"branchMap":{"0":{"loc":{"start":{"line":27,"column":2},"end":{"line":31,"column":null}},"type":"if","locations":[{"start":{"line":27,"column":2},"end":{"line":31,"column":null}},{"start":{"line":29,"column":9},"end":{"line":31,"column":null}}]},"1":{"loc":{"start":{"line":78,"column":24},"end":{"line":80,"column":11}},"type":"cond-expr","locations":[{"start":{"line":79,"column":8},"end":{"line":79,"column":59}},{"start":{"line":80,"column":8},"end":{"line":80,"column":11}}]},"2":{"loc":{"start":{"line":164,"column":2},"end":{"line":166,"column":null}},"type":"if","locations":[{"start":{"line":164,"column":2},"end":{"line":166,"column":null}}]},"3":{"loc":{"start":{"line":164,"column":6},"end":{"line":164,"column":81}},"type":"binary-expr","locations":[{"start":{"line":164,"column":6},"end":{"line":164,"column":28}},{"start":{"line":164,"column":32},"end":{"line":164,"column":48}},{"start":{"line":164,"column":52},"end":{"line":164,"column":81}}]},"4":{"loc":{"start":{"line":176,"column":2},"end":{"line":176,"column":36}},"type":"if","locations":[{"start":{"line":176,"column":2},"end":{"line":176,"column":36}}]},"5":{"loc":{"start":{"line":194,"column":2},"end":{"line":194,"column":38}},"type":"if","locations":[{"start":{"line":194,"column":2},"end":{"line":194,"column":38}}]},"6":{"loc":{"start":{"line":195,"column":2},"end":{"line":195,"column":70}},"type":"if","locations":[{"start":{"line":195,"column":2},"end":{"line":195,"column":70}}]},"7":{"loc":{"start":{"line":195,"column":6},"end":{"line":195,"column":36}},"type":"binary-expr","locations":[{"start":{"line":195,"column":6},"end":{"line":195,"column":24}},{"start":{"line":195,"column":28},"end":{"line":195,"column":36}}]},"8":{"loc":{"start":{"line":196,"column":2},"end":{"line":196,"column":96}},"type":"if","locations":[{"start":{"line":196,"column":2},"end":{"line":196,"column":96}}]},"9":{"loc":{"start":{"line":196,"column":6},"end":{"line":196,"column":60}},"type":"binary-expr","locations":[{"start":{"line":196,"column":6},"end":{"line":196,"column":26}},{"start":{"line":196,"column":30},"end":{"line":196,"column":48}},{"start":{"line":196,"column":52},"end":{"line":196,"column":60}}]},"10":{"loc":{"start":{"line":210,"column":4},"end":{"line":212,"column":null}},"type":"if","locations":[{"start":{"line":210,"column":4},"end":{"line":212,"column":null}}]},"11":{"loc":{"start":{"line":223,"column":6},"end":{"line":252,"column":null}},"type":"if","locations":[{"start":{"line":223,"column":6},"end":{"line":252,"column":null}},{"start":{"line":238,"column":13},"end":{"line":252,"column":null}}]},"12":{"loc":{"start":{"line":231,"column":10},"end":{"line":236,"column":null}},"type":"if","locations":[{"start":{"line":231,"column":10},"end":{"line":236,"column":null}},{"start":{"line":234,"column":17},"end":{"line":236,"column":null}}]},"13":{"loc":{"start":{"line":244,"column":21},"end":{"line":244,"column":37}},"type":"binary-expr","locations":[{"start":{"line":244,"column":21},"end":{"line":244,"column":24}},{"start":{"line":244,"column":28},"end":{"line":244,"column":37}}]},"14":{"loc":{"start":{"line":246,"column":8},"end":{"line":251,"column":null}},"type":"if","locations":[{"start":{"line":246,"column":8},"end":{"line":251,"column":null}},{"start":{"line":249,"column":15},"end":{"line":251,"column":null}}]}},"s":{"0":1,"1":1,"2":1,"3":1,"4":1,"5":1,"6":1,"7":1,"8":1,"9":1,"10":1,"11":1,"12":1,"13":2,"14":1,"15":1,"16":2,"17":2,"18":1,"19":1,"20":1,"21":1,"22":1,"23":1,"24":1,"25":1,"26":2,"27":2,"28":2,"29":2,"30":2,"31":2,"32":2,"33":2,"34":0,"35":0,"36":1,"37":1,"38":1,"39":1,"40":1,"41":1,"42":1,"43":1,"44":0,"45":0,"46":1,"47":1,"48":0,"49":1,"50":1,"51":1,"52":1,"53":21,"54":3,"55":18,"56":18,"57":18,"58":18,"59":1,"60":3,"61":3,"62":3,"63":3,"64":3,"65":3,"66":3,"67":3,"68":3,"69":0,"70":3,"71":0,"72":3,"73":0,"74":3,"75":3,"76":1,"77":2,"78":2,"79":0,"80":2,"81":2,"82":2,"83":2,"84":2,"85":0,"86":0,"87":0,"88":0,"89":0,"90":0,"91":0,"92":0,"93":0,"94":0,"95":0,"96":0,"97":0,"98":0,"99":0,"100":0,"101":0,"102":0,"103":0,"104":2,"105":0,"106":0,"107":1},"f":{"0":2,"1":2,"2":1,"3":2,"4":1,"5":1,"6":21,"7":3,"8":2},"b":{"0":[1,1],"1":[1,1],"2":[0],"3":[1,1,1],"4":[3],"5":[0],"6":[0],"7":[3,3],"8":[0],"9":[3,3,3],"10":[0],"11":[0,0],"12":[0,0],"13":[0,0],"14":[0,0]}}
,"/Users/guillermosierraaiello/dev/upload-system/server/src/routes/upload.routes.ts": {"path":"/Users/guillermosierraaiello/dev/upload-system/server/src/routes/upload.routes.ts","statementMap":{"0":{"start":{"line":1,"column":0},"end":{"line":1,"column":75}},"1":{"start":{"line":2,"column":0},"end":{"line":2,"column":28}},"2":{"start":{"line":3,"column":0},"end":{"line":3,"column":24}},"3":{"start":{"line":4,"column":0},"end":{"line":4,"column":29}},"4":{"start":{"line":5,"column":0},"end":{"line":5,"column":28}},"5":{"start":{"line":6,"column":0},"end":{"line":6,"column":130}},"6":{"start":{"line":7,"column":0},"end":{"line":7,"column":28}},"7":{"start":{"line":8,"column":0},"end":{"line":8,"column":30}},"8":{"start":{"line":10,"column":0},"end":{"line":10,"column":76}},"9":{"start":{"line":11,"column":0},"end":{"line":11,"column":43}},"10":{"start":{"line":13,"column":15},"end":{"line":13,"column":31}},"11":{"start":{"line":16,"column":32},"end":{"line":16,"column":36}},"12":{"start":{"line":19,"column":21},"end":{"line":19,"column":57}},"13":{"start":{"line":21,"column":0},"end":{"line":50,"column":null}},"14":{"start":{"line":22,"column":2},"end":{"line":47,"column":null}},"15":{"start":{"line":23,"column":4},"end":{"line":29,"column":7}},"16":{"start":{"line":26,"column":27},"end":{"line":26,"column":31}},"17":{"start":{"line":32,"column":4},"end":{"line":38,"column":7}},"18":{"start":{"line":33,"column":6},"end":{"line":37,"column":null}},"19":{"start":{"line":34,"column":8},"end":{"line":34,"column":77}},"20":{"start":{"line":35,"column":8},"end":{"line":35,"column":33}},"21":{"start":{"line":36,"column":8},"end":{"line":36,"column":27}},"22":{"start":{"line":41,"column":4},"end":{"line":43,"column":7}},"23":{"start":{"line":42,"column":6},"end":{"line":42,"column":51}},"24":{"start":{"line":45,"column":4},"end":{"line":45,"column":88}},"25":{"start":{"line":46,"column":4},"end":{"line":46,"column":23}},"26":{"start":{"line":49,"column":2},"end":{"line":49,"column":89}},"27":{"start":{"line":69,"column":27},"end":{"line":69,"column":58}},"28":{"start":{"line":72,"column":21},"end":{"line":83,"column":2}},"29":{"start":{"line":86,"column":16},"end":{"line":86,"column":38}},"30":{"start":{"line":87,"column":15},"end":{"line":92,"column":2}},"31":{"start":{"line":100,"column":20},"end":{"line":106,"column":1}},"32":{"start":{"line":101,"column":2},"end":{"line":101,"column":58}},"33":{"start":{"line":102,"column":2},"end":{"line":105,"column":5}},"34":{"start":{"line":124,"column":25},"end":{"line":180,"column":1}},"35":{"start":{"line":128,"column":2},"end":{"line":179,"column":null}},"36":{"start":{"line":131,"column":4},"end":{"line":173,"column":null}},"37":{"start":{"line":132,"column":34},"end":{"line":132,"column":75}},"38":{"start":{"line":133,"column":28},"end":{"line":133,"column":86}},"39":{"start":{"line":136,"column":6},"end":{"line":136,"column":51}},"40":{"start":{"line":138,"column":6},"end":{"line":146,"column":null}},"41":{"start":{"line":139,"column":10},"end":{"line":139,"column":72}},"42":{"start":{"line":140,"column":13},"end":{"line":146,"column":null}},"43":{"start":{"line":141,"column":10},"end":{"line":141,"column":60}},"44":{"start":{"line":142,"column":13},"end":{"line":146,"column":null}},"45":{"start":{"line":143,"column":10},"end":{"line":143,"column":69}},"46":{"start":{"line":145,"column":11},"end":{"line":145,"column":44}},"47":{"start":{"line":148,"column":6},"end":{"line":150,"column":null}},"48":{"start":{"line":149,"column":8},"end":{"line":149,"column":50}},"49":{"start":{"line":152,"column":6},"end":{"line":152,"column":98}},"50":{"start":{"line":154,"column":22},"end":{"line":154,"column":52}},"51":{"start":{"line":155,"column":24},"end":{"line":155,"column":63}},"52":{"start":{"line":158,"column":6},"end":{"line":165,"column":null}},"53":{"start":{"line":159,"column":10},"end":{"line":159,"column":71}},"54":{"start":{"line":160,"column":13},"end":{"line":165,"column":null}},"55":{"start":{"line":161,"column":10},"end":{"line":161,"column":55}},"56":{"start":{"line":162,"column":13},"end":{"line":165,"column":null}},"57":{"start":{"line":164,"column":10},"end":{"line":164,"column":55}},"58":{"start":{"line":167,"column":6},"end":{"line":169,"column":null}},"59":{"start":{"line":168,"column":8},"end":{"line":168,"column":47}},"60":{"start":{"line":171,"column":6},"end":{"line":171,"column":48}},"61":{"start":{"line":172,"column":6},"end":{"line":172,"column":31}},"62":{"start":{"line":174,"column":5},"end":{"line":174,"column":74}},"63":{"start":{"line":175,"column":5},"end":{"line":175,"column":25}},"64":{"start":{"line":177,"column":4},"end":{"line":177,"column":73}},"65":{"start":{"line":178,"column":4},"end":{"line":178,"column":16}},"66":{"start":{"line":183,"column":24},"end":{"line":205,"column":1}},"67":{"start":{"line":184,"column":2},"end":{"line":204,"column":null}},"68":{"start":{"line":185,"column":4},"end":{"line":200,"column":null}},"69":{"start":{"line":186,"column":27},"end":{"line":186,"column":68}},"70":{"start":{"line":187,"column":6},"end":{"line":187,"column":37}},"71":{"start":{"line":187,"column":25},"end":{"line":187,"column":37}},"72":{"start":{"line":188,"column":21},"end":{"line":188,"column":45}},"73":{"start":{"line":190,"column":6},"end":{"line":190,"column":67}},"74":{"start":{"line":191,"column":6},"end":{"line":191,"column":36}},"75":{"start":{"line":193,"column":22},"end":{"line":193,"column":52}},"76":{"start":{"line":194,"column":7},"end":{"line":194,"column":32}},"77":{"start":{"line":194,"column":20},"end":{"line":194,"column":32}},"78":{"start":{"line":196,"column":7},"end":{"line":198,"column":null}},"79":{"start":{"line":197,"column":9},"end":{"line":197,"column":108}},"80":{"start":{"line":199,"column":7},"end":{"line":199,"column":21}},"81":{"start":{"line":202,"column":4},"end":{"line":202,"column":73}},"82":{"start":{"line":203,"column":4},"end":{"line":203,"column":16}},"83":{"start":{"line":209,"column":27},"end":{"line":209,"column":132}},"84":{"start":{"line":210,"column":17},"end":{"line":210,"column":60}},"85":{"start":{"line":213,"column":23},"end":{"line":232,"column":1}},"86":{"start":{"line":214,"column":19},"end":{"line":214,"column":36}},"87":{"start":{"line":215,"column":4},"end":{"line":218,"column":null}},"88":{"start":{"line":216,"column":8},"end":{"line":216,"column":65}},"89":{"start":{"line":217,"column":8},"end":{"line":217,"column":76}},"90":{"start":{"line":219,"column":4},"end":{"line":231,"column":null}},"91":{"start":{"line":220,"column":23},"end":{"line":220,"column":52}},"92":{"start":{"line":221,"column":8},"end":{"line":224,"column":null}},"93":{"start":{"line":222,"column":12},"end":{"line":222,"column":71}},"94":{"start":{"line":223,"column":12},"end":{"line":223,"column":82}},"95":{"start":{"line":226,"column":9},"end":{"line":226,"column":43}},"96":{"start":{"line":227,"column":8},"end":{"line":227,"column":15}},"97":{"start":{"line":229,"column":8},"end":{"line":229,"column":68}},"98":{"start":{"line":230,"column":8},"end":{"line":230,"column":78}},"99":{"start":{"line":238,"column":0},"end":{"line":283,"column":3}},"100":{"start":{"line":239,"column":2},"end":{"line":282,"column":null}},"101":{"start":{"line":240,"column":66},"end":{"line":240,"column":74}},"102":{"start":{"line":242,"column":4},"end":{"line":246,"column":null}},"103":{"start":{"line":243,"column":6},"end":{"line":245,"column":9}},"104":{"start":{"line":257,"column":19},"end":{"line":257,"column":57}},"105":{"start":{"line":260,"column":40},"end":{"line":269,"column":6}},"106":{"start":{"line":271,"column":4},"end":{"line":279,"column":null}},"107":{"start":{"line":273,"column":6},"end":{"line":273,"column":52}},"108":{"start":{"line":274,"column":6},"end":{"line":274,"column":78}},"109":{"start":{"line":275,"column":6},"end":{"line":275,"column":84}},"110":{"start":{"line":277,"column":6},"end":{"line":277,"column":74}},"111":{"start":{"line":278,"column":6},"end":{"line":278,"column":80}},"112":{"start":{"line":281,"column":4},"end":{"line":281,"column":61}},"113":{"start":{"line":289,"column":0},"end":{"line":359,"column":3}},"114":{"start":{"line":290,"column":48},"end":{"line":290,"column":58}},"115":{"start":{"line":291,"column":21},"end":{"line":291,"column":48}},"116":{"start":{"line":292,"column":17},"end":{"line":292,"column":56}},"117":{"start":{"line":293,"column":18},"end":{"line":293,"column":58}},"118":{"start":{"line":295,"column":2},"end":{"line":298,"column":null}},"119":{"start":{"line":296,"column":4},"end":{"line":296,"column":78}},"120":{"start":{"line":297,"column":4},"end":{"line":297,"column":71}},"121":{"start":{"line":300,"column":2},"end":{"line":303,"column":null}},"122":{"start":{"line":301,"column":4},"end":{"line":301,"column":83}},"123":{"start":{"line":302,"column":4},"end":{"line":302,"column":73}},"124":{"start":{"line":305,"column":2},"end":{"line":358,"column":null}},"125":{"start":{"line":306,"column":4},"end":{"line":309,"column":null}},"126":{"start":{"line":307,"column":6},"end":{"line":307,"column":78}},"127":{"start":{"line":308,"column":6},"end":{"line":308,"column":72}},"128":{"start":{"line":311,"column":4},"end":{"line":314,"column":null}},"129":{"start":{"line":312,"column":6},"end":{"line":312,"column":72}},"130":{"start":{"line":313,"column":6},"end":{"line":313,"column":72}},"131":{"start":{"line":317,"column":4},"end":{"line":324,"column":null}},"132":{"start":{"line":323,"column":7},"end":{"line":323,"column":130}},"133":{"start":{"line":327,"column":4},"end":{"line":330,"column":null}},"134":{"start":{"line":328,"column":6},"end":{"line":328,"column":70}},"135":{"start":{"line":329,"column":6},"end":{"line":329,"column":68}},"136":{"start":{"line":333,"column":4},"end":{"line":333,"column":57}},"137":{"start":{"line":334,"column":4},"end":{"line":334,"column":59}},"138":{"start":{"line":337,"column":4},"end":{"line":337,"column":42}},"139":{"start":{"line":338,"column":4},"end":{"line":338,"column":41}},"140":{"start":{"line":339,"column":4},"end":{"line":342,"column":7}},"141":{"start":{"line":344,"column":4},"end":{"line":344,"column":70}},"142":{"start":{"line":347,"column":25},"end":{"line":347,"column":79}},"143":{"start":{"line":348,"column":23},"end":{"line":348,"column":71}},"144":{"start":{"line":350,"column":4},"end":{"line":355,"column":7}},"145":{"start":{"line":357,"column":4},"end":{"line":357,"column":76}},"146":{"start":{"line":362,"column":36},"end":{"line":381,"column":1}},"147":{"start":{"line":364,"column":25},"end":{"line":364,"column":64}},"148":{"start":{"line":365,"column":23},"end":{"line":365,"column":54}},"149":{"start":{"line":367,"column":2},"end":{"line":380,"column":null}},"150":{"start":{"line":368,"column":4},"end":{"line":372,"column":null}},"151":{"start":{"line":369,"column":6},"end":{"line":369,"column":48}},"152":{"start":{"line":371,"column":6},"end":{"line":371,"column":40}},"153":{"start":{"line":373,"column":4},"end":{"line":373,"column":68}},"154":{"start":{"line":376,"column":4},"end":{"line":376,"column":29}},"155":{"start":{"line":379,"column":4},"end":{"line":379,"column":108}},"156":{"start":{"line":387,"column":0},"end":{"line":470,"column":3}},"157":{"start":{"line":388,"column":21},"end":{"line":388,"column":31}},"158":{"start":{"line":389,"column":17},"end":{"line":389,"column":56}},"159":{"start":{"line":390,"column":18},"end":{"line":390,"column":58}},"160":{"start":{"line":391,"column":29},"end":{"line":391,"column":37}},"161":{"start":{"line":393,"column":2},"end":{"line":409,"column":null}},"162":{"start":{"line":394,"column":4},"end":{"line":394,"column":75}},"163":{"start":{"line":396,"column":4},"end":{"line":408,"column":null}},"164":{"start":{"line":397,"column":6},"end":{"line":404,"column":null}},"165":{"start":{"line":398,"column":8},"end":{"line":398,"column":41}},"166":{"start":{"line":399,"column":24},"end":{"line":399,"column":113}},"167":{"start":{"line":400,"column":8},"end":{"line":400,"column":112}},"168":{"start":{"line":402,"column":8},"end":{"line":402,"column":120}},"169":{"start":{"line":407,"column":6},"end":{"line":407,"column":115}},"170":{"start":{"line":411,"column":2},"end":{"line":418,"column":null}},"171":{"start":{"line":412,"column":4},"end":{"line":412,"column":146}},"172":{"start":{"line":413,"column":4},"end":{"line":417,"column":7}},"173":{"start":{"line":415,"column":71},"end":{"line":415,"column":76}},"174":{"start":{"line":420,"column":24},"end":{"line":420,"column":39}},"175":{"start":{"line":424,"column":2},"end":{"line":469,"column":null}},"176":{"start":{"line":426,"column":27},"end":{"line":426,"column":105}},"177":{"start":{"line":427,"column":4},"end":{"line":427,"column":110}},"178":{"start":{"line":430,"column":22},"end":{"line":430,"column":41}},"179":{"start":{"line":431,"column":4},"end":{"line":431,"column":94}},"180":{"start":{"line":434,"column":4},"end":{"line":440,"column":null}},"181":{"start":{"line":435,"column":6},"end":{"line":435,"column":99}},"182":{"start":{"line":437,"column":6},"end":{"line":437,"column":137}},"183":{"start":{"line":437,"column":56},"end":{"line":437,"column":135}},"184":{"start":{"line":438,"column":6},"end":{"line":438,"column":56}},"185":{"start":{"line":439,"column":6},"end":{"line":439,"column":94}},"186":{"start":{"line":443,"column":4},"end":{"line":443,"column":30}},"187":{"start":{"line":444,"column":4},"end":{"line":444,"column":42}},"188":{"start":{"line":445,"column":4},"end":{"line":445,"column":31}},"189":{"start":{"line":446,"column":4},"end":{"line":446,"column":41}},"190":{"start":{"line":449,"column":4},"end":{"line":455,"column":7}},"191":{"start":{"line":460,"column":20},"end":{"line":460,"column":38}},"192":{"start":{"line":461,"column":4},"end":{"line":461,"column":87}},"193":{"start":{"line":462,"column":4},"end":{"line":462,"column":112}},"194":{"start":{"line":465,"column":4},"end":{"line":465,"column":75}},"195":{"start":{"line":467,"column":4},"end":{"line":467,"column":164}},"196":{"start":{"line":467,"column":70},"end":{"line":467,"column":162}},"197":{"start":{"line":468,"column":4},"end":{"line":468,"column":66}},"198":{"start":{"line":476,"column":0},"end":{"line":504,"column":3}},"199":{"start":{"line":477,"column":2},"end":{"line":503,"column":null}},"200":{"start":{"line":478,"column":23},"end":{"line":478,"column":33}},"201":{"start":{"line":481,"column":19},"end":{"line":481,"column":48}},"202":{"start":{"line":483,"column":4},"end":{"line":487,"column":null}},"203":{"start":{"line":484,"column":6},"end":{"line":486,"column":9}},"204":{"start":{"line":489,"column":4},"end":{"line":500,"column":7}},"205":{"start":{"line":502,"column":4},"end":{"line":502,"column":72}},"206":{"start":{"line":510,"column":0},"end":{"line":533,"column":3}},"207":{"start":{"line":511,"column":21},"end":{"line":511,"column":31}},"208":{"start":{"line":512,"column":18},"end":{"line":512,"column":58}},"209":{"start":{"line":514,"column":2},"end":{"line":516,"column":null}},"210":{"start":{"line":515,"column":4},"end":{"line":515,"column":74}},"211":{"start":{"line":517,"column":2},"end":{"line":519,"column":null}},"212":{"start":{"line":518,"column":4},"end":{"line":518,"column":71}},"213":{"start":{"line":521,"column":2},"end":{"line":521,"column":25}},"214":{"start":{"line":522,"column":2},"end":{"line":522,"column":39}},"215":{"start":{"line":524,"column":2},"end":{"line":532,"column":null}},"216":{"start":{"line":526,"column":4},"end":{"line":526,"column":98}},"217":{"start":{"line":527,"column":4},"end":{"line":527,"column":54}},"218":{"start":{"line":528,"column":4},"end":{"line":528,"column":69}},"219":{"start":{"line":530,"column":4},"end":{"line":530,"column":72}},"220":{"start":{"line":531,"column":4},"end":{"line":531,"column":65}},"221":{"start":{"line":539,"column":0},"end":{"line":566,"column":3}},"222":{"start":{"line":540,"column":21},"end":{"line":540,"column":31}},"223":{"start":{"line":541,"column":18},"end":{"line":541,"column":58}},"224":{"start":{"line":543,"column":2},"end":{"line":545,"column":null}},"225":{"start":{"line":544,"column":4},"end":{"line":544,"column":74}},"226":{"start":{"line":546,"column":2},"end":{"line":548,"column":null}},"227":{"start":{"line":547,"column":4},"end":{"line":547,"column":70}},"228":{"start":{"line":550,"column":2},"end":{"line":550,"column":26}},"229":{"start":{"line":551,"column":2},"end":{"line":551,"column":39}},"230":{"start":{"line":553,"column":2},"end":{"line":565,"column":null}},"231":{"start":{"line":555,"column":4},"end":{"line":555,"column":99}},"232":{"start":{"line":556,"column":4},"end":{"line":556,"column":55}},"233":{"start":{"line":557,"column":4},"end":{"line":561,"column":7}},"234":{"start":{"line":560,"column":71},"end":{"line":560,"column":76}},"235":{"start":{"line":563,"column":4},"end":{"line":563,"column":73}},"236":{"start":{"line":564,"column":4},"end":{"line":564,"column":66}},"237":{"start":{"line":572,"column":0},"end":{"line":602,"column":3}},"238":{"start":{"line":573,"column":21},"end":{"line":573,"column":31}},"239":{"start":{"line":574,"column":18},"end":{"line":574,"column":58}},"240":{"start":{"line":576,"column":2},"end":{"line":576,"column":69}},"241":{"start":{"line":578,"column":2},"end":{"line":601,"column":null}},"242":{"start":{"line":580,"column":4},"end":{"line":580,"column":54}},"243":{"start":{"line":583,"column":4},"end":{"line":593,"column":null}},"244":{"start":{"line":584,"column":6},"end":{"line":592,"column":null}},"245":{"start":{"line":585,"column":8},"end":{"line":585,"column":41}},"246":{"start":{"line":586,"column":8},"end":{"line":586,"column":92}},"247":{"start":{"line":589,"column":8},"end":{"line":591,"column":null}},"248":{"start":{"line":590,"column":10},"end":{"line":590,"column":109}},"249":{"start":{"line":595,"column":4},"end":{"line":595,"column":86}},"250":{"start":{"line":596,"column":4},"end":{"line":596,"column":87}},"251":{"start":{"line":599,"column":4},"end":{"line":599,"column":75}},"252":{"start":{"line":600,"column":4},"end":{"line":600,"column":89}},"253":{"start":{"line":615,"column":53},"end":{"line":615,"column":57}},"254":{"start":{"line":616,"column":63},"end":{"line":616,"column":67}},"255":{"start":{"line":618,"column":0},"end":{"line":668,"column":null}},"256":{"start":{"line":620,"column":4},"end":{"line":660,"column":null}},"257":{"start":{"line":621,"column":9},"end":{"line":626,"column":12}},"258":{"start":{"line":627,"column":9},"end":{"line":627,"column":62}},"259":{"start":{"line":628,"column":11},"end":{"line":660,"column":null}},"260":{"start":{"line":630,"column":8},"end":{"line":640,"column":12}},"261":{"start":{"line":631,"column":13},"end":{"line":639,"column":null}},"262":{"start":{"line":632,"column":17},"end":{"line":637,"column":20}},"263":{"start":{"line":638,"column":17},"end":{"line":638,"column":87}},"264":{"start":{"line":641,"column":9},"end":{"line":651,"column":12}},"265":{"start":{"line":642,"column":13},"end":{"line":642,"column":124}},"266":{"start":{"line":643,"column":13},"end":{"line":650,"column":null}},"267":{"start":{"line":644,"column":17},"end":{"line":648,"column":20}},"268":{"start":{"line":649,"column":18},"end":{"line":649,"column":88}},"269":{"start":{"line":654,"column":8},"end":{"line":654,"column":92}},"270":{"start":{"line":655,"column":8},"end":{"line":659,"column":11}},"271":{"start":{"line":662,"column":4},"end":{"line":662,"column":79}},"272":{"start":{"line":663,"column":5},"end":{"line":667,"column":8}},"273":{"start":{"line":672,"column":28},"end":{"line":686,"column":1}},"274":{"start":{"line":673,"column":4},"end":{"line":676,"column":null}},"275":{"start":{"line":674,"column":8},"end":{"line":674,"column":74}},"276":{"start":{"line":675,"column":8},"end":{"line":675,"column":22}},"277":{"start":{"line":678,"column":16},"end":{"line":678,"column":38}},"278":{"start":{"line":679,"column":4},"end":{"line":685,"column":null}},"279":{"start":{"line":680,"column":8},"end":{"line":680,"column":39}},"280":{"start":{"line":681,"column":8},"end":{"line":681,"column":15}},"281":{"start":{"line":683,"column":8},"end":{"line":683,"column":57}},"282":{"start":{"line":684,"column":8},"end":{"line":684,"column":88}},"283":{"start":{"line":689,"column":0},"end":{"line":689,"column":62}},"284":{"start":{"line":690,"column":0},"end":{"line":690,"column":53}},"285":{"start":{"line":691,"column":0},"end":{"line":691,"column":41}},"286":{"start":{"line":695,"column":0},"end":{"line":695,"column":22}}},"fnMap":{"0":{"name":"(anonymous_1)","decl":{"start":{"line":26,"column":21},"end":{"line":26,"column":24}},"loc":{"start":{"line":26,"column":27},"end":{"line":26,"column":31}}},"1":{"name":"(anonymous_2)","decl":{"start":{"line":32,"column":28},"end":{"line":32,"column":29}},"loc":{"start":{"line":32,"column":36},"end":{"line":38,"column":5}}},"2":{"name":"(anonymous_3)","decl":{"start":{"line":41,"column":30},"end":{"line":41,"column":33}},"loc":{"start":{"line":41,"column":35},"end":{"line":43,"column":5}}},"3":{"name":"(anonymous_4)","decl":{"start":{"line":100,"column":20},"end":{"line":100,"column":21}},"loc":{"start":{"line":100,"column":67},"end":{"line":106,"column":1}}},"4":{"name":"(anonymous_5)","decl":{"start":{"line":124,"column":25},"end":{"line":124,"column":30}},"loc":{"start":{"line":127,"column":4},"end":{"line":180,"column":1}}},"5":{"name":"(anonymous_6)","decl":{"start":{"line":183,"column":24},"end":{"line":183,"column":29}},"loc":{"start":{"line":183,"column":79},"end":{"line":205,"column":1}}},"6":{"name":"(anonymous_7)","decl":{"start":{"line":213,"column":23},"end":{"line":213,"column":28}},"loc":{"start":{"line":213,"column":81},"end":{"line":232,"column":1}}},"7":{"name":"(anonymous_8)","decl":{"start":{"line":238,"column":21},"end":{"line":238,"column":26}},"loc":{"start":{"line":238,"column":59},"end":{"line":283,"column":1}}},"8":{"name":"(anonymous_9)","decl":{"start":{"line":289,"column":82},"end":{"line":289,"column":87}},"loc":{"start":{"line":289,"column":120},"end":{"line":359,"column":1}}},"9":{"name":"(anonymous_10)","decl":{"start":{"line":362,"column":36},"end":{"line":362,"column":41}},"loc":{"start":{"line":362,"column":90},"end":{"line":381,"column":1}}},"10":{"name":"(anonymous_11)","decl":{"start":{"line":387,"column":49},"end":{"line":387,"column":54}},"loc":{"start":{"line":387,"column":87},"end":{"line":470,"column":1}}},"11":{"name":"(anonymous_12)","decl":{"start":{"line":415,"column":61},"end":{"line":415,"column":62}},"loc":{"start":{"line":415,"column":71},"end":{"line":415,"column":76}}},"12":{"name":"(anonymous_13)","decl":{"start":{"line":437,"column":49},"end":{"line":437,"column":52}},"loc":{"start":{"line":437,"column":56},"end":{"line":437,"column":135}}},"13":{"name":"(anonymous_14)","decl":{"start":{"line":467,"column":60},"end":{"line":467,"column":66}},"loc":{"start":{"line":467,"column":70},"end":{"line":467,"column":162}}},"14":{"name":"(anonymous_15)","decl":{"start":{"line":476,"column":30},"end":{"line":476,"column":35}},"loc":{"start":{"line":476,"column":68},"end":{"line":504,"column":1}}},"15":{"name":"(anonymous_16)","decl":{"start":{"line":510,"column":45},"end":{"line":510,"column":50}},"loc":{"start":{"line":510,"column":83},"end":{"line":533,"column":1}}},"16":{"name":"(anonymous_17)","decl":{"start":{"line":539,"column":46},"end":{"line":539,"column":51}},"loc":{"start":{"line":539,"column":84},"end":{"line":566,"column":1}}},"17":{"name":"(anonymous_18)","decl":{"start":{"line":560,"column":61},"end":{"line":560,"column":62}},"loc":{"start":{"line":560,"column":71},"end":{"line":560,"column":76}}},"18":{"name":"(anonymous_19)","decl":{"start":{"line":572,"column":49},"end":{"line":572,"column":54}},"loc":{"start":{"line":572,"column":87},"end":{"line":602,"column":1}}},"19":{"name":"(anonymous_20)","decl":{"start":{"line":630,"column":32},"end":{"line":630,"column":35}},"loc":{"start":{"line":630,"column":37},"end":{"line":640,"column":10}}},"20":{"name":"(anonymous_21)","decl":{"start":{"line":641,"column":33},"end":{"line":641,"column":34}},"loc":{"start":{"line":641,"column":41},"end":{"line":651,"column":10}}},"21":{"name":"(anonymous_22)","decl":{"start":{"line":672,"column":28},"end":{"line":672,"column":33}},"loc":{"start":{"line":672,"column":86},"end":{"line":686,"column":1}}}},"branchMap":{"0":{"loc":{"start":{"line":21,"column":0},"end":{"line":50,"column":null}},"type":"if","locations":[{"start":{"line":21,"column":0},"end":{"line":50,"column":null}},{"start":{"line":48,"column":7},"end":{"line":50,"column":null}}]},"1":{"loc":{"start":{"line":24,"column":12},"end":{"line":24,"column":49}},"type":"binary-expr","locations":[{"start":{"line":24,"column":12},"end":{"line":24,"column":34}},{"start":{"line":24,"column":38},"end":{"line":24,"column":49}}]},"2":{"loc":{"start":{"line":25,"column":21},"end":{"line":25,"column":53}},"type":"binary-expr","locations":[{"start":{"line":25,"column":21},"end":{"line":25,"column":43}},{"start":{"line":25,"column":47},"end":{"line":25,"column":53}}]},"3":{"loc":{"start":{"line":33,"column":6},"end":{"line":37,"column":null}},"type":"if","locations":[{"start":{"line":33,"column":6},"end":{"line":37,"column":null}}]},"4":{"loc":{"start":{"line":90,"column":23},"end":{"line":90,"column":62}},"type":"binary-expr","locations":[{"start":{"line":90,"column":23},"end":{"line":90,"column":48}},{"start":{"line":90,"column":52},"end":{"line":90,"column":62}}]},"5":{"loc":{"start":{"line":131,"column":4},"end":{"line":173,"column":null}},"type":"if","locations":[{"start":{"line":131,"column":4},"end":{"line":173,"column":null}},{"start":{"line":153,"column":11},"end":{"line":173,"column":null}}]},"6":{"loc":{"start":{"line":133,"column":28},"end":{"line":133,"column":86}},"type":"cond-expr","locations":[{"start":{"line":133,"column":50},"end":{"line":133,"column":81}},{"start":{"line":133,"column":84},"end":{"line":133,"column":86}}]},"7":{"loc":{"start":{"line":138,"column":6},"end":{"line":146,"column":null}},"type":"if","locations":[{"start":{"line":138,"column":6},"end":{"line":146,"column":null}},{"start":{"line":140,"column":13},"end":{"line":146,"column":null}}]},"8":{"loc":{"start":{"line":140,"column":13},"end":{"line":146,"column":null}},"type":"if","locations":[{"start":{"line":140,"column":13},"end":{"line":146,"column":null}},{"start":{"line":142,"column":13},"end":{"line":146,"column":null}}]},"9":{"loc":{"start":{"line":140,"column":17},"end":{"line":140,"column":74}},"type":"binary-expr","locations":[{"start":{"line":140,"column":17},"end":{"line":140,"column":36}},{"start":{"line":140,"column":40},"end":{"line":140,"column":74}}]},"10":{"loc":{"start":{"line":142,"column":13},"end":{"line":146,"column":null}},"type":"if","locations":[{"start":{"line":142,"column":13},"end":{"line":146,"column":null}},{"start":{"line":144,"column":13},"end":{"line":146,"column":null}}]},"11":{"loc":{"start":{"line":142,"column":17},"end":{"line":142,"column":69}},"type":"binary-expr","locations":[{"start":{"line":142,"column":17},"end":{"line":142,"column":45}},{"start":{"line":142,"column":49},"end":{"line":142,"column":69}}]},"12":{"loc":{"start":{"line":148,"column":6},"end":{"line":150,"column":null}},"type":"if","locations":[{"start":{"line":148,"column":6},"end":{"line":150,"column":null}}]},"13":{"loc":{"start":{"line":158,"column":6},"end":{"line":165,"column":null}},"type":"if","locations":[{"start":{"line":158,"column":6},"end":{"line":165,"column":null}},{"start":{"line":160,"column":13},"end":{"line":165,"column":null}}]},"14":{"loc":{"start":{"line":160,"column":13},"end":{"line":165,"column":null}},"type":"if","locations":[{"start":{"line":160,"column":13},"end":{"line":165,"column":null}},{"start":{"line":162,"column":13},"end":{"line":165,"column":null}}]},"15":{"loc":{"start":{"line":162,"column":13},"end":{"line":165,"column":null}},"type":"if","locations":[{"start":{"line":162,"column":13},"end":{"line":165,"column":null}}]},"16":{"loc":{"start":{"line":167,"column":6},"end":{"line":169,"column":null}},"type":"if","locations":[{"start":{"line":167,"column":6},"end":{"line":169,"column":null}}]},"17":{"loc":{"start":{"line":185,"column":4},"end":{"line":200,"column":null}},"type":"if","locations":[{"start":{"line":185,"column":4},"end":{"line":200,"column":null}},{"start":{"line":192,"column":11},"end":{"line":200,"column":null}}]},"18":{"loc":{"start":{"line":187,"column":6},"end":{"line":187,"column":37}},"type":"if","locations":[{"start":{"line":187,"column":6},"end":{"line":187,"column":37}}]},"19":{"loc":{"start":{"line":190,"column":38},"end":{"line":190,"column":65}},"type":"binary-expr","locations":[{"start":{"line":190,"column":38},"end":{"line":190,"column":59}},{"start":{"line":190,"column":63},"end":{"line":190,"column":65}}]},"20":{"loc":{"start":{"line":194,"column":7},"end":{"line":194,"column":32}},"type":"if","locations":[{"start":{"line":194,"column":7},"end":{"line":194,"column":32}}]},"21":{"loc":{"start":{"line":196,"column":7},"end":{"line":198,"column":null}},"type":"if","locations":[{"start":{"line":196,"column":7},"end":{"line":198,"column":null}}]},"22":{"loc":{"start":{"line":197,"column":41},"end":{"line":197,"column":106}},"type":"cond-expr","locations":[{"start":{"line":197,"column":80},"end":{"line":197,"column":101}},{"start":{"line":197,"column":104},"end":{"line":197,"column":106}}]},"23":{"loc":{"start":{"line":209,"column":28},"end":{"line":209,"column":120}},"type":"binary-expr","locations":[{"start":{"line":209,"column":28},"end":{"line":209,"column":58}},{"start":{"line":209,"column":62},"end":{"line":209,"column":120}}]},"24":{"loc":{"start":{"line":215,"column":4},"end":{"line":218,"column":null}},"type":"if","locations":[{"start":{"line":215,"column":4},"end":{"line":218,"column":null}}]},"25":{"loc":{"start":{"line":215,"column":8},"end":{"line":215,"column":50}},"type":"binary-expr","locations":[{"start":{"line":215,"column":8},"end":{"line":215,"column":15}},{"start":{"line":215,"column":19},"end":{"line":215,"column":50}}]},"26":{"loc":{"start":{"line":221,"column":8},"end":{"line":224,"column":null}},"type":"if","locations":[{"start":{"line":221,"column":8},"end":{"line":224,"column":null}}]},"27":{"loc":{"start":{"line":242,"column":4},"end":{"line":246,"column":null}},"type":"if","locations":[{"start":{"line":242,"column":4},"end":{"line":246,"column":null}}]},"28":{"loc":{"start":{"line":242,"column":8},"end":{"line":242,"column":59}},"type":"binary-expr","locations":[{"start":{"line":242,"column":8},"end":{"line":242,"column":17}},{"start":{"line":242,"column":21},"end":{"line":242,"column":30}},{"start":{"line":242,"column":34},"end":{"line":242,"column":43}},{"start":{"line":242,"column":47},"end":{"line":242,"column":59}}]},"29":{"loc":{"start":{"line":295,"column":2},"end":{"line":298,"column":null}},"type":"if","locations":[{"start":{"line":295,"column":2},"end":{"line":298,"column":null}}]},"30":{"loc":{"start":{"line":300,"column":2},"end":{"line":303,"column":null}},"type":"if","locations":[{"start":{"line":300,"column":2},"end":{"line":303,"column":null}}]},"31":{"loc":{"start":{"line":300,"column":6},"end":{"line":300,"column":77}},"type":"binary-expr","locations":[{"start":{"line":300,"column":6},"end":{"line":300,"column":23}},{"start":{"line":300,"column":27},"end":{"line":300,"column":41}},{"start":{"line":300,"column":45},"end":{"line":300,"column":77}}]},"32":{"loc":{"start":{"line":306,"column":4},"end":{"line":309,"column":null}},"type":"if","locations":[{"start":{"line":306,"column":4},"end":{"line":309,"column":null}}]},"33":{"loc":{"start":{"line":311,"column":4},"end":{"line":314,"column":null}},"type":"if","locations":[{"start":{"line":311,"column":4},"end":{"line":314,"column":null}}]},"34":{"loc":{"start":{"line":317,"column":4},"end":{"line":324,"column":null}},"type":"if","locations":[{"start":{"line":317,"column":4},"end":{"line":324,"column":null}}]},"35":{"loc":{"start":{"line":317,"column":8},"end":{"line":317,"column":53}},"type":"binary-expr","locations":[{"start":{"line":317,"column":8},"end":{"line":317,"column":24}},{"start":{"line":317,"column":28},"end":{"line":317,"column":53}}]},"36":{"loc":{"start":{"line":327,"column":4},"end":{"line":330,"column":null}},"type":"if","locations":[{"start":{"line":327,"column":4},"end":{"line":330,"column":null}}]},"37":{"loc":{"start":{"line":347,"column":25},"end":{"line":347,"column":79}},"type":"cond-expr","locations":[{"start":{"line":347,"column":50},"end":{"line":347,"column":63}},{"start":{"line":347,"column":66},"end":{"line":347,"column":79}}]},"38":{"loc":{"start":{"line":348,"column":23},"end":{"line":348,"column":71}},"type":"cond-expr","locations":[{"start":{"line":348,"column":48},"end":{"line":348,"column":59}},{"start":{"line":348,"column":62},"end":{"line":348,"column":71}}]},"39":{"loc":{"start":{"line":364,"column":25},"end":{"line":364,"column":64}},"type":"binary-expr","locations":[{"start":{"line":364,"column":25},"end":{"line":364,"column":31}},{"start":{"line":364,"column":35},"end":{"line":364,"column":64}}]},"40":{"loc":{"start":{"line":365,"column":23},"end":{"line":365,"column":54}},"type":"binary-expr","locations":[{"start":{"line":365,"column":23},"end":{"line":365,"column":49}},{"start":{"line":365,"column":53},"end":{"line":365,"column":54}}]},"41":{"loc":{"start":{"line":365,"column":23},"end":{"line":365,"column":49}},"type":"cond-expr","locations":[{"start":{"line":365,"column":36},"end":{"line":365,"column":38}},{"start":{"line":365,"column":23},"end":{"line":365,"column":49}}]},"42":{"loc":{"start":{"line":365,"column":23},"end":{"line":365,"column":38}},"type":"binary-expr","locations":[{"start":{"line":365,"column":23},"end":{"line":365,"column":38}},{"start":{"line":365,"column":23},"end":{"line":365,"column":38}}]},"43":{"loc":{"start":{"line":368,"column":4},"end":{"line":372,"column":null}},"type":"if","locations":[{"start":{"line":368,"column":4},"end":{"line":372,"column":null}},{"start":{"line":370,"column":11},"end":{"line":372,"column":null}}]},"44":{"loc":{"start":{"line":393,"column":2},"end":{"line":409,"column":null}},"type":"if","locations":[{"start":{"line":393,"column":2},"end":{"line":409,"column":null}}]},"45":{"loc":{"start":{"line":396,"column":4},"end":{"line":408,"column":null}},"type":"if","locations":[{"start":{"line":396,"column":4},"end":{"line":408,"column":null}},{"start":{"line":405,"column":11},"end":{"line":408,"column":null}}]},"46":{"loc":{"start":{"line":411,"column":2},"end":{"line":418,"column":null}},"type":"if","locations":[{"start":{"line":411,"column":2},"end":{"line":418,"column":null}}]},"47":{"loc":{"start":{"line":434,"column":4},"end":{"line":440,"column":null}},"type":"if","locations":[{"start":{"line":434,"column":4},"end":{"line":440,"column":null}}]},"48":{"loc":{"start":{"line":434,"column":8},"end":{"line":434,"column":44}},"type":"binary-expr","locations":[{"start":{"line":434,"column":8},"end":{"line":434,"column":17}},{"start":{"line":434,"column":21},"end":{"line":434,"column":44}}]},"49":{"loc":{"start":{"line":483,"column":4},"end":{"line":487,"column":null}},"type":"if","locations":[{"start":{"line":483,"column":4},"end":{"line":487,"column":null}}]},"50":{"loc":{"start":{"line":514,"column":2},"end":{"line":516,"column":null}},"type":"if","locations":[{"start":{"line":514,"column":2},"end":{"line":516,"column":null}}]},"51":{"loc":{"start":{"line":517,"column":2},"end":{"line":519,"column":null}},"type":"if","locations":[{"start":{"line":517,"column":2},"end":{"line":519,"column":null}}]},"52":{"loc":{"start":{"line":543,"column":2},"end":{"line":545,"column":null}},"type":"if","locations":[{"start":{"line":543,"column":2},"end":{"line":545,"column":null}}]},"53":{"loc":{"start":{"line":546,"column":2},"end":{"line":548,"column":null}},"type":"if","locations":[{"start":{"line":546,"column":2},"end":{"line":548,"column":null}}]},"54":{"loc":{"start":{"line":583,"column":4},"end":{"line":593,"column":null}},"type":"if","locations":[{"start":{"line":583,"column":4},"end":{"line":593,"column":null}}]},"55":{"loc":{"start":{"line":589,"column":8},"end":{"line":591,"column":null}},"type":"if","locations":[{"start":{"line":589,"column":8},"end":{"line":591,"column":null}}]},"56":{"loc":{"start":{"line":618,"column":0},"end":{"line":668,"column":null}},"type":"if","locations":[{"start":{"line":618,"column":0},"end":{"line":668,"column":null}},{"start":{"line":661,"column":7},"end":{"line":668,"column":null}}]},"57":{"loc":{"start":{"line":620,"column":4},"end":{"line":660,"column":null}},"type":"if","locations":[{"start":{"line":620,"column":4},"end":{"line":660,"column":null}},{"start":{"line":628,"column":11},"end":{"line":660,"column":null}}]},"58":{"loc":{"start":{"line":620,"column":8},"end":{"line":620,"column":53}},"type":"binary-expr","locations":[{"start":{"line":620,"column":8},"end":{"line":620,"column":19}},{"start":{"line":620,"column":23},"end":{"line":620,"column":53}}]},"59":{"loc":{"start":{"line":624,"column":30},"end":{"line":624,"column":74}},"type":"binary-expr","locations":[{"start":{"line":624,"column":30},"end":{"line":624,"column":66}},{"start":{"line":624,"column":70},"end":{"line":624,"column":74}}]},"60":{"loc":{"start":{"line":625,"column":32},"end":{"line":625,"column":78}},"type":"binary-expr","locations":[{"start":{"line":625,"column":32},"end":{"line":625,"column":70}},{"start":{"line":625,"column":74},"end":{"line":625,"column":78}}]},"61":{"loc":{"start":{"line":628,"column":11},"end":{"line":660,"column":null}},"type":"if","locations":[{"start":{"line":628,"column":11},"end":{"line":660,"column":null}},{"start":{"line":652,"column":11},"end":{"line":660,"column":null}}]},"62":{"loc":{"start":{"line":631,"column":13},"end":{"line":639,"column":null}},"type":"if","locations":[{"start":{"line":631,"column":13},"end":{"line":639,"column":null}}]},"63":{"loc":{"start":{"line":635,"column":38},"end":{"line":635,"column":82}},"type":"binary-expr","locations":[{"start":{"line":635,"column":38},"end":{"line":635,"column":74}},{"start":{"line":635,"column":78},"end":{"line":635,"column":82}}]},"64":{"loc":{"start":{"line":636,"column":40},"end":{"line":636,"column":86}},"type":"binary-expr","locations":[{"start":{"line":636,"column":40},"end":{"line":636,"column":78}},{"start":{"line":636,"column":82},"end":{"line":636,"column":86}}]},"65":{"loc":{"start":{"line":643,"column":13},"end":{"line":650,"column":null}},"type":"if","locations":[{"start":{"line":643,"column":13},"end":{"line":650,"column":null}}]},"66":{"loc":{"start":{"line":646,"column":38},"end":{"line":646,"column":82}},"type":"binary-expr","locations":[{"start":{"line":646,"column":38},"end":{"line":646,"column":74}},{"start":{"line":646,"column":78},"end":{"line":646,"column":82}}]},"67":{"loc":{"start":{"line":647,"column":40},"end":{"line":647,"column":86}},"type":"binary-expr","locations":[{"start":{"line":647,"column":40},"end":{"line":647,"column":78}},{"start":{"line":647,"column":82},"end":{"line":647,"column":86}}]},"68":{"loc":{"start":{"line":657,"column":29},"end":{"line":657,"column":73}},"type":"binary-expr","locations":[{"start":{"line":657,"column":29},"end":{"line":657,"column":65}},{"start":{"line":657,"column":69},"end":{"line":657,"column":73}}]},"69":{"loc":{"start":{"line":658,"column":31},"end":{"line":658,"column":77}},"type":"binary-expr","locations":[{"start":{"line":658,"column":31},"end":{"line":658,"column":69}},{"start":{"line":658,"column":73},"end":{"line":658,"column":77}}]},"70":{"loc":{"start":{"line":665,"column":26},"end":{"line":665,"column":70}},"type":"binary-expr","locations":[{"start":{"line":665,"column":26},"end":{"line":665,"column":62}},{"start":{"line":665,"column":66},"end":{"line":665,"column":70}}]},"71":{"loc":{"start":{"line":666,"column":28},"end":{"line":666,"column":74}},"type":"binary-expr","locations":[{"start":{"line":666,"column":28},"end":{"line":666,"column":66}},{"start":{"line":666,"column":70},"end":{"line":666,"column":74}}]},"72":{"loc":{"start":{"line":673,"column":4},"end":{"line":676,"column":null}},"type":"if","locations":[{"start":{"line":673,"column":4},"end":{"line":676,"column":null}}]},"73":{"loc":{"start":{"line":678,"column":16},"end":{"line":678,"column":38}},"type":"binary-expr","locations":[{"start":{"line":678,"column":16},"end":{"line":678,"column":22}},{"start":{"line":678,"column":26},"end":{"line":678,"column":38}}]}},"s":{"0":1,"1":1,"2":1,"3":1,"4":1,"5":1,"6":1,"7":1,"8":1,"9":1,"10":1,"11":1,"12":1,"13":1,"14":0,"15":0,"16":0,"17":0,"18":0,"19":0,"20":0,"21":0,"22":0,"23":0,"24":0,"25":0,"26":1,"27":1,"28":1,"29":1,"30":1,"31":1,"32":0,"33":0,"34":1,"35":0,"36":0,"37":0,"38":0,"39":0,"40":0,"41":0,"42":0,"43":0,"44":0,"45":0,"46":0,"47":0,"48":0,"49":0,"50":0,"51":0,"52":0,"53":0,"54":0,"55":0,"56":0,"57":0,"58":0,"59":0,"60":0,"61":0,"62":0,"63":0,"64":0,"65":0,"66":1,"67":0,"68":0,"69":0,"70":0,"71":0,"72":0,"73":0,"74":0,"75":0,"76":0,"77":0,"78":0,"79":0,"80":0,"81":0,"82":0,"83":1,"84":1,"85":1,"86":0,"87":0,"88":0,"89":0,"90":0,"91":0,"92":0,"93":0,"94":0,"95":0,"96":0,"97":0,"98":0,"99":1,"100":0,"101":0,"102":0,"103":0,"104":0,"105":0,"106":0,"107":0,"108":0,"109":0,"110":0,"111":0,"112":0,"113":1,"114":0,"115":0,"116":0,"117":0,"118":0,"119":0,"120":0,"121":0,"122":0,"123":0,"124":0,"125":0,"126":0,"127":0,"128":0,"129":0,"130":0,"131":0,"132":0,"133":0,"134":0,"135":0,"136":0,"137":0,"138":0,"139":0,"140":0,"141":0,"142":0,"143":0,"144":0,"145":0,"146":1,"147":0,"148":0,"149":0,"150":0,"151":0,"152":0,"153":0,"154":0,"155":0,"156":1,"157":0,"158":0,"159":0,"160":0,"161":0,"162":0,"163":0,"164":0,"165":0,"166":0,"167":0,"168":0,"169":0,"170":0,"171":0,"172":0,"173":0,"174":0,"175":0,"176":0,"177":0,"178":0,"179":0,"180":0,"181":0,"182":0,"183":0,"184":0,"185":0,"186":0,"187":0,"188":0,"189":0,"190":0,"191":0,"192":0,"193":0,"194":0,"195":0,"196":0,"197":0,"198":1,"199":0,"200":0,"201":0,"202":0,"203":0,"204":0,"205":0,"206":1,"207":0,"208":0,"209":0,"210":0,"211":0,"212":0,"213":0,"214":0,"215":0,"216":0,"217":0,"218":0,"219":0,"220":0,"221":1,"222":0,"223":0,"224":0,"225":0,"226":0,"227":0,"228":0,"229":0,"230":0,"231":0,"232":0,"233":0,"234":0,"235":0,"236":0,"237":1,"238":0,"239":0,"240":0,"241":0,"242":0,"243":0,"244":0,"245":0,"246":0,"247":0,"248":0,"249":0,"250":0,"251":0,"252":0,"253":1,"254":1,"255":1,"256":0,"257":0,"258":0,"259":0,"260":0,"261":0,"262":0,"263":0,"264":0,"265":0,"266":0,"267":0,"268":0,"269":0,"270":0,"271":1,"272":1,"273":1,"274":0,"275":0,"276":0,"277":0,"278":0,"279":0,"280":0,"281":0,"282":0,"283":1,"284":1,"285":1,"286":1},"f":{"0":0,"1":0,"2":0,"3":0,"4":0,"5":0,"6":0,"7":0,"8":0,"9":0,"10":0,"11":0,"12":0,"13":0,"14":0,"15":0,"16":0,"17":0,"18":0,"19":0,"20":0,"21":0},"b":{"0":[0,1],"1":[0,0],"2":[0,0],"3":[0],"4":[1,1],"5":[0,0],"6":[0,0],"7":[0,0],"8":[0,0],"9":[0,0],"10":[0,0],"11":[0,0],"12":[0],"13":[0,0],"14":[0,0],"15":[0],"16":[0],"17":[0,0],"18":[0],"19":[0,0],"20":[0],"21":[0],"22":[0,0],"23":[1,1],"24":[0],"25":[0,0],"26":[0],"27":[0],"28":[0,0,0,0],"29":[0],"30":[0],"31":[0,0,0],"32":[0],"33":[0],"34":[0],"35":[0,0],"36":[0],"37":[0,0],"38":[0,0],"39":[0,0],"40":[0,0],"41":[0,0],"42":[0,0],"43":[0,0],"44":[0],"45":[0,0],"46":[0],"47":[0],"48":[0,0],"49":[0],"50":[0],"51":[0],"52":[0],"53":[0],"54":[0],"55":[0],"56":[0,1],"57":[0,0],"58":[0,0],"59":[0,0],"60":[0,0],"61":[0,0],"62":[0],"63":[0,0],"64":[0,0],"65":[0],"66":[0,0],"67":[0,0],"68":[0,0],"69":[0,0],"70":[1,1],"71":[1,1],"72":[0],"73":[0,0]}}
,"/Users/guillermosierraaiello/dev/upload-system/server/src/utils/fileUtils.ts": {"path":"/Users/guillermosierraaiello/dev/upload-system/server/src/utils/fileUtils.ts","statementMap":{"0":{"start":{"line":1,"column":0},"end":{"line":1,"column":20}},"1":{"start":{"line":2,"column":0},"end":{"line":2,"column":24}},"2":{"start":{"line":3,"column":0},"end":{"line":3,"column":28}},"3":{"start":{"line":4,"column":0},"end":{"line":4,"column":33}},"4":{"start":{"line":6,"column":17},"end":{"line":6,"column":37}},"5":{"start":{"line":8,"column":17},"end":{"line":8,"column":37}},"6":{"start":{"line":9,"column":16},"end":{"line":9,"column":35}},"7":{"start":{"line":10,"column":19},"end":{"line":10,"column":41}},"8":{"start":{"line":11,"column":20},"end":{"line":11,"column":43}},"9":{"start":{"line":12,"column":17},"end":{"line":12,"column":37}},"10":{"start":{"line":13,"column":18},"end":{"line":13,"column":39}},"11":{"start":{"line":14,"column":15},"end":{"line":14,"column":33}},"12":{"start":{"line":16,"column":20},"end":{"line":16,"column":56}},"13":{"start":{"line":17,"column":19},"end":{"line":17,"column":51}},"14":{"start":{"line":18,"column":21},"end":{"line":18,"column":55}},"15":{"start":{"line":19,"column":32},"end":{"line":19,"column":89}},"16":{"start":{"line":20,"column":28},"end":{"line":20,"column":81}},"17":{"start":{"line":23,"column":20},"end":{"line":23,"column":45}},"18":{"start":{"line":26,"column":25},"end":{"line":35,"column":1}},"19":{"start":{"line":30,"column":2},"end":{"line":34,"column":28}},"20":{"start":{"line":47,"column":28},"end":{"line":56,"column":1}},"21":{"start":{"line":48,"column":18},"end":{"line":48,"column":65}},"22":{"start":{"line":50,"column":2},"end":{"line":55,"column":null}},"23":{"start":{"line":51,"column":4},"end":{"line":54,"column":null}},"24":{"start":{"line":52,"column":6},"end":{"line":52,"column":49}},"25":{"start":{"line":53,"column":6},"end":{"line":53,"column":47}},"26":{"start":{"line":47,"column":13},"end":{"line":47,"column":28}},"27":{"start":{"line":61,"column":33},"end":{"line":64,"column":1}},"28":{"start":{"line":62,"column":21},"end":{"line":62,"column":47}},"29":{"start":{"line":63,"column":2},"end":{"line":63,"column":67}},"30":{"start":{"line":61,"column":13},"end":{"line":61,"column":33}},"31":{"start":{"line":69,"column":28},"end":{"line":71,"column":1}},"32":{"start":{"line":70,"column":2},"end":{"line":70,"column":58}},"33":{"start":{"line":69,"column":13},"end":{"line":69,"column":28}},"34":{"start":{"line":76,"column":25},"end":{"line":84,"column":1}},"35":{"start":{"line":81,"column":20},"end":{"line":81,"column":52}},"36":{"start":{"line":82,"column":2},"end":{"line":82,"column":44}},"37":{"start":{"line":83,"column":2},"end":{"line":83,"column":19}},"38":{"start":{"line":76,"column":13},"end":{"line":76,"column":25}},"39":{"start":{"line":89,"column":32},"end":{"line":120,"column":1}},"40":{"start":{"line":93,"column":2},"end":{"line":119,"column":null}},"41":{"start":{"line":94,"column":27},"end":{"line":94,"column":60}},"42":{"start":{"line":97,"column":4},"end":{"line":100,"column":null}},"43":{"start":{"line":99,"column":6},"end":{"line":99,"column":89}},"44":{"start":{"line":103,"column":20},"end":{"line":103,"column":60}},"45":{"start":{"line":104,"column":20},"end":{"line":104,"column":60}},"46":{"start":{"line":106,"column":4},"end":{"line":108,"column":null}},"47":{"start":{"line":107,"column":6},"end":{"line":107,"column":21}},"48":{"start":{"line":110,"column":4},"end":{"line":112,"column":null}},"49":{"start":{"line":111,"column":6},"end":{"line":111,"column":21}},"50":{"start":{"line":115,"column":4},"end":{"line":115,"column":48}},"51":{"start":{"line":117,"column":4},"end":{"line":117,"column":62}},"52":{"start":{"line":118,"column":4},"end":{"line":118,"column":17}},"53":{"start":{"line":89,"column":13},"end":{"line":89,"column":32}},"54":{"start":{"line":125,"column":33},"end":{"line":127,"column":1}},"55":{"start":{"line":126,"column":2},"end":{"line":126,"column":39}},"56":{"start":{"line":125,"column":13},"end":{"line":125,"column":33}},"57":{"start":{"line":132,"column":28},"end":{"line":218,"column":1}},"58":{"start":{"line":139,"column":16},"end":{"line":139,"column":26}},"59":{"start":{"line":140,"column":21},"end":{"line":140,"column":138}},"60":{"start":{"line":141,"column":19},"end":{"line":141,"column":54}},"61":{"start":{"line":143,"column":2},"end":{"line":145,"column":null}},"62":{"start":{"line":144,"column":4},"end":{"line":144,"column":49}},"63":{"start":{"line":148,"column":18},"end":{"line":148,"column":40}},"64":{"start":{"line":150,"column":19},"end":{"line":150,"column":69}},"65":{"start":{"line":151,"column":20},"end":{"line":151,"column":30}},"66":{"start":{"line":153,"column":23},"end":{"line":153,"column":50}},"67":{"start":{"line":154,"column":25},"end":{"line":154,"column":65}},"68":{"start":{"line":155,"column":19},"end":{"line":155,"column":54}},"69":{"start":{"line":158,"column":22},"end":{"line":158,"column":52}},"70":{"start":{"line":161,"column":25},"end":{"line":161,"column":48}},"71":{"start":{"line":162,"column":27},"end":{"line":162,"column":59}},"72":{"start":{"line":163,"column":22},"end":{"line":163,"column":72}},"73":{"start":{"line":165,"column":2},"end":{"line":167,"column":null}},"74":{"start":{"line":166,"column":4},"end":{"line":166,"column":78}},"75":{"start":{"line":170,"column":2},"end":{"line":180,"column":null}},"76":{"start":{"line":170,"column":15},"end":{"line":170,"column":16}},"77":{"start":{"line":171,"column":22},"end":{"line":171,"column":45}},"78":{"start":{"line":172,"column":4},"end":{"line":179,"column":null}},"79":{"start":{"line":173,"column":24},"end":{"line":173,"column":51}},"80":{"start":{"line":174,"column":6},"end":{"line":174,"column":35}},"81":{"start":{"line":176,"column":6},"end":{"line":176,"column":32}},"82":{"start":{"line":178,"column":6},"end":{"line":178,"column":59}},"83":{"start":{"line":183,"column":2},"end":{"line":188,"column":5}},"84":{"start":{"line":184,"column":4},"end":{"line":187,"column":7}},"85":{"start":{"line":185,"column":6},"end":{"line":186,"column":21}},"86":{"start":{"line":185,"column":15},"end":{"line":185,"column":27}},"87":{"start":{"line":186,"column":11},"end":{"line":186,"column":21}},"88":{"start":{"line":191,"column":19},"end":{"line":191,"column":52}},"89":{"start":{"line":194,"column":28},"end":{"line":194,"column":55}},"90":{"start":{"line":195,"column":19},"end":{"line":195,"column":27}},"91":{"start":{"line":196,"column":20},"end":{"line":196,"column":25}},"92":{"start":{"line":198,"column":2},"end":{"line":206,"column":null}},"93":{"start":{"line":200,"column":4},"end":{"line":200,"column":29}},"94":{"start":{"line":201,"column":4},"end":{"line":201,"column":35}},"95":{"start":{"line":202,"column":4},"end":{"line":202,"column":23}},"96":{"start":{"line":205,"column":4},"end":{"line":205,"column":40}},"97":{"start":{"line":209,"column":27},"end":{"line":209,"column":63}},"98":{"start":{"line":210,"column":14},"end":{"line":210,"column":72}},"99":{"start":{"line":212,"column":2},"end":{"line":217,"column":4}},"100":{"start":{"line":132,"column":13},"end":{"line":132,"column":28}},"101":{"start":{"line":223,"column":32},"end":{"line":240,"column":1}},"102":{"start":{"line":224,"column":16},"end":{"line":224,"column":43}},"103":{"start":{"line":225,"column":14},"end":{"line":225,"column":24}},"104":{"start":{"line":227,"column":2},"end":{"line":239,"column":null}},"105":{"start":{"line":228,"column":21},"end":{"line":228,"column":48}},"106":{"start":{"line":229,"column":18},"end":{"line":229,"column":40}},"107":{"start":{"line":230,"column":20},"end":{"line":230,"column":47}},"108":{"start":{"line":233,"column":19},"end":{"line":233,"column":54}},"109":{"start":{"line":235,"column":4},"end":{"line":238,"column":null}},"110":{"start":{"line":236,"column":6},"end":{"line":236,"column":31}},"111":{"start":{"line":237,"column":6},"end":{"line":237,"column":54}},"112":{"start":{"line":223,"column":13},"end":{"line":223,"column":32}},"113":{"start":{"line":245,"column":31},"end":{"line":271,"column":1}},"114":{"start":{"line":246,"column":22},"end":{"line":246,"column":51}},"115":{"start":{"line":247,"column":14},"end":{"line":247,"column":24}},"116":{"start":{"line":249,"column":2},"end":{"line":270,"column":null}},"117":{"start":{"line":250,"column":27},"end":{"line":250,"column":62}},"118":{"start":{"line":251,"column":18},"end":{"line":251,"column":46}},"119":{"start":{"line":253,"column":4},"end":{"line":269,"column":null}},"120":{"start":{"line":254,"column":22},"end":{"line":254,"column":49}},"121":{"start":{"line":256,"column":21},"end":{"line":256,"column":62}},"122":{"start":{"line":258,"column":6},"end":{"line":268,"column":null}},"123":{"start":{"line":259,"column":22},"end":{"line":259,"column":53}},"124":{"start":{"line":261,"column":8},"end":{"line":263,"column":null}},"125":{"start":{"line":262,"column":10},"end":{"line":262,"column":58}},"126":{"start":{"line":266,"column":8},"end":{"line":266,"column":48}},"127":{"start":{"line":267,"column":8},"end":{"line":267,"column":64}},"128":{"start":{"line":245,"column":13},"end":{"line":245,"column":31}}},"fnMap":{"0":{"name":"(anonymous_1)","decl":{"start":{"line":26,"column":25},"end":{"line":26,"column":26}},"loc":{"start":{"line":26,"column":54},"end":{"line":35,"column":1}}},"1":{"name":"(anonymous_2)","decl":{"start":{"line":47,"column":28},"end":{"line":47,"column":33}},"loc":{"start":{"line":47,"column":54},"end":{"line":56,"column":1}}},"2":{"name":"(anonymous_3)","decl":{"start":{"line":61,"column":33},"end":{"line":61,"column":38}},"loc":{"start":{"line":61,"column":77},"end":{"line":64,"column":1}}},"3":{"name":"(anonymous_4)","decl":{"start":{"line":69,"column":28},"end":{"line":69,"column":29}},"loc":{"start":{"line":69,"column":75},"end":{"line":71,"column":1}}},"4":{"name":"(anonymous_5)","decl":{"start":{"line":76,"column":25},"end":{"line":76,"column":30}},"loc":{"start":{"line":80,"column":21},"end":{"line":84,"column":1}}},"5":{"name":"(anonymous_6)","decl":{"start":{"line":89,"column":32},"end":{"line":89,"column":37}},"loc":{"start":{"line":92,"column":22},"end":{"line":120,"column":1}}},"6":{"name":"(anonymous_7)","decl":{"start":{"line":125,"column":33},"end":{"line":125,"column":34}},"loc":{"start":{"line":125,"column":65},"end":{"line":127,"column":1}}},"7":{"name":"(anonymous_8)","decl":{"start":{"line":132,"column":28},"end":{"line":132,"column":33}},"loc":{"start":{"line":137,"column":25},"end":{"line":218,"column":1}}},"8":{"name":"(anonymous_9)","decl":{"start":{"line":183,"column":26},"end":{"line":183,"column":27}},"loc":{"start":{"line":183,"column":46},"end":{"line":188,"column":3}}},"9":{"name":"(anonymous_10)","decl":{"start":{"line":184,"column":20},"end":{"line":184,"column":21}},"loc":{"start":{"line":184,"column":42},"end":{"line":187,"column":5}}},"10":{"name":"(anonymous_11)","decl":{"start":{"line":223,"column":32},"end":{"line":223,"column":37}},"loc":{"start":{"line":223,"column":58},"end":{"line":240,"column":1}}},"11":{"name":"(anonymous_12)","decl":{"start":{"line":245,"column":31},"end":{"line":245,"column":36}},"loc":{"start":{"line":245,"column":57},"end":{"line":271,"column":1}}}},"branchMap":{"0":{"loc":{"start":{"line":16,"column":20},"end":{"line":16,"column":56}},"type":"binary-expr","locations":[{"start":{"line":16,"column":20},"end":{"line":16,"column":43}},{"start":{"line":16,"column":47},"end":{"line":16,"column":56}}]},"1":{"loc":{"start":{"line":19,"column":41},"end":{"line":19,"column":84}},"type":"binary-expr","locations":[{"start":{"line":19,"column":41},"end":{"line":19,"column":76}},{"start":{"line":19,"column":80},"end":{"line":19,"column":84}}]},"2":{"loc":{"start":{"line":20,"column":37},"end":{"line":20,"column":76}},"type":"binary-expr","locations":[{"start":{"line":20,"column":37},"end":{"line":20,"column":68}},{"start":{"line":20,"column":72},"end":{"line":20,"column":76}}]},"3":{"loc":{"start":{"line":51,"column":4},"end":{"line":54,"column":null}},"type":"if","locations":[{"start":{"line":51,"column":4},"end":{"line":54,"column":null}}]},"4":{"loc":{"start":{"line":97,"column":4},"end":{"line":100,"column":null}},"type":"if","locations":[{"start":{"line":97,"column":4},"end":{"line":100,"column":null}}]},"5":{"loc":{"start":{"line":99,"column":13},"end":{"line":99,"column":88}},"type":"binary-expr","locations":[{"start":{"line":99,"column":13},"end":{"line":99,"column":43}},{"start":{"line":99,"column":47},"end":{"line":99,"column":88}}]},"6":{"loc":{"start":{"line":106,"column":4},"end":{"line":108,"column":null}},"type":"if","locations":[{"start":{"line":106,"column":4},"end":{"line":108,"column":null}}]},"7":{"loc":{"start":{"line":110,"column":4},"end":{"line":112,"column":null}},"type":"if","locations":[{"start":{"line":110,"column":4},"end":{"line":112,"column":null}}]},"8":{"loc":{"start":{"line":126,"column":9},"end":{"line":126,"column":38}},"type":"binary-expr","locations":[{"start":{"line":126,"column":9},"end":{"line":126,"column":30}},{"start":{"line":126,"column":34},"end":{"line":126,"column":38}}]},"9":{"loc":{"start":{"line":143,"column":2},"end":{"line":145,"column":null}},"type":"if","locations":[{"start":{"line":143,"column":2},"end":{"line":145,"column":null}}]},"10":{"loc":{"start":{"line":165,"column":2},"end":{"line":167,"column":null}},"type":"if","locations":[{"start":{"line":165,"column":2},"end":{"line":167,"column":null}}]},"11":{"loc":{"start":{"line":172,"column":4},"end":{"line":179,"column":null}},"type":"if","locations":[{"start":{"line":172,"column":4},"end":{"line":179,"column":null}},{"start":{"line":177,"column":11},"end":{"line":179,"column":null}}]},"12":{"loc":{"start":{"line":185,"column":6},"end":{"line":186,"column":21}},"type":"if","locations":[{"start":{"line":185,"column":6},"end":{"line":186,"column":21}},{"start":{"line":186,"column":11},"end":{"line":186,"column":21}}]},"13":{"loc":{"start":{"line":198,"column":2},"end":{"line":206,"column":null}},"type":"if","locations":[{"start":{"line":198,"column":2},"end":{"line":206,"column":null}},{"start":{"line":203,"column":9},"end":{"line":206,"column":null}}]},"14":{"loc":{"start":{"line":235,"column":4},"end":{"line":238,"column":null}},"type":"if","locations":[{"start":{"line":235,"column":4},"end":{"line":238,"column":null}}]},"15":{"loc":{"start":{"line":253,"column":4},"end":{"line":269,"column":null}},"type":"if","locations":[{"start":{"line":253,"column":4},"end":{"line":269,"column":null}}]},"16":{"loc":{"start":{"line":258,"column":6},"end":{"line":268,"column":null}},"type":"if","locations":[{"start":{"line":258,"column":6},"end":{"line":268,"column":null}}]}},"s":{"0":1,"1":1,"2":1,"3":1,"4":1,"5":1,"6":1,"7":1,"8":1,"9":1,"10":1,"11":1,"12":1,"13":1,"14":1,"15":1,"16":1,"17":1,"18":1,"19":0,"20":1,"21":1,"22":1,"23":4,"24":0,"25":0,"26":1,"27":1,"28":0,"29":0,"30":1,"31":1,"32":0,"33":1,"34":1,"35":0,"36":0,"37":0,"38":1,"39":1,"40":0,"41":0,"42":0,"43":0,"44":0,"45":0,"46":0,"47":0,"48":0,"49":0,"50":0,"51":0,"52":0,"53":1,"54":1,"55":0,"56":1,"57":1,"58":0,"59":0,"60":0,"61":0,"62":0,"63":0,"64":0,"65":0,"66":0,"67":0,"68":0,"69":0,"70":0,"71":0,"72":0,"73":0,"74":0,"75":0,"76":0,"77":0,"78":0,"79":0,"80":0,"81":0,"82":0,"83":0,"84":0,"85":0,"86":0,"87":0,"88":0,"89":0,"90":0,"91":0,"92":0,"93":0,"94":0,"95":0,"96":0,"97":0,"98":0,"99":0,"100":1,"101":1,"102":0,"103":0,"104":0,"105":0,"106":0,"107":0,"108":0,"109":0,"110":0,"111":0,"112":1,"113":1,"114":0,"115":0,"116":0,"117":0,"118":0,"119":0,"120":0,"121":0,"122":0,"123":0,"124":0,"125":0,"126":0,"127":0,"128":1},"f":{"0":0,"1":1,"2":0,"3":0,"4":0,"5":0,"6":0,"7":0,"8":0,"9":0,"10":0,"11":0},"b":{"0":[1,1],"1":[1,1],"2":[1,1],"3":[0],"4":[0],"5":[0,0],"6":[0],"7":[0],"8":[0,0],"9":[0],"10":[0],"11":[0,0],"12":[0,0],"13":[0,0],"14":[0],"15":[0],"16":[0]}}
,"/Users/guillermosierraaiello/dev/upload-system/server/src/utils/logger.ts": {"path":"/Users/guillermosierraaiello/dev/upload-system/server/src/utils/logger.ts","statementMap":{"0":{"start":{"line":1,"column":0},"end":{"line":1,"column":30}},"1":{"start":{"line":2,"column":0},"end":{"line":2,"column":24}},"2":{"start":{"line":3,"column":0},"end":{"line":3,"column":20}},"3":{"start":{"line":6,"column":15},"end":{"line":6,"column":21}},"4":{"start":{"line":9,"column":0},"end":{"line":11,"column":null}},"5":{"start":{"line":10,"column":2},"end":{"line":10,"column":23}},"6":{"start":{"line":14,"column":13},"end":{"line":33,"column":3}},"7":{"start":{"line":39,"column":0},"end":{"line":46,"column":null}},"8":{"start":{"line":40,"column":2},"end":{"line":45,"column":6}}},"fnMap":{},"branchMap":{"0":{"loc":{"start":{"line":9,"column":0},"end":{"line":11,"column":null}},"type":"if","locations":[{"start":{"line":9,"column":0},"end":{"line":11,"column":null}}]},"1":{"loc":{"start":{"line":15,"column":9},"end":{"line":15,"column":40}},"type":"binary-expr","locations":[{"start":{"line":15,"column":9},"end":{"line":15,"column":30}},{"start":{"line":15,"column":34},"end":{"line":15,"column":40}}]},"2":{"loc":{"start":{"line":39,"column":0},"end":{"line":46,"column":null}},"type":"if","locations":[{"start":{"line":39,"column":0},"end":{"line":46,"column":null}}]}},"s":{"0":1,"1":1,"2":1,"3":1,"4":1,"5":0,"6":1,"7":1,"8":1},"f":{},"b":{"0":[0],"1":[1,0],"2":[1]}}
}
