{"/Users/guillermosierraaiello/dev/upload-system/server/src/app.ts": {"path":"/Users/guillermosierraaiello/dev/upload-system/server/src/app.ts","statementMap":{"0":{"start":{"line":1,"column":0},"end":{"line":1,"column":67}},"1":{"start":{"line":2,"column":0},"end":{"line":2,"column":24}},"2":{"start":{"line":3,"column":0},"end":{"line":3,"column":28}},"3":{"start":{"line":4,"column":0},"end":{"line":4,"column":28}},"4":{"start":{"line":5,"column":0},"end":{"line":5,"column":24}},"5":{"start":{"line":6,"column":0},"end":{"line":6,"column":43}},"6":{"start":{"line":7,"column":0},"end":{"line":7,"column":49}},"7":{"start":{"line":8,"column":0},"end":{"line":8,"column":50}},"8":{"start":{"line":9,"column":0},"end":{"line":9,"column":58}},"9":{"start":{"line":10,"column":0},"end":{"line":10,"column":40}},"10":{"start":{"line":13,"column":0},"end":{"line":13,"column":16}},"11":{"start":{"line":16,"column":12},"end":{"line":16,"column":21}},"12":{"start":{"line":17,"column":13},"end":{"line":17,"column":37}},"13":{"start":{"line":20,"column":0},"end":{"line":20,"column":16}},"14":{"start":{"line":23,"column":0},"end":{"line":23,"column":24}},"15":{"start":{"line":26,"column":0},"end":{"line":28,"column":null}},"16":{"start":{"line":27,"column":2},"end":{"line":27,"column":30}},"17":{"start":{"line":31,"column":0},"end":{"line":42,"column":null}},"18":{"start":{"line":32,"column":2},"end":{"line":41,"column":5}},"19":{"start":{"line":33,"column":18},"end":{"line":33,"column":28}},"20":{"start":{"line":35,"column":4},"end":{"line":38,"column":7}},"21":{"start":{"line":36,"column":23},"end":{"line":36,"column":41}},"22":{"start":{"line":37,"column":6},"end":{"line":37,"column":119}},"23":{"start":{"line":40,"column":4},"end":{"line":40,"column":11}},"24":{"start":{"line":45,"column":16},"end":{"line":50,"column":2}},"25":{"start":{"line":53,"column":0},"end":{"line":53,"column":32}},"26":{"start":{"line":56,"column":0},"end":{"line":60,"column":null}},"27":{"start":{"line":57,"column":2},"end":{"line":59,"column":70}},"28":{"start":{"line":58,"column":16},"end":{"line":58,"column":66}},"29":{"start":{"line":59,"column":18},"end":{"line":59,"column":68}},"30":{"start":{"line":63,"column":0},"end":{"line":63,"column":37}},"31":{"start":{"line":64,"column":0},"end":{"line":64,"column":45}},"32":{"start":{"line":67,"column":0},"end":{"line":67,"column":72}},"33":{"start":{"line":70,"column":0},"end":{"line":79,"column":3}},"34":{"start":{"line":71,"column":2},"end":{"line":78,"column":5}},"35":{"start":{"line":82,"column":0},"end":{"line":89,"column":3}},"36":{"start":{"line":83,"column":2},"end":{"line":83,"column":56}},"37":{"start":{"line":85,"column":2},"end":{"line":88,"column":5}},"38":{"start":{"line":91,"column":0},"end":{"line":91,"column":19}}},"fnMap":{"0":{"name":"(anonymous_1)","decl":{"start":{"line":32,"column":10},"end":{"line":32,"column":11}},"loc":{"start":{"line":32,"column":62},"end":{"line":41,"column":3}}},"1":{"name":"(anonymous_2)","decl":{"start":{"line":35,"column":21},"end":{"line":35,"column":24}},"loc":{"start":{"line":35,"column":26},"end":{"line":38,"column":5}}},"2":{"name":"(anonymous_3)","decl":{"start":{"line":58,"column":10},"end":{"line":58,"column":13}},"loc":{"start":{"line":58,"column":16},"end":{"line":58,"column":66}}},"3":{"name":"(anonymous_4)","decl":{"start":{"line":59,"column":11},"end":{"line":59,"column":14}},"loc":{"start":{"line":59,"column":18},"end":{"line":59,"column":68}}},"4":{"name":"(anonymous_5)","decl":{"start":{"line":70,"column":13},"end":{"line":70,"column":14}},"loc":{"start":{"line":70,"column":45},"end":{"line":79,"column":1}}},"5":{"name":"(anonymous_6)","decl":{"start":{"line":82,"column":8},"end":{"line":82,"column":9}},"loc":{"start":{"line":82,"column":70},"end":{"line":89,"column":1}}}},"branchMap":{"0":{"loc":{"start":{"line":17,"column":13},"end":{"line":17,"column":37}},"type":"binary-expr","locations":[{"start":{"line":17,"column":13},"end":{"line":17,"column":29}},{"start":{"line":17,"column":33},"end":{"line":17,"column":37}}]},"1":{"loc":{"start":{"line":26,"column":0},"end":{"line":28,"column":null}},"type":"if","locations":[{"start":{"line":26,"column":0},"end":{"line":28,"column":null}}]},"2":{"loc":{"start":{"line":31,"column":0},"end":{"line":42,"column":null}},"type":"if","locations":[{"start":{"line":31,"column":0},"end":{"line":42,"column":null}}]},"3":{"loc":{"start":{"line":56,"column":0},"end":{"line":60,"column":null}},"type":"if","locations":[{"start":{"line":56,"column":0},"end":{"line":60,"column":null}}]},"4":{"loc":{"start":{"line":85,"column":13},"end":{"line":85,"column":30}},"type":"binary-expr","locations":[{"start":{"line":85,"column":13},"end":{"line":85,"column":23}},{"start":{"line":85,"column":27},"end":{"line":85,"column":30}}]},"5":{"loc":{"start":{"line":87,"column":13},"end":{"line":87,"column":89}},"type":"cond-expr","locations":[{"start":{"line":87,"column":53},"end":{"line":87,"column":75}},{"start":{"line":87,"column":78},"end":{"line":87,"column":89}}]}},"s":{"0":0,"1":0,"2":0,"3":0,"4":0,"5":0,"6":0,"7":0,"8":0,"9":0,"10":0,"11":0,"12":0,"13":0,"14":0,"15":0,"16":0,"17":0,"18":0,"19":0,"20":0,"21":0,"22":0,"23":0,"24":0,"25":0,"26":0,"27":0,"28":0,"29":0,"30":0,"31":0,"32":0,"33":0,"34":0,"35":0,"36":0,"37":0,"38":0},"f":{"0":0,"1":0,"2":0,"3":0,"4":0,"5":0},"b":{"0":[0,0],"1":[0],"2":[0],"3":[0],"4":[0,0],"5":[0,0]}}
,"/Users/guillermosierraaiello/dev/upload-system/server/src/index.ts": {"path":"/Users/guillermosierraaiello/dev/upload-system/server/src/index.ts","statementMap":{"0":{"start":{"line":1,"column":0},"end":{"line":1,"column":67}},"1":{"start":{"line":2,"column":0},"end":{"line":2,"column":24}},"2":{"start":{"line":3,"column":0},"end":{"line":3,"column":28}},"3":{"start":{"line":4,"column":0},"end":{"line":4,"column":28}},"4":{"start":{"line":5,"column":0},"end":{"line":5,"column":24}},"5":{"start":{"line":7,"column":0},"end":{"line":7,"column":43}},"6":{"start":{"line":8,"column":0},"end":{"line":8,"column":84}},"7":{"start":{"line":9,"column":0},"end":{"line":9,"column":50}},"8":{"start":{"line":10,"column":0},"end":{"line":10,"column":58}},"9":{"start":{"line":11,"column":0},"end":{"line":11,"column":40}},"10":{"start":{"line":14,"column":0},"end":{"line":14,"column":16}},"11":{"start":{"line":17,"column":12},"end":{"line":17,"column":21}},"12":{"start":{"line":18,"column":13},"end":{"line":18,"column":37}},"13":{"start":{"line":21,"column":0},"end":{"line":21,"column":16}},"14":{"start":{"line":24,"column":0},"end":{"line":24,"column":24}},"15":{"start":{"line":27,"column":0},"end":{"line":27,"column":29}},"16":{"start":{"line":30,"column":0},"end":{"line":30,"column":28}},"17":{"start":{"line":33,"column":0},"end":{"line":42,"column":3}},"18":{"start":{"line":34,"column":16},"end":{"line":34,"column":26}},"19":{"start":{"line":36,"column":2},"end":{"line":39,"column":5}},"20":{"start":{"line":37,"column":21},"end":{"line":37,"column":39}},"21":{"start":{"line":38,"column":4},"end":{"line":38,"column":117}},"22":{"start":{"line":41,"column":2},"end":{"line":41,"column":9}},"23":{"start":{"line":45,"column":16},"end":{"line":51,"column":2}},"24":{"start":{"line":54,"column":0},"end":{"line":54,"column":32}},"25":{"start":{"line":57,"column":0},"end":{"line":59,"column":68}},"26":{"start":{"line":58,"column":14},"end":{"line":58,"column":64}},"27":{"start":{"line":59,"column":16},"end":{"line":59,"column":66}},"28":{"start":{"line":62,"column":0},"end":{"line":62,"column":37}},"29":{"start":{"line":63,"column":0},"end":{"line":63,"column":45}},"30":{"start":{"line":66,"column":0},"end":{"line":66,"column":72}},"31":{"start":{"line":69,"column":0},"end":{"line":78,"column":3}},"32":{"start":{"line":70,"column":2},"end":{"line":77,"column":5}},"33":{"start":{"line":81,"column":0},"end":{"line":88,"column":3}},"34":{"start":{"line":82,"column":2},"end":{"line":82,"column":56}},"35":{"start":{"line":84,"column":2},"end":{"line":87,"column":5}},"36":{"start":{"line":91,"column":59},"end":{"line":91,"column":63}},"37":{"start":{"line":94,"column":32},"end":{"line":112,"column":1}},"38":{"start":{"line":95,"column":14},"end":{"line":95,"column":24}},"39":{"start":{"line":96,"column":16},"end":{"line":100,"column":null}},"40":{"start":{"line":102,"column":23},"end":{"line":102,"column":54}},"41":{"start":{"line":104,"column":2},"end":{"line":111,"column":19}},"42":{"start":{"line":105,"column":4},"end":{"line":107,"column":78}},"43":{"start":{"line":106,"column":18},"end":{"line":106,"column":73}},"44":{"start":{"line":107,"column":20},"end":{"line":107,"column":76}},"45":{"start":{"line":110,"column":4},"end":{"line":110,"column":30}},"46":{"start":{"line":115,"column":20},"end":{"line":144,"column":1}},"47":{"start":{"line":116,"column":2},"end":{"line":142,"column":null}},"48":{"start":{"line":117,"column":4},"end":{"line":119,"column":7}},"49":{"start":{"line":118,"column":6},"end":{"line":118,"column":61}},"50":{"start":{"line":122,"column":34},"end":{"line":126,"column":22}},"51":{"start":{"line":123,"column":6},"end":{"line":125,"column":78}},"52":{"start":{"line":124,"column":20},"end":{"line":124,"column":73}},"53":{"start":{"line":125,"column":22},"end":{"line":125,"column":76}},"54":{"start":{"line":129,"column":4},"end":{"line":129,"column":30}},"55":{"start":{"line":132,"column":4},"end":{"line":141,"column":7}},"56":{"start":{"line":133,"column":6},"end":{"line":133,"column":60}},"57":{"start":{"line":134,"column":6},"end":{"line":140,"column":null}},"58":{"start":{"line":135,"column":8},"end":{"line":139,"column":11}},"59":{"start":{"line":136,"column":10},"end":{"line":136,"column":47}},"60":{"start":{"line":137,"column":10},"end":{"line":137,"column":48}},"61":{"start":{"line":138,"column":10},"end":{"line":138,"column":26}},"62":{"start":{"line":143,"column":2},"end":{"line":143,"column":24}},"63":{"start":{"line":174,"column":9},"end":{"line":174,"column":20}},"64":{"start":{"line":147,"column":26},"end":{"line":163,"column":1}},"65":{"start":{"line":148,"column":2},"end":{"line":162,"column":null}},"66":{"start":{"line":149,"column":4},"end":{"line":149,"column":45}},"67":{"start":{"line":150,"column":4},"end":{"line":159,"column":7}},"68":{"start":{"line":151,"column":6},"end":{"line":153,"column":null}},"69":{"start":{"line":152,"column":8},"end":{"line":152,"column":58}},"70":{"start":{"line":154,"column":6},"end":{"line":154,"column":44}},"71":{"start":{"line":155,"column":6},"end":{"line":155,"column":28}},"72":{"start":{"line":156,"column":6},"end":{"line":158,"column":null}},"73":{"start":{"line":157,"column":8},"end":{"line":157,"column":15}},"74":{"start":{"line":160,"column":9},"end":{"line":162,"column":null}},"75":{"start":{"line":161,"column":4},"end":{"line":161,"column":11}},"76":{"start":{"line":147,"column":13},"end":{"line":147,"column":26}},"77":{"start":{"line":166,"column":0},"end":{"line":168,"column":null}},"78":{"start":{"line":167,"column":2},"end":{"line":167,"column":16}},"79":{"start":{"line":171,"column":0},"end":{"line":171,"column":19}}},"fnMap":{"0":{"name":"(anonymous_1)","decl":{"start":{"line":33,"column":8},"end":{"line":33,"column":9}},"loc":{"start":{"line":33,"column":60},"end":{"line":42,"column":1}}},"1":{"name":"(anonymous_2)","decl":{"start":{"line":36,"column":19},"end":{"line":36,"column":22}},"loc":{"start":{"line":36,"column":24},"end":{"line":39,"column":3}}},"2":{"name":"(anonymous_3)","decl":{"start":{"line":58,"column":8},"end":{"line":58,"column":11}},"loc":{"start":{"line":58,"column":14},"end":{"line":58,"column":64}}},"3":{"name":"(anonymous_4)","decl":{"start":{"line":59,"column":9},"end":{"line":59,"column":12}},"loc":{"start":{"line":59,"column":16},"end":{"line":59,"column":66}}},"4":{"name":"(anonymous_5)","decl":{"start":{"line":69,"column":13},"end":{"line":69,"column":14}},"loc":{"start":{"line":69,"column":45},"end":{"line":78,"column":1}}},"5":{"name":"(anonymous_6)","decl":{"start":{"line":81,"column":8},"end":{"line":81,"column":9}},"loc":{"start":{"line":81,"column":70},"end":{"line":88,"column":1}}},"6":{"name":"(anonymous_7)","decl":{"start":{"line":94,"column":32},"end":{"line":94,"column":35}},"loc":{"start":{"line":94,"column":37},"end":{"line":112,"column":1}}},"7":{"name":"(anonymous_8)","decl":{"start":{"line":104,"column":13},"end":{"line":104,"column":16}},"loc":{"start":{"line":104,"column":18},"end":{"line":111,"column":3}}},"8":{"name":"(anonymous_9)","decl":{"start":{"line":106,"column":12},"end":{"line":106,"column":15}},"loc":{"start":{"line":106,"column":18},"end":{"line":106,"column":73}}},"9":{"name":"(anonymous_10)","decl":{"start":{"line":107,"column":13},"end":{"line":107,"column":16}},"loc":{"start":{"line":107,"column":20},"end":{"line":107,"column":76}}},"10":{"name":"(anonymous_11)","decl":{"start":{"line":115,"column":20},"end":{"line":115,"column":23}},"loc":{"start":{"line":115,"column":25},"end":{"line":144,"column":1}}},"11":{"name":"(anonymous_12)","decl":{"start":{"line":117,"column":38},"end":{"line":117,"column":41}},"loc":{"start":{"line":117,"column":43},"end":{"line":119,"column":5}}},"12":{"name":"(anonymous_13)","decl":{"start":{"line":122,"column":46},"end":{"line":122,"column":49}},"loc":{"start":{"line":122,"column":51},"end":{"line":126,"column":5}}},"13":{"name":"(anonymous_14)","decl":{"start":{"line":124,"column":14},"end":{"line":124,"column":17}},"loc":{"start":{"line":124,"column":20},"end":{"line":124,"column":73}}},"14":{"name":"(anonymous_15)","decl":{"start":{"line":125,"column":15},"end":{"line":125,"column":18}},"loc":{"start":{"line":125,"column":22},"end":{"line":125,"column":76}}},"15":{"name":"(anonymous_16)","decl":{"start":{"line":132,"column":26},"end":{"line":132,"column":29}},"loc":{"start":{"line":132,"column":31},"end":{"line":141,"column":5}}},"16":{"name":"(anonymous_17)","decl":{"start":{"line":135,"column":29},"end":{"line":135,"column":32}},"loc":{"start":{"line":135,"column":34},"end":{"line":139,"column":9}}},"17":{"name":"(anonymous_18)","decl":{"start":{"line":147,"column":26},"end":{"line":147,"column":27}},"loc":{"start":{"line":147,"column":55},"end":{"line":163,"column":1}}},"18":{"name":"(anonymous_19)","decl":{"start":{"line":150,"column":25},"end":{"line":150,"column":26}},"loc":{"start":{"line":150,"column":33},"end":{"line":159,"column":5}}}},"branchMap":{"0":{"loc":{"start":{"line":18,"column":13},"end":{"line":18,"column":37}},"type":"binary-expr","locations":[{"start":{"line":18,"column":13},"end":{"line":18,"column":29}},{"start":{"line":18,"column":33},"end":{"line":18,"column":37}}]},"1":{"loc":{"start":{"line":84,"column":13},"end":{"line":84,"column":30}},"type":"binary-expr","locations":[{"start":{"line":84,"column":13},"end":{"line":84,"column":23}},{"start":{"line":84,"column":27},"end":{"line":84,"column":30}}]},"2":{"loc":{"start":{"line":86,"column":13},"end":{"line":86,"column":89}},"type":"cond-expr","locations":[{"start":{"line":86,"column":53},"end":{"line":86,"column":75}},{"start":{"line":86,"column":78},"end":{"line":86,"column":89}}]},"3":{"loc":{"start":{"line":116,"column":2},"end":{"line":142,"column":null}},"type":"if","locations":[{"start":{"line":116,"column":2},"end":{"line":142,"column":null}}]},"4":{"loc":{"start":{"line":134,"column":6},"end":{"line":140,"column":null}},"type":"if","locations":[{"start":{"line":134,"column":6},"end":{"line":140,"column":null}}]},"5":{"loc":{"start":{"line":148,"column":2},"end":{"line":162,"column":null}},"type":"if","locations":[{"start":{"line":148,"column":2},"end":{"line":162,"column":null}},{"start":{"line":160,"column":9},"end":{"line":162,"column":null}}]},"6":{"loc":{"start":{"line":151,"column":6},"end":{"line":153,"column":null}},"type":"if","locations":[{"start":{"line":151,"column":6},"end":{"line":153,"column":null}}]},"7":{"loc":{"start":{"line":156,"column":6},"end":{"line":158,"column":null}},"type":"if","locations":[{"start":{"line":156,"column":6},"end":{"line":158,"column":null}}]},"8":{"loc":{"start":{"line":160,"column":9},"end":{"line":162,"column":null}},"type":"if","locations":[{"start":{"line":160,"column":9},"end":{"line":162,"column":null}}]},"9":{"loc":{"start":{"line":166,"column":0},"end":{"line":168,"column":null}},"type":"if","locations":[{"start":{"line":166,"column":0},"end":{"line":168,"column":null}}]}},"s":{"0":0,"1":0,"2":0,"3":0,"4":0,"5":0,"6":0,"7":0,"8":0,"9":0,"10":0,"11":0,"12":0,"13":0,"14":0,"15":0,"16":0,"17":0,"18":0,"19":0,"20":0,"21":0,"22":0,"23":0,"24":0,"25":0,"26":0,"27":0,"28":0,"29":0,"30":0,"31":0,"32":0,"33":0,"34":0,"35":0,"36":0,"37":0,"38":0,"39":0,"40":0,"41":0,"42":0,"43":0,"44":0,"45":0,"46":0,"47":0,"48":0,"49":0,"50":0,"51":0,"52":0,"53":0,"54":0,"55":0,"56":0,"57":0,"58":0,"59":0,"60":0,"61":0,"62":0,"63":0,"64":0,"65":0,"66":0,"67":0,"68":0,"69":0,"70":0,"71":0,"72":0,"73":0,"74":0,"75":0,"76":0,"77":0,"78":0,"79":0},"f":{"0":0,"1":0,"2":0,"3":0,"4":0,"5":0,"6":0,"7":0,"8":0,"9":0,"10":0,"11":0,"12":0,"13":0,"14":0,"15":0,"16":0,"17":0,"18":0},"b":{"0":[0,0],"1":[0,0],"2":[0,0],"3":[0],"4":[0],"5":[0,0],"6":[0],"7":[0],"8":[0],"9":[0]}}
,"/Users/guillermosierraaiello/dev/upload-system/server/src/routes/monitoring.routes.ts": {"path":"/Users/guillermosierraaiello/dev/upload-system/server/src/routes/monitoring.routes.ts","statementMap":{"0":{"start":{"line":1,"column":0},"end":{"line":1,"column":53}},"1":{"start":{"line":2,"column":0},"end":{"line":2,"column":20}},"2":{"start":{"line":3,"column":0},"end":{"line":3,"column":24}},"3":{"start":{"line":4,"column":0},"end":{"line":4,"column":33}},"4":{"start":{"line":5,"column":0},"end":{"line":5,"column":20}},"5":{"start":{"line":7,"column":15},"end":{"line":7,"column":31}},"6":{"start":{"line":8,"column":18},"end":{"line":8,"column":39}},"7":{"start":{"line":9,"column":15},"end":{"line":9,"column":33}},"8":{"start":{"line":12,"column":24},"end":{"line":12,"column":34}},"9":{"start":{"line":15,"column":20},"end":{"line":15,"column":21}},"10":{"start":{"line":16,"column":23},"end":{"line":16,"column":24}},"11":{"start":{"line":17,"column":20},"end":{"line":17,"column":21}},"12":{"start":{"line":20,"column":36},"end":{"line":22,"column":1}},"13":{"start":{"line":21,"column":2},"end":{"line":21,"column":18}},"14":{"start":{"line":20,"column":13},"end":{"line":20,"column":36}},"15":{"start":{"line":25,"column":39},"end":{"line":32,"column":1}},"16":{"start":{"line":26,"column":2},"end":{"line":26,"column":49}},"17":{"start":{"line":27,"column":2},"end":{"line":31,"column":null}},"18":{"start":{"line":28,"column":4},"end":{"line":28,"column":23}},"19":{"start":{"line":30,"column":4},"end":{"line":30,"column":20}},"20":{"start":{"line":25,"column":13},"end":{"line":25,"column":39}},"21":{"start":{"line":38,"column":0},"end":{"line":56,"column":3}},"22":{"start":{"line":39,"column":17},"end":{"line":39,"column":45}},"23":{"start":{"line":40,"column":22},"end":{"line":40,"column":43}},"24":{"start":{"line":42,"column":2},"end":{"line":55,"column":5}},"25":{"start":{"line":62,"column":0},"end":{"line":118,"column":3}},"26":{"start":{"line":63,"column":2},"end":{"line":117,"column":null}},"27":{"start":{"line":65,"column":19},"end":{"line":65,"column":47}},"28":{"start":{"line":68,"column":21},"end":{"line":68,"column":39}},"29":{"start":{"line":69,"column":24},"end":{"line":69,"column":45}},"30":{"start":{"line":70,"column":25},"end":{"line":74,"column":6}},"31":{"start":{"line":77,"column":25},"end":{"line":77,"column":57}},"32":{"start":{"line":78,"column":24},"end":{"line":80,"column":11}},"33":{"start":{"line":82,"column":4},"end":{"line":113,"column":7}},"34":{"start":{"line":115,"column":4},"end":{"line":115,"column":59}},"35":{"start":{"line":116,"column":4},"end":{"line":116,"column":69}},"36":{"start":{"line":124,"column":0},"end":{"line":156,"column":3}},"37":{"start":{"line":125,"column":2},"end":{"line":155,"column":null}},"38":{"start":{"line":126,"column":23},"end":{"line":126,"column":60}},"39":{"start":{"line":127,"column":22},"end":{"line":127,"column":53}},"40":{"start":{"line":128,"column":24},"end":{"line":128,"column":57}},"41":{"start":{"line":131,"column":24},"end":{"line":131,"column":58}},"42":{"start":{"line":132,"column":26},"end":{"line":132,"column":62}},"43":{"start":{"line":134,"column":4},"end":{"line":151,"column":7}},"44":{"start":{"line":153,"column":4},"end":{"line":153,"column":77}},"45":{"start":{"line":154,"column":4},"end":{"line":154,"column":87}},"46":{"start":{"line":162,"column":0},"end":{"line":172,"column":3}},"47":{"start":{"line":164,"column":2},"end":{"line":166,"column":null}},"48":{"start":{"line":165,"column":4},"end":{"line":165,"column":60}},"49":{"start":{"line":168,"column":2},"end":{"line":168,"column":23}},"50":{"start":{"line":169,"column":2},"end":{"line":169,"column":20}},"51":{"start":{"line":171,"column":2},"end":{"line":171,"column":50}},"52":{"start":{"line":175,"column":20},"end":{"line":181,"column":1}},"53":{"start":{"line":176,"column":2},"end":{"line":176,"column":36}},"54":{"start":{"line":176,"column":19},"end":{"line":176,"column":36}},"55":{"start":{"line":177,"column":12},"end":{"line":177,"column":16}},"56":{"start":{"line":178,"column":16},"end":{"line":178,"column":49}},"57":{"start":{"line":179,"column":12},"end":{"line":179,"column":53}},"58":{"start":{"line":180,"column":2},"end":{"line":180,"column":74}},"59":{"start":{"line":183,"column":21},"end":{"line":200,"column":1}},"60":{"start":{"line":184,"column":18},"end":{"line":184,"column":39}},"61":{"start":{"line":185,"column":18},"end":{"line":185,"column":42}},"62":{"start":{"line":186,"column":16},"end":{"line":186,"column":40}},"63":{"start":{"line":187,"column":15},"end":{"line":187,"column":37}},"64":{"start":{"line":189,"column":25},"end":{"line":189,"column":35}},"65":{"start":{"line":190,"column":27},"end":{"line":190,"column":39}},"66":{"start":{"line":191,"column":27},"end":{"line":191,"column":39}},"67":{"start":{"line":193,"column":15},"end":{"line":193,"column":17}},"68":{"start":{"line":194,"column":2},"end":{"line":194,"column":38}},"69":{"start":{"line":194,"column":16},"end":{"line":194,"column":38}},"70":{"start":{"line":195,"column":2},"end":{"line":195,"column":70}},"71":{"start":{"line":195,"column":38},"end":{"line":195,"column":70}},"72":{"start":{"line":196,"column":2},"end":{"line":196,"column":96}},"73":{"start":{"line":196,"column":62},"end":{"line":196,"column":96}},"74":{"start":{"line":197,"column":2},"end":{"line":197,"column":35}},"75":{"start":{"line":199,"column":2},"end":{"line":199,"column":16}},"76":{"start":{"line":208,"column":26},"end":{"line":260,"column":1}},"77":{"start":{"line":209,"column":2},"end":{"line":259,"column":null}},"78":{"start":{"line":210,"column":4},"end":{"line":212,"column":null}},"79":{"start":{"line":211,"column":6},"end":{"line":211,"column":56}},"80":{"start":{"line":214,"column":18},"end":{"line":214,"column":42}},"81":{"start":{"line":215,"column":20},"end":{"line":215,"column":21}},"82":{"start":{"line":216,"column":20},"end":{"line":216,"column":21}},"83":{"start":{"line":217,"column":68},"end":{"line":217,"column":70}},"84":{"start":{"line":219,"column":4},"end":{"line":253,"column":null}},"85":{"start":{"line":220,"column":23},"end":{"line":220,"column":47}},"86":{"start":{"line":221,"column":19},"end":{"line":221,"column":41}},"87":{"start":{"line":223,"column":6},"end":{"line":252,"column":null}},"88":{"start":{"line":225,"column":25},"end":{"line":225,"column":58}},"89":{"start":{"line":226,"column":8},"end":{"line":226,"column":40}},"90":{"start":{"line":227,"column":8},"end":{"line":227,"column":40}},"91":{"start":{"line":230,"column":8},"end":{"line":237,"column":null}},"92":{"start":{"line":231,"column":10},"end":{"line":236,"column":null}},"93":{"start":{"line":232,"column":12},"end":{"line":232,"column":45}},"94":{"start":{"line":233,"column":12},"end":{"line":233,"column":43}},"95":{"start":{"line":235,"column":12},"end":{"line":235,"column":39}},"96":{"start":{"line":239,"column":8},"end":{"line":239,"column":20}},"97":{"start":{"line":240,"column":8},"end":{"line":240,"column":31}},"98":{"start":{"line":243,"column":20},"end":{"line":243,"column":52}},"99":{"start":{"line":244,"column":21},"end":{"line":244,"column":37}},"100":{"start":{"line":246,"column":8},"end":{"line":251,"column":null}},"101":{"start":{"line":247,"column":10},"end":{"line":247,"column":31}},"102":{"start":{"line":248,"column":10},"end":{"line":248,"column":41}},"103":{"start":{"line":250,"column":10},"end":{"line":250,"column":55}},"104":{"start":{"line":255,"column":4},"end":{"line":255,"column":44}},"105":{"start":{"line":257,"column":4},"end":{"line":257,"column":84}},"106":{"start":{"line":258,"column":4},"end":{"line":258,"column":54}},"107":{"start":{"line":262,"column":0},"end":{"line":262,"column":22}}},"fnMap":{"0":{"name":"(anonymous_1)","decl":{"start":{"line":20,"column":36},"end":{"line":20,"column":39}},"loc":{"start":{"line":20,"column":41},"end":{"line":22,"column":1}}},"1":{"name":"(anonymous_2)","decl":{"start":{"line":25,"column":39},"end":{"line":25,"column":40}},"loc":{"start":{"line":25,"column":60},"end":{"line":32,"column":1}}},"2":{"name":"(anonymous_3)","decl":{"start":{"line":38,"column":22},"end":{"line":38,"column":23}},"loc":{"start":{"line":38,"column":54},"end":{"line":56,"column":1}}},"3":{"name":"(anonymous_4)","decl":{"start":{"line":62,"column":21},"end":{"line":62,"column":26}},"loc":{"start":{"line":62,"column":59},"end":{"line":118,"column":1}}},"4":{"name":"(anonymous_5)","decl":{"start":{"line":124,"column":23},"end":{"line":124,"column":28}},"loc":{"start":{"line":124,"column":61},"end":{"line":156,"column":1}}},"5":{"name":"(anonymous_6)","decl":{"start":{"line":162,"column":22},"end":{"line":162,"column":23}},"loc":{"start":{"line":162,"column":54},"end":{"line":172,"column":1}}},"6":{"name":"(anonymous_7)","decl":{"start":{"line":175,"column":20},"end":{"line":175,"column":21}},"loc":{"start":{"line":175,"column":46},"end":{"line":181,"column":1}}},"7":{"name":"(anonymous_8)","decl":{"start":{"line":183,"column":21},"end":{"line":183,"column":22}},"loc":{"start":{"line":183,"column":44},"end":{"line":200,"column":1}}},"8":{"name":"(anonymous_9)","decl":{"start":{"line":208,"column":26},"end":{"line":208,"column":31}},"loc":{"start":{"line":208,"column":77},"end":{"line":260,"column":1}}}},"branchMap":{"0":{"loc":{"start":{"line":27,"column":2},"end":{"line":31,"column":null}},"type":"if","locations":[{"start":{"line":27,"column":2},"end":{"line":31,"column":null}},{"start":{"line":29,"column":9},"end":{"line":31,"column":null}}]},"1":{"loc":{"start":{"line":78,"column":24},"end":{"line":80,"column":11}},"type":"cond-expr","locations":[{"start":{"line":79,"column":8},"end":{"line":79,"column":59}},{"start":{"line":80,"column":8},"end":{"line":80,"column":11}}]},"2":{"loc":{"start":{"line":164,"column":2},"end":{"line":166,"column":null}},"type":"if","locations":[{"start":{"line":164,"column":2},"end":{"line":166,"column":null}}]},"3":{"loc":{"start":{"line":164,"column":6},"end":{"line":164,"column":81}},"type":"binary-expr","locations":[{"start":{"line":164,"column":6},"end":{"line":164,"column":28}},{"start":{"line":164,"column":32},"end":{"line":164,"column":48}},{"start":{"line":164,"column":52},"end":{"line":164,"column":81}}]},"4":{"loc":{"start":{"line":176,"column":2},"end":{"line":176,"column":36}},"type":"if","locations":[{"start":{"line":176,"column":2},"end":{"line":176,"column":36}}]},"5":{"loc":{"start":{"line":194,"column":2},"end":{"line":194,"column":38}},"type":"if","locations":[{"start":{"line":194,"column":2},"end":{"line":194,"column":38}}]},"6":{"loc":{"start":{"line":195,"column":2},"end":{"line":195,"column":70}},"type":"if","locations":[{"start":{"line":195,"column":2},"end":{"line":195,"column":70}}]},"7":{"loc":{"start":{"line":195,"column":6},"end":{"line":195,"column":36}},"type":"binary-expr","locations":[{"start":{"line":195,"column":6},"end":{"line":195,"column":24}},{"start":{"line":195,"column":28},"end":{"line":195,"column":36}}]},"8":{"loc":{"start":{"line":196,"column":2},"end":{"line":196,"column":96}},"type":"if","locations":[{"start":{"line":196,"column":2},"end":{"line":196,"column":96}}]},"9":{"loc":{"start":{"line":196,"column":6},"end":{"line":196,"column":60}},"type":"binary-expr","locations":[{"start":{"line":196,"column":6},"end":{"line":196,"column":26}},{"start":{"line":196,"column":30},"end":{"line":196,"column":48}},{"start":{"line":196,"column":52},"end":{"line":196,"column":60}}]},"10":{"loc":{"start":{"line":210,"column":4},"end":{"line":212,"column":null}},"type":"if","locations":[{"start":{"line":210,"column":4},"end":{"line":212,"column":null}}]},"11":{"loc":{"start":{"line":223,"column":6},"end":{"line":252,"column":null}},"type":"if","locations":[{"start":{"line":223,"column":6},"end":{"line":252,"column":null}},{"start":{"line":238,"column":13},"end":{"line":252,"column":null}}]},"12":{"loc":{"start":{"line":231,"column":10},"end":{"line":236,"column":null}},"type":"if","locations":[{"start":{"line":231,"column":10},"end":{"line":236,"column":null}},{"start":{"line":234,"column":17},"end":{"line":236,"column":null}}]},"13":{"loc":{"start":{"line":244,"column":21},"end":{"line":244,"column":37}},"type":"binary-expr","locations":[{"start":{"line":244,"column":21},"end":{"line":244,"column":24}},{"start":{"line":244,"column":28},"end":{"line":244,"column":37}}]},"14":{"loc":{"start":{"line":246,"column":8},"end":{"line":251,"column":null}},"type":"if","locations":[{"start":{"line":246,"column":8},"end":{"line":251,"column":null}},{"start":{"line":249,"column":15},"end":{"line":251,"column":null}}]}},"s":{"0":0,"1":0,"2":0,"3":0,"4":0,"5":0,"6":0,"7":0,"8":0,"9":0,"10":0,"11":0,"12":0,"13":0,"14":0,"15":0,"16":0,"17":0,"18":0,"19":0,"20":0,"21":0,"22":0,"23":0,"24":0,"25":0,"26":0,"27":0,"28":0,"29":0,"30":0,"31":0,"32":0,"33":0,"34":0,"35":0,"36":0,"37":0,"38":0,"39":0,"40":0,"41":0,"42":0,"43":0,"44":0,"45":0,"46":0,"47":0,"48":0,"49":0,"50":0,"51":0,"52":0,"53":0,"54":0,"55":0,"56":0,"57":0,"58":0,"59":0,"60":0,"61":0,"62":0,"63":0,"64":0,"65":0,"66":0,"67":0,"68":0,"69":0,"70":0,"71":0,"72":0,"73":0,"74":0,"75":0,"76":0,"77":0,"78":0,"79":0,"80":0,"81":0,"82":0,"83":0,"84":0,"85":0,"86":0,"87":0,"88":0,"89":0,"90":0,"91":0,"92":0,"93":0,"94":0,"95":0,"96":0,"97":0,"98":0,"99":0,"100":0,"101":0,"102":0,"103":0,"104":0,"105":0,"106":0,"107":0},"f":{"0":0,"1":0,"2":0,"3":0,"4":0,"5":0,"6":0,"7":0,"8":0},"b":{"0":[0,0],"1":[0,0],"2":[0],"3":[0,0,0],"4":[0],"5":[0],"6":[0],"7":[0,0],"8":[0],"9":[0,0,0],"10":[0],"11":[0,0],"12":[0,0],"13":[0,0],"14":[0,0]}}
,"/Users/guillermosierraaiello/dev/upload-system/server/src/routes/upload.routes.ts": {"path":"/Users/guillermosierraaiello/dev/upload-system/server/src/routes/upload.routes.ts","statementMap":{"0":{"start":{"line":1,"column":0},"end":{"line":1,"column":75}},"1":{"start":{"line":2,"column":0},"end":{"line":2,"column":28}},"2":{"start":{"line":3,"column":0},"end":{"line":3,"column":24}},"3":{"start":{"line":4,"column":0},"end":{"line":4,"column":29}},"4":{"start":{"line":5,"column":0},"end":{"line":5,"column":28}},"5":{"start":{"line":6,"column":0},"end":{"line":6,"column":130}},"6":{"start":{"line":7,"column":0},"end":{"line":7,"column":28}},"7":{"start":{"line":8,"column":0},"end":{"line":8,"column":30}},"8":{"start":{"line":10,"column":0},"end":{"line":10,"column":76}},"9":{"start":{"line":11,"column":0},"end":{"line":11,"column":43}},"10":{"start":{"line":13,"column":15},"end":{"line":13,"column":31}},"11":{"start":{"line":16,"column":32},"end":{"line":16,"column":36}},"12":{"start":{"line":19,"column":21},"end":{"line":19,"column":57}},"13":{"start":{"line":21,"column":0},"end":{"line":50,"column":null}},"14":{"start":{"line":22,"column":2},"end":{"line":47,"column":null}},"15":{"start":{"line":23,"column":4},"end":{"line":29,"column":7}},"16":{"start":{"line":26,"column":27},"end":{"line":26,"column":31}},"17":{"start":{"line":32,"column":4},"end":{"line":38,"column":7}},"18":{"start":{"line":33,"column":6},"end":{"line":37,"column":null}},"19":{"start":{"line":34,"column":8},"end":{"line":34,"column":77}},"20":{"start":{"line":35,"column":8},"end":{"line":35,"column":33}},"21":{"start":{"line":36,"column":8},"end":{"line":36,"column":27}},"22":{"start":{"line":41,"column":4},"end":{"line":43,"column":7}},"23":{"start":{"line":42,"column":6},"end":{"line":42,"column":51}},"24":{"start":{"line":45,"column":4},"end":{"line":45,"column":88}},"25":{"start":{"line":46,"column":4},"end":{"line":46,"column":23}},"26":{"start":{"line":49,"column":2},"end":{"line":49,"column":89}},"27":{"start":{"line":69,"column":27},"end":{"line":69,"column":58}},"28":{"start":{"line":72,"column":21},"end":{"line":83,"column":2}},"29":{"start":{"line":86,"column":16},"end":{"line":86,"column":38}},"30":{"start":{"line":87,"column":15},"end":{"line":92,"column":2}},"31":{"start":{"line":95,"column":26},"end":{"line":95,"column":48}},"32":{"start":{"line":96,"column":25},"end":{"line":101,"column":2}},"33":{"start":{"line":109,"column":20},"end":{"line":115,"column":1}},"34":{"start":{"line":110,"column":2},"end":{"line":110,"column":58}},"35":{"start":{"line":111,"column":2},"end":{"line":114,"column":5}},"36":{"start":{"line":133,"column":25},"end":{"line":189,"column":1}},"37":{"start":{"line":137,"column":2},"end":{"line":188,"column":null}},"38":{"start":{"line":140,"column":4},"end":{"line":182,"column":null}},"39":{"start":{"line":141,"column":34},"end":{"line":141,"column":75}},"40":{"start":{"line":142,"column":28},"end":{"line":142,"column":86}},"41":{"start":{"line":145,"column":6},"end":{"line":145,"column":51}},"42":{"start":{"line":147,"column":6},"end":{"line":155,"column":null}},"43":{"start":{"line":148,"column":10},"end":{"line":148,"column":72}},"44":{"start":{"line":149,"column":13},"end":{"line":155,"column":null}},"45":{"start":{"line":150,"column":10},"end":{"line":150,"column":60}},"46":{"start":{"line":151,"column":13},"end":{"line":155,"column":null}},"47":{"start":{"line":152,"column":10},"end":{"line":152,"column":69}},"48":{"start":{"line":154,"column":11},"end":{"line":154,"column":44}},"49":{"start":{"line":157,"column":6},"end":{"line":159,"column":null}},"50":{"start":{"line":158,"column":8},"end":{"line":158,"column":50}},"51":{"start":{"line":161,"column":6},"end":{"line":161,"column":98}},"52":{"start":{"line":163,"column":22},"end":{"line":163,"column":52}},"53":{"start":{"line":164,"column":24},"end":{"line":164,"column":63}},"54":{"start":{"line":167,"column":6},"end":{"line":174,"column":null}},"55":{"start":{"line":168,"column":10},"end":{"line":168,"column":71}},"56":{"start":{"line":169,"column":13},"end":{"line":174,"column":null}},"57":{"start":{"line":170,"column":10},"end":{"line":170,"column":55}},"58":{"start":{"line":171,"column":13},"end":{"line":174,"column":null}},"59":{"start":{"line":173,"column":10},"end":{"line":173,"column":55}},"60":{"start":{"line":176,"column":6},"end":{"line":178,"column":null}},"61":{"start":{"line":177,"column":8},"end":{"line":177,"column":47}},"62":{"start":{"line":180,"column":6},"end":{"line":180,"column":48}},"63":{"start":{"line":181,"column":6},"end":{"line":181,"column":31}},"64":{"start":{"line":183,"column":5},"end":{"line":183,"column":74}},"65":{"start":{"line":184,"column":5},"end":{"line":184,"column":25}},"66":{"start":{"line":186,"column":4},"end":{"line":186,"column":73}},"67":{"start":{"line":187,"column":4},"end":{"line":187,"column":16}},"68":{"start":{"line":192,"column":24},"end":{"line":214,"column":1}},"69":{"start":{"line":193,"column":2},"end":{"line":213,"column":null}},"70":{"start":{"line":194,"column":4},"end":{"line":209,"column":null}},"71":{"start":{"line":195,"column":27},"end":{"line":195,"column":68}},"72":{"start":{"line":196,"column":6},"end":{"line":196,"column":37}},"73":{"start":{"line":196,"column":25},"end":{"line":196,"column":37}},"74":{"start":{"line":197,"column":21},"end":{"line":197,"column":45}},"75":{"start":{"line":199,"column":6},"end":{"line":199,"column":67}},"76":{"start":{"line":200,"column":6},"end":{"line":200,"column":36}},"77":{"start":{"line":202,"column":22},"end":{"line":202,"column":52}},"78":{"start":{"line":203,"column":7},"end":{"line":203,"column":32}},"79":{"start":{"line":203,"column":20},"end":{"line":203,"column":32}},"80":{"start":{"line":205,"column":7},"end":{"line":207,"column":null}},"81":{"start":{"line":206,"column":9},"end":{"line":206,"column":108}},"82":{"start":{"line":208,"column":7},"end":{"line":208,"column":21}},"83":{"start":{"line":211,"column":4},"end":{"line":211,"column":73}},"84":{"start":{"line":212,"column":4},"end":{"line":212,"column":16}},"85":{"start":{"line":218,"column":27},"end":{"line":218,"column":132}},"86":{"start":{"line":219,"column":17},"end":{"line":219,"column":60}},"87":{"start":{"line":222,"column":23},"end":{"line":241,"column":1}},"88":{"start":{"line":223,"column":19},"end":{"line":223,"column":36}},"89":{"start":{"line":224,"column":4},"end":{"line":227,"column":null}},"90":{"start":{"line":225,"column":8},"end":{"line":225,"column":65}},"91":{"start":{"line":226,"column":8},"end":{"line":226,"column":76}},"92":{"start":{"line":228,"column":4},"end":{"line":240,"column":null}},"93":{"start":{"line":229,"column":23},"end":{"line":229,"column":52}},"94":{"start":{"line":230,"column":8},"end":{"line":233,"column":null}},"95":{"start":{"line":231,"column":12},"end":{"line":231,"column":71}},"96":{"start":{"line":232,"column":12},"end":{"line":232,"column":82}},"97":{"start":{"line":235,"column":9},"end":{"line":235,"column":43}},"98":{"start":{"line":236,"column":8},"end":{"line":236,"column":15}},"99":{"start":{"line":238,"column":8},"end":{"line":238,"column":68}},"100":{"start":{"line":239,"column":8},"end":{"line":239,"column":78}},"101":{"start":{"line":247,"column":0},"end":{"line":292,"column":3}},"102":{"start":{"line":248,"column":2},"end":{"line":291,"column":null}},"103":{"start":{"line":249,"column":66},"end":{"line":249,"column":74}},"104":{"start":{"line":251,"column":4},"end":{"line":255,"column":null}},"105":{"start":{"line":252,"column":6},"end":{"line":254,"column":9}},"106":{"start":{"line":266,"column":19},"end":{"line":266,"column":57}},"107":{"start":{"line":269,"column":40},"end":{"line":278,"column":6}},"108":{"start":{"line":280,"column":4},"end":{"line":288,"column":null}},"109":{"start":{"line":282,"column":6},"end":{"line":282,"column":52}},"110":{"start":{"line":283,"column":6},"end":{"line":283,"column":78}},"111":{"start":{"line":284,"column":6},"end":{"line":284,"column":84}},"112":{"start":{"line":286,"column":6},"end":{"line":286,"column":74}},"113":{"start":{"line":287,"column":6},"end":{"line":287,"column":80}},"114":{"start":{"line":290,"column":4},"end":{"line":290,"column":61}},"115":{"start":{"line":298,"column":0},"end":{"line":413,"column":3}},"116":{"start":{"line":300,"column":23},"end":{"line":300,"column":62}},"117":{"start":{"line":302,"column":2},"end":{"line":306,"column":null}},"118":{"start":{"line":303,"column":4},"end":{"line":303,"column":53}},"119":{"start":{"line":305,"column":4},"end":{"line":305,"column":43}},"120":{"start":{"line":308,"column":48},"end":{"line":308,"column":58}},"121":{"start":{"line":309,"column":21},"end":{"line":309,"column":48}},"122":{"start":{"line":310,"column":18},"end":{"line":310,"column":58}},"123":{"start":{"line":312,"column":2},"end":{"line":315,"column":null}},"124":{"start":{"line":313,"column":4},"end":{"line":313,"column":87}},"125":{"start":{"line":314,"column":4},"end":{"line":314,"column":71}},"126":{"start":{"line":317,"column":2},"end":{"line":320,"column":null}},"127":{"start":{"line":318,"column":4},"end":{"line":318,"column":83}},"128":{"start":{"line":319,"column":4},"end":{"line":319,"column":73}},"129":{"start":{"line":322,"column":2},"end":{"line":412,"column":null}},"130":{"start":{"line":323,"column":4},"end":{"line":326,"column":null}},"131":{"start":{"line":324,"column":6},"end":{"line":324,"column":78}},"132":{"start":{"line":325,"column":6},"end":{"line":325,"column":72}},"133":{"start":{"line":328,"column":4},"end":{"line":331,"column":null}},"134":{"start":{"line":329,"column":6},"end":{"line":329,"column":72}},"135":{"start":{"line":330,"column":6},"end":{"line":330,"column":72}},"136":{"start":{"line":334,"column":4},"end":{"line":337,"column":null}},"137":{"start":{"line":335,"column":6},"end":{"line":335,"column":70}},"138":{"start":{"line":336,"column":6},"end":{"line":336,"column":68}},"139":{"start":{"line":342,"column":4},"end":{"line":356,"column":null}},"140":{"start":{"line":344,"column":6},"end":{"line":344,"column":36}},"141":{"start":{"line":345,"column":11},"end":{"line":356,"column":null}},"142":{"start":{"line":347,"column":6},"end":{"line":352,"column":null}},"143":{"start":{"line":348,"column":8},"end":{"line":348,"column":64}},"144":{"start":{"line":350,"column":8},"end":{"line":350,"column":89}},"145":{"start":{"line":351,"column":8},"end":{"line":351,"column":77}},"146":{"start":{"line":354,"column":6},"end":{"line":354,"column":74}},"147":{"start":{"line":355,"column":6},"end":{"line":355,"column":81}},"148":{"start":{"line":359,"column":4},"end":{"line":359,"column":53}},"149":{"start":{"line":360,"column":4},"end":{"line":360,"column":59}},"150":{"start":{"line":363,"column":4},"end":{"line":363,"column":42}},"151":{"start":{"line":364,"column":4},"end":{"line":364,"column":41}},"152":{"start":{"line":365,"column":4},"end":{"line":368,"column":7}},"153":{"start":{"line":370,"column":4},"end":{"line":370,"column":70}},"154":{"start":{"line":374,"column":23},"end":{"line":374,"column":63}},"155":{"start":{"line":375,"column":41},"end":{"line":375,"column":50}},"156":{"start":{"line":377,"column":4},"end":{"line":398,"column":null}},"157":{"start":{"line":379,"column":6},"end":{"line":379,"column":35}},"158":{"start":{"line":380,"column":6},"end":{"line":380,"column":31}},"159":{"start":{"line":381,"column":11},"end":{"line":398,"column":null}},"160":{"start":{"line":383,"column":6},"end":{"line":383,"column":27}},"161":{"start":{"line":384,"column":11},"end":{"line":398,"column":null}},"162":{"start":{"line":386,"column":6},"end":{"line":386,"column":43}},"163":{"start":{"line":388,"column":6},"end":{"line":390,"column":null}},"164":{"start":{"line":389,"column":8},"end":{"line":389,"column":41}},"165":{"start":{"line":393,"column":6},"end":{"line":397,"column":null}},"166":{"start":{"line":394,"column":8},"end":{"line":394,"column":45}},"167":{"start":{"line":396,"column":8},"end":{"line":396,"column":94}},"168":{"start":{"line":400,"column":4},"end":{"line":405,"column":7}},"169":{"start":{"line":408,"column":4},"end":{"line":411,"column":7}},"170":{"start":{"line":416,"column":36},"end":{"line":435,"column":1}},"171":{"start":{"line":418,"column":25},"end":{"line":418,"column":64}},"172":{"start":{"line":419,"column":23},"end":{"line":419,"column":54}},"173":{"start":{"line":421,"column":2},"end":{"line":434,"column":null}},"174":{"start":{"line":422,"column":4},"end":{"line":426,"column":null}},"175":{"start":{"line":423,"column":6},"end":{"line":423,"column":48}},"176":{"start":{"line":425,"column":6},"end":{"line":425,"column":40}},"177":{"start":{"line":427,"column":4},"end":{"line":427,"column":68}},"178":{"start":{"line":430,"column":4},"end":{"line":430,"column":29}},"179":{"start":{"line":433,"column":4},"end":{"line":433,"column":108}},"180":{"start":{"line":441,"column":0},"end":{"line":524,"column":3}},"181":{"start":{"line":442,"column":21},"end":{"line":442,"column":31}},"182":{"start":{"line":443,"column":18},"end":{"line":443,"column":58}},"183":{"start":{"line":444,"column":29},"end":{"line":444,"column":37}},"184":{"start":{"line":446,"column":2},"end":{"line":462,"column":null}},"185":{"start":{"line":447,"column":4},"end":{"line":447,"column":75}},"186":{"start":{"line":449,"column":4},"end":{"line":461,"column":null}},"187":{"start":{"line":450,"column":6},"end":{"line":457,"column":null}},"188":{"start":{"line":451,"column":8},"end":{"line":451,"column":41}},"189":{"start":{"line":452,"column":24},"end":{"line":452,"column":146}},"190":{"start":{"line":453,"column":8},"end":{"line":453,"column":112}},"191":{"start":{"line":455,"column":8},"end":{"line":455,"column":120}},"192":{"start":{"line":460,"column":6},"end":{"line":460,"column":115}},"193":{"start":{"line":464,"column":2},"end":{"line":471,"column":null}},"194":{"start":{"line":465,"column":4},"end":{"line":465,"column":146}},"195":{"start":{"line":466,"column":4},"end":{"line":470,"column":7}},"196":{"start":{"line":468,"column":71},"end":{"line":468,"column":76}},"197":{"start":{"line":473,"column":24},"end":{"line":473,"column":39}},"198":{"start":{"line":477,"column":2},"end":{"line":523,"column":null}},"199":{"start":{"line":479,"column":27},"end":{"line":479,"column":105}},"200":{"start":{"line":480,"column":4},"end":{"line":480,"column":110}},"201":{"start":{"line":483,"column":22},"end":{"line":483,"column":41}},"202":{"start":{"line":484,"column":4},"end":{"line":484,"column":94}},"203":{"start":{"line":487,"column":4},"end":{"line":493,"column":null}},"204":{"start":{"line":488,"column":6},"end":{"line":488,"column":99}},"205":{"start":{"line":490,"column":6},"end":{"line":490,"column":137}},"206":{"start":{"line":490,"column":56},"end":{"line":490,"column":135}},"207":{"start":{"line":491,"column":6},"end":{"line":491,"column":56}},"208":{"start":{"line":492,"column":6},"end":{"line":492,"column":94}},"209":{"start":{"line":496,"column":4},"end":{"line":496,"column":30}},"210":{"start":{"line":497,"column":4},"end":{"line":497,"column":42}},"211":{"start":{"line":498,"column":4},"end":{"line":498,"column":31}},"212":{"start":{"line":499,"column":4},"end":{"line":499,"column":41}},"213":{"start":{"line":502,"column":4},"end":{"line":508,"column":7}},"214":{"start":{"line":514,"column":20},"end":{"line":514,"column":64}},"215":{"start":{"line":515,"column":4},"end":{"line":515,"column":87}},"216":{"start":{"line":516,"column":4},"end":{"line":516,"column":112}},"217":{"start":{"line":519,"column":4},"end":{"line":519,"column":75}},"218":{"start":{"line":521,"column":4},"end":{"line":521,"column":164}},"219":{"start":{"line":521,"column":70},"end":{"line":521,"column":162}},"220":{"start":{"line":522,"column":4},"end":{"line":522,"column":66}},"221":{"start":{"line":530,"column":0},"end":{"line":558,"column":3}},"222":{"start":{"line":531,"column":2},"end":{"line":557,"column":null}},"223":{"start":{"line":532,"column":23},"end":{"line":532,"column":33}},"224":{"start":{"line":535,"column":19},"end":{"line":535,"column":48}},"225":{"start":{"line":537,"column":4},"end":{"line":541,"column":null}},"226":{"start":{"line":538,"column":6},"end":{"line":540,"column":9}},"227":{"start":{"line":543,"column":4},"end":{"line":554,"column":7}},"228":{"start":{"line":556,"column":4},"end":{"line":556,"column":72}},"229":{"start":{"line":564,"column":0},"end":{"line":587,"column":3}},"230":{"start":{"line":565,"column":21},"end":{"line":565,"column":31}},"231":{"start":{"line":566,"column":18},"end":{"line":566,"column":58}},"232":{"start":{"line":568,"column":2},"end":{"line":570,"column":null}},"233":{"start":{"line":569,"column":4},"end":{"line":569,"column":74}},"234":{"start":{"line":571,"column":2},"end":{"line":573,"column":null}},"235":{"start":{"line":572,"column":4},"end":{"line":572,"column":71}},"236":{"start":{"line":575,"column":2},"end":{"line":575,"column":25}},"237":{"start":{"line":576,"column":2},"end":{"line":576,"column":39}},"238":{"start":{"line":578,"column":2},"end":{"line":586,"column":null}},"239":{"start":{"line":580,"column":4},"end":{"line":580,"column":98}},"240":{"start":{"line":581,"column":4},"end":{"line":581,"column":54}},"241":{"start":{"line":582,"column":4},"end":{"line":582,"column":69}},"242":{"start":{"line":584,"column":4},"end":{"line":584,"column":72}},"243":{"start":{"line":585,"column":4},"end":{"line":585,"column":65}},"244":{"start":{"line":593,"column":0},"end":{"line":620,"column":3}},"245":{"start":{"line":594,"column":21},"end":{"line":594,"column":31}},"246":{"start":{"line":595,"column":18},"end":{"line":595,"column":58}},"247":{"start":{"line":597,"column":2},"end":{"line":599,"column":null}},"248":{"start":{"line":598,"column":4},"end":{"line":598,"column":74}},"249":{"start":{"line":600,"column":2},"end":{"line":602,"column":null}},"250":{"start":{"line":601,"column":4},"end":{"line":601,"column":70}},"251":{"start":{"line":604,"column":2},"end":{"line":604,"column":26}},"252":{"start":{"line":605,"column":2},"end":{"line":605,"column":39}},"253":{"start":{"line":607,"column":2},"end":{"line":619,"column":null}},"254":{"start":{"line":609,"column":4},"end":{"line":609,"column":99}},"255":{"start":{"line":610,"column":4},"end":{"line":610,"column":55}},"256":{"start":{"line":611,"column":4},"end":{"line":615,"column":7}},"257":{"start":{"line":614,"column":71},"end":{"line":614,"column":76}},"258":{"start":{"line":617,"column":4},"end":{"line":617,"column":73}},"259":{"start":{"line":618,"column":4},"end":{"line":618,"column":66}},"260":{"start":{"line":626,"column":0},"end":{"line":656,"column":3}},"261":{"start":{"line":627,"column":21},"end":{"line":627,"column":31}},"262":{"start":{"line":628,"column":18},"end":{"line":628,"column":58}},"263":{"start":{"line":630,"column":2},"end":{"line":630,"column":69}},"264":{"start":{"line":632,"column":2},"end":{"line":655,"column":null}},"265":{"start":{"line":634,"column":4},"end":{"line":634,"column":54}},"266":{"start":{"line":637,"column":4},"end":{"line":647,"column":null}},"267":{"start":{"line":638,"column":6},"end":{"line":646,"column":null}},"268":{"start":{"line":639,"column":8},"end":{"line":639,"column":41}},"269":{"start":{"line":640,"column":8},"end":{"line":640,"column":92}},"270":{"start":{"line":643,"column":8},"end":{"line":645,"column":null}},"271":{"start":{"line":644,"column":10},"end":{"line":644,"column":109}},"272":{"start":{"line":649,"column":4},"end":{"line":649,"column":86}},"273":{"start":{"line":650,"column":4},"end":{"line":650,"column":87}},"274":{"start":{"line":653,"column":4},"end":{"line":653,"column":75}},"275":{"start":{"line":654,"column":4},"end":{"line":654,"column":89}},"276":{"start":{"line":669,"column":53},"end":{"line":669,"column":57}},"277":{"start":{"line":670,"column":63},"end":{"line":670,"column":67}},"278":{"start":{"line":672,"column":0},"end":{"line":722,"column":null}},"279":{"start":{"line":674,"column":4},"end":{"line":714,"column":null}},"280":{"start":{"line":675,"column":9},"end":{"line":680,"column":12}},"281":{"start":{"line":681,"column":9},"end":{"line":681,"column":62}},"282":{"start":{"line":682,"column":11},"end":{"line":714,"column":null}},"283":{"start":{"line":684,"column":8},"end":{"line":694,"column":12}},"284":{"start":{"line":685,"column":13},"end":{"line":693,"column":null}},"285":{"start":{"line":686,"column":17},"end":{"line":691,"column":20}},"286":{"start":{"line":692,"column":17},"end":{"line":692,"column":87}},"287":{"start":{"line":695,"column":9},"end":{"line":705,"column":12}},"288":{"start":{"line":696,"column":13},"end":{"line":696,"column":124}},"289":{"start":{"line":697,"column":13},"end":{"line":704,"column":null}},"290":{"start":{"line":698,"column":17},"end":{"line":702,"column":20}},"291":{"start":{"line":703,"column":18},"end":{"line":703,"column":88}},"292":{"start":{"line":708,"column":8},"end":{"line":708,"column":92}},"293":{"start":{"line":709,"column":8},"end":{"line":713,"column":11}},"294":{"start":{"line":716,"column":4},"end":{"line":716,"column":79}},"295":{"start":{"line":717,"column":5},"end":{"line":721,"column":8}},"296":{"start":{"line":726,"column":28},"end":{"line":740,"column":1}},"297":{"start":{"line":727,"column":4},"end":{"line":730,"column":null}},"298":{"start":{"line":728,"column":8},"end":{"line":728,"column":74}},"299":{"start":{"line":729,"column":8},"end":{"line":729,"column":22}},"300":{"start":{"line":732,"column":16},"end":{"line":732,"column":38}},"301":{"start":{"line":733,"column":4},"end":{"line":739,"column":null}},"302":{"start":{"line":734,"column":8},"end":{"line":734,"column":39}},"303":{"start":{"line":735,"column":8},"end":{"line":735,"column":15}},"304":{"start":{"line":737,"column":8},"end":{"line":737,"column":57}},"305":{"start":{"line":738,"column":8},"end":{"line":738,"column":88}},"306":{"start":{"line":743,"column":0},"end":{"line":743,"column":62}},"307":{"start":{"line":744,"column":0},"end":{"line":744,"column":53}},"308":{"start":{"line":745,"column":0},"end":{"line":745,"column":41}},"309":{"start":{"line":749,"column":0},"end":{"line":749,"column":22}}},"fnMap":{"0":{"name":"(anonymous_1)","decl":{"start":{"line":26,"column":21},"end":{"line":26,"column":24}},"loc":{"start":{"line":26,"column":27},"end":{"line":26,"column":31}}},"1":{"name":"(anonymous_2)","decl":{"start":{"line":32,"column":28},"end":{"line":32,"column":29}},"loc":{"start":{"line":32,"column":36},"end":{"line":38,"column":5}}},"2":{"name":"(anonymous_3)","decl":{"start":{"line":41,"column":30},"end":{"line":41,"column":33}},"loc":{"start":{"line":41,"column":35},"end":{"line":43,"column":5}}},"3":{"name":"(anonymous_4)","decl":{"start":{"line":109,"column":20},"end":{"line":109,"column":21}},"loc":{"start":{"line":109,"column":67},"end":{"line":115,"column":1}}},"4":{"name":"(anonymous_5)","decl":{"start":{"line":133,"column":25},"end":{"line":133,"column":30}},"loc":{"start":{"line":136,"column":4},"end":{"line":189,"column":1}}},"5":{"name":"(anonymous_6)","decl":{"start":{"line":192,"column":24},"end":{"line":192,"column":29}},"loc":{"start":{"line":192,"column":79},"end":{"line":214,"column":1}}},"6":{"name":"(anonymous_7)","decl":{"start":{"line":222,"column":23},"end":{"line":222,"column":28}},"loc":{"start":{"line":222,"column":81},"end":{"line":241,"column":1}}},"7":{"name":"(anonymous_8)","decl":{"start":{"line":247,"column":21},"end":{"line":247,"column":26}},"loc":{"start":{"line":247,"column":59},"end":{"line":292,"column":1}}},"8":{"name":"(anonymous_9)","decl":{"start":{"line":298,"column":58},"end":{"line":298,"column":59}},"loc":{"start":{"line":298,"column":77},"end":{"line":307,"column":1}}},"9":{"name":"(anonymous_10)","decl":{"start":{"line":307,"column":3},"end":{"line":307,"column":8}},"loc":{"start":{"line":307,"column":41},"end":{"line":413,"column":1}}},"10":{"name":"(anonymous_11)","decl":{"start":{"line":416,"column":36},"end":{"line":416,"column":41}},"loc":{"start":{"line":416,"column":90},"end":{"line":435,"column":1}}},"11":{"name":"(anonymous_12)","decl":{"start":{"line":441,"column":49},"end":{"line":441,"column":54}},"loc":{"start":{"line":441,"column":87},"end":{"line":524,"column":1}}},"12":{"name":"(anonymous_13)","decl":{"start":{"line":468,"column":61},"end":{"line":468,"column":62}},"loc":{"start":{"line":468,"column":71},"end":{"line":468,"column":76}}},"13":{"name":"(anonymous_14)","decl":{"start":{"line":490,"column":49},"end":{"line":490,"column":52}},"loc":{"start":{"line":490,"column":56},"end":{"line":490,"column":135}}},"14":{"name":"(anonymous_15)","decl":{"start":{"line":521,"column":60},"end":{"line":521,"column":66}},"loc":{"start":{"line":521,"column":70},"end":{"line":521,"column":162}}},"15":{"name":"(anonymous_16)","decl":{"start":{"line":530,"column":30},"end":{"line":530,"column":35}},"loc":{"start":{"line":530,"column":68},"end":{"line":558,"column":1}}},"16":{"name":"(anonymous_17)","decl":{"start":{"line":564,"column":45},"end":{"line":564,"column":50}},"loc":{"start":{"line":564,"column":83},"end":{"line":587,"column":1}}},"17":{"name":"(anonymous_18)","decl":{"start":{"line":593,"column":46},"end":{"line":593,"column":51}},"loc":{"start":{"line":593,"column":84},"end":{"line":620,"column":1}}},"18":{"name":"(anonymous_19)","decl":{"start":{"line":614,"column":61},"end":{"line":614,"column":62}},"loc":{"start":{"line":614,"column":71},"end":{"line":614,"column":76}}},"19":{"name":"(anonymous_20)","decl":{"start":{"line":626,"column":49},"end":{"line":626,"column":54}},"loc":{"start":{"line":626,"column":87},"end":{"line":656,"column":1}}},"20":{"name":"(anonymous_21)","decl":{"start":{"line":684,"column":32},"end":{"line":684,"column":35}},"loc":{"start":{"line":684,"column":37},"end":{"line":694,"column":10}}},"21":{"name":"(anonymous_22)","decl":{"start":{"line":695,"column":33},"end":{"line":695,"column":34}},"loc":{"start":{"line":695,"column":41},"end":{"line":705,"column":10}}},"22":{"name":"(anonymous_23)","decl":{"start":{"line":726,"column":28},"end":{"line":726,"column":33}},"loc":{"start":{"line":726,"column":86},"end":{"line":740,"column":1}}}},"branchMap":{"0":{"loc":{"start":{"line":21,"column":0},"end":{"line":50,"column":null}},"type":"if","locations":[{"start":{"line":21,"column":0},"end":{"line":50,"column":null}},{"start":{"line":48,"column":7},"end":{"line":50,"column":null}}]},"1":{"loc":{"start":{"line":24,"column":12},"end":{"line":24,"column":49}},"type":"binary-expr","locations":[{"start":{"line":24,"column":12},"end":{"line":24,"column":34}},{"start":{"line":24,"column":38},"end":{"line":24,"column":49}}]},"2":{"loc":{"start":{"line":25,"column":21},"end":{"line":25,"column":53}},"type":"binary-expr","locations":[{"start":{"line":25,"column":21},"end":{"line":25,"column":43}},{"start":{"line":25,"column":47},"end":{"line":25,"column":53}}]},"3":{"loc":{"start":{"line":33,"column":6},"end":{"line":37,"column":null}},"type":"if","locations":[{"start":{"line":33,"column":6},"end":{"line":37,"column":null}}]},"4":{"loc":{"start":{"line":90,"column":23},"end":{"line":90,"column":62}},"type":"binary-expr","locations":[{"start":{"line":90,"column":23},"end":{"line":90,"column":48}},{"start":{"line":90,"column":52},"end":{"line":90,"column":62}}]},"5":{"loc":{"start":{"line":99,"column":23},"end":{"line":99,"column":63}},"type":"binary-expr","locations":[{"start":{"line":99,"column":23},"end":{"line":99,"column":49}},{"start":{"line":99,"column":53},"end":{"line":99,"column":63}}]},"6":{"loc":{"start":{"line":140,"column":4},"end":{"line":182,"column":null}},"type":"if","locations":[{"start":{"line":140,"column":4},"end":{"line":182,"column":null}},{"start":{"line":162,"column":11},"end":{"line":182,"column":null}}]},"7":{"loc":{"start":{"line":142,"column":28},"end":{"line":142,"column":86}},"type":"cond-expr","locations":[{"start":{"line":142,"column":50},"end":{"line":142,"column":81}},{"start":{"line":142,"column":84},"end":{"line":142,"column":86}}]},"8":{"loc":{"start":{"line":147,"column":6},"end":{"line":155,"column":null}},"type":"if","locations":[{"start":{"line":147,"column":6},"end":{"line":155,"column":null}},{"start":{"line":149,"column":13},"end":{"line":155,"column":null}}]},"9":{"loc":{"start":{"line":149,"column":13},"end":{"line":155,"column":null}},"type":"if","locations":[{"start":{"line":149,"column":13},"end":{"line":155,"column":null}},{"start":{"line":151,"column":13},"end":{"line":155,"column":null}}]},"10":{"loc":{"start":{"line":149,"column":17},"end":{"line":149,"column":74}},"type":"binary-expr","locations":[{"start":{"line":149,"column":17},"end":{"line":149,"column":36}},{"start":{"line":149,"column":40},"end":{"line":149,"column":74}}]},"11":{"loc":{"start":{"line":151,"column":13},"end":{"line":155,"column":null}},"type":"if","locations":[{"start":{"line":151,"column":13},"end":{"line":155,"column":null}},{"start":{"line":153,"column":13},"end":{"line":155,"column":null}}]},"12":{"loc":{"start":{"line":151,"column":17},"end":{"line":151,"column":69}},"type":"binary-expr","locations":[{"start":{"line":151,"column":17},"end":{"line":151,"column":45}},{"start":{"line":151,"column":49},"end":{"line":151,"column":69}}]},"13":{"loc":{"start":{"line":157,"column":6},"end":{"line":159,"column":null}},"type":"if","locations":[{"start":{"line":157,"column":6},"end":{"line":159,"column":null}}]},"14":{"loc":{"start":{"line":167,"column":6},"end":{"line":174,"column":null}},"type":"if","locations":[{"start":{"line":167,"column":6},"end":{"line":174,"column":null}},{"start":{"line":169,"column":13},"end":{"line":174,"column":null}}]},"15":{"loc":{"start":{"line":169,"column":13},"end":{"line":174,"column":null}},"type":"if","locations":[{"start":{"line":169,"column":13},"end":{"line":174,"column":null}},{"start":{"line":171,"column":13},"end":{"line":174,"column":null}}]},"16":{"loc":{"start":{"line":171,"column":13},"end":{"line":174,"column":null}},"type":"if","locations":[{"start":{"line":171,"column":13},"end":{"line":174,"column":null}}]},"17":{"loc":{"start":{"line":176,"column":6},"end":{"line":178,"column":null}},"type":"if","locations":[{"start":{"line":176,"column":6},"end":{"line":178,"column":null}}]},"18":{"loc":{"start":{"line":194,"column":4},"end":{"line":209,"column":null}},"type":"if","locations":[{"start":{"line":194,"column":4},"end":{"line":209,"column":null}},{"start":{"line":201,"column":11},"end":{"line":209,"column":null}}]},"19":{"loc":{"start":{"line":196,"column":6},"end":{"line":196,"column":37}},"type":"if","locations":[{"start":{"line":196,"column":6},"end":{"line":196,"column":37}}]},"20":{"loc":{"start":{"line":199,"column":38},"end":{"line":199,"column":65}},"type":"binary-expr","locations":[{"start":{"line":199,"column":38},"end":{"line":199,"column":59}},{"start":{"line":199,"column":63},"end":{"line":199,"column":65}}]},"21":{"loc":{"start":{"line":203,"column":7},"end":{"line":203,"column":32}},"type":"if","locations":[{"start":{"line":203,"column":7},"end":{"line":203,"column":32}}]},"22":{"loc":{"start":{"line":205,"column":7},"end":{"line":207,"column":null}},"type":"if","locations":[{"start":{"line":205,"column":7},"end":{"line":207,"column":null}}]},"23":{"loc":{"start":{"line":206,"column":41},"end":{"line":206,"column":106}},"type":"cond-expr","locations":[{"start":{"line":206,"column":80},"end":{"line":206,"column":101}},{"start":{"line":206,"column":104},"end":{"line":206,"column":106}}]},"24":{"loc":{"start":{"line":218,"column":28},"end":{"line":218,"column":120}},"type":"binary-expr","locations":[{"start":{"line":218,"column":28},"end":{"line":218,"column":58}},{"start":{"line":218,"column":62},"end":{"line":218,"column":120}}]},"25":{"loc":{"start":{"line":224,"column":4},"end":{"line":227,"column":null}},"type":"if","locations":[{"start":{"line":224,"column":4},"end":{"line":227,"column":null}}]},"26":{"loc":{"start":{"line":224,"column":8},"end":{"line":224,"column":50}},"type":"binary-expr","locations":[{"start":{"line":224,"column":8},"end":{"line":224,"column":15}},{"start":{"line":224,"column":19},"end":{"line":224,"column":50}}]},"27":{"loc":{"start":{"line":230,"column":8},"end":{"line":233,"column":null}},"type":"if","locations":[{"start":{"line":230,"column":8},"end":{"line":233,"column":null}}]},"28":{"loc":{"start":{"line":251,"column":4},"end":{"line":255,"column":null}},"type":"if","locations":[{"start":{"line":251,"column":4},"end":{"line":255,"column":null}}]},"29":{"loc":{"start":{"line":251,"column":8},"end":{"line":251,"column":59}},"type":"binary-expr","locations":[{"start":{"line":251,"column":8},"end":{"line":251,"column":17}},{"start":{"line":251,"column":21},"end":{"line":251,"column":30}},{"start":{"line":251,"column":34},"end":{"line":251,"column":43}},{"start":{"line":251,"column":47},"end":{"line":251,"column":59}}]},"30":{"loc":{"start":{"line":302,"column":2},"end":{"line":306,"column":null}},"type":"if","locations":[{"start":{"line":302,"column":2},"end":{"line":306,"column":null}},{"start":{"line":304,"column":9},"end":{"line":306,"column":null}}]},"31":{"loc":{"start":{"line":312,"column":2},"end":{"line":315,"column":null}},"type":"if","locations":[{"start":{"line":312,"column":2},"end":{"line":315,"column":null}}]},"32":{"loc":{"start":{"line":312,"column":6},"end":{"line":312,"column":38}},"type":"binary-expr","locations":[{"start":{"line":312,"column":6},"end":{"line":312,"column":15}},{"start":{"line":312,"column":19},"end":{"line":312,"column":38}}]},"33":{"loc":{"start":{"line":317,"column":2},"end":{"line":320,"column":null}},"type":"if","locations":[{"start":{"line":317,"column":2},"end":{"line":320,"column":null}}]},"34":{"loc":{"start":{"line":317,"column":6},"end":{"line":317,"column":77}},"type":"binary-expr","locations":[{"start":{"line":317,"column":6},"end":{"line":317,"column":23}},{"start":{"line":317,"column":27},"end":{"line":317,"column":41}},{"start":{"line":317,"column":45},"end":{"line":317,"column":77}}]},"35":{"loc":{"start":{"line":323,"column":4},"end":{"line":326,"column":null}},"type":"if","locations":[{"start":{"line":323,"column":4},"end":{"line":326,"column":null}}]},"36":{"loc":{"start":{"line":328,"column":4},"end":{"line":331,"column":null}},"type":"if","locations":[{"start":{"line":328,"column":4},"end":{"line":331,"column":null}}]},"37":{"loc":{"start":{"line":334,"column":4},"end":{"line":337,"column":null}},"type":"if","locations":[{"start":{"line":334,"column":4},"end":{"line":337,"column":null}}]},"38":{"loc":{"start":{"line":342,"column":4},"end":{"line":356,"column":null}},"type":"if","locations":[{"start":{"line":342,"column":4},"end":{"line":356,"column":null}},{"start":{"line":345,"column":11},"end":{"line":356,"column":null}}]},"39":{"loc":{"start":{"line":345,"column":11},"end":{"line":356,"column":null}},"type":"if","locations":[{"start":{"line":345,"column":11},"end":{"line":356,"column":null}},{"start":{"line":353,"column":11},"end":{"line":356,"column":null}}]},"40":{"loc":{"start":{"line":377,"column":4},"end":{"line":398,"column":null}},"type":"if","locations":[{"start":{"line":377,"column":4},"end":{"line":398,"column":null}},{"start":{"line":381,"column":11},"end":{"line":398,"column":null}}]},"41":{"loc":{"start":{"line":381,"column":11},"end":{"line":398,"column":null}},"type":"if","locations":[{"start":{"line":381,"column":11},"end":{"line":398,"column":null}},{"start":{"line":384,"column":11},"end":{"line":398,"column":null}}]},"42":{"loc":{"start":{"line":384,"column":11},"end":{"line":398,"column":null}},"type":"if","locations":[{"start":{"line":384,"column":11},"end":{"line":398,"column":null}},{"start":{"line":391,"column":11},"end":{"line":398,"column":null}}]},"43":{"loc":{"start":{"line":384,"column":15},"end":{"line":384,"column":71}},"type":"binary-expr","locations":[{"start":{"line":384,"column":15},"end":{"line":384,"column":20}},{"start":{"line":384,"column":24},"end":{"line":384,"column":49}},{"start":{"line":384,"column":53},"end":{"line":384,"column":71}}]},"44":{"loc":{"start":{"line":388,"column":6},"end":{"line":390,"column":null}},"type":"if","locations":[{"start":{"line":388,"column":6},"end":{"line":390,"column":null}}]},"45":{"loc":{"start":{"line":410,"column":15},"end":{"line":410,"column":110}},"type":"cond-expr","locations":[{"start":{"line":410,"column":63},"end":{"line":410,"column":85}},{"start":{"line":410,"column":88},"end":{"line":410,"column":110}}]},"46":{"loc":{"start":{"line":418,"column":25},"end":{"line":418,"column":64}},"type":"binary-expr","locations":[{"start":{"line":418,"column":25},"end":{"line":418,"column":31}},{"start":{"line":418,"column":35},"end":{"line":418,"column":64}}]},"47":{"loc":{"start":{"line":419,"column":23},"end":{"line":419,"column":54}},"type":"binary-expr","locations":[{"start":{"line":419,"column":23},"end":{"line":419,"column":49}},{"start":{"line":419,"column":53},"end":{"line":419,"column":54}}]},"48":{"loc":{"start":{"line":419,"column":23},"end":{"line":419,"column":49}},"type":"cond-expr","locations":[{"start":{"line":419,"column":36},"end":{"line":419,"column":38}},{"start":{"line":419,"column":23},"end":{"line":419,"column":49}}]},"49":{"loc":{"start":{"line":419,"column":23},"end":{"line":419,"column":38}},"type":"binary-expr","locations":[{"start":{"line":419,"column":23},"end":{"line":419,"column":38}},{"start":{"line":419,"column":23},"end":{"line":419,"column":38}}]},"50":{"loc":{"start":{"line":422,"column":4},"end":{"line":426,"column":null}},"type":"if","locations":[{"start":{"line":422,"column":4},"end":{"line":426,"column":null}},{"start":{"line":424,"column":11},"end":{"line":426,"column":null}}]},"51":{"loc":{"start":{"line":446,"column":2},"end":{"line":462,"column":null}},"type":"if","locations":[{"start":{"line":446,"column":2},"end":{"line":462,"column":null}}]},"52":{"loc":{"start":{"line":449,"column":4},"end":{"line":461,"column":null}},"type":"if","locations":[{"start":{"line":449,"column":4},"end":{"line":461,"column":null}},{"start":{"line":458,"column":11},"end":{"line":461,"column":null}}]},"53":{"loc":{"start":{"line":464,"column":2},"end":{"line":471,"column":null}},"type":"if","locations":[{"start":{"line":464,"column":2},"end":{"line":471,"column":null}}]},"54":{"loc":{"start":{"line":487,"column":4},"end":{"line":493,"column":null}},"type":"if","locations":[{"start":{"line":487,"column":4},"end":{"line":493,"column":null}}]},"55":{"loc":{"start":{"line":487,"column":8},"end":{"line":487,"column":44}},"type":"binary-expr","locations":[{"start":{"line":487,"column":8},"end":{"line":487,"column":17}},{"start":{"line":487,"column":21},"end":{"line":487,"column":44}}]},"56":{"loc":{"start":{"line":537,"column":4},"end":{"line":541,"column":null}},"type":"if","locations":[{"start":{"line":537,"column":4},"end":{"line":541,"column":null}}]},"57":{"loc":{"start":{"line":568,"column":2},"end":{"line":570,"column":null}},"type":"if","locations":[{"start":{"line":568,"column":2},"end":{"line":570,"column":null}}]},"58":{"loc":{"start":{"line":571,"column":2},"end":{"line":573,"column":null}},"type":"if","locations":[{"start":{"line":571,"column":2},"end":{"line":573,"column":null}}]},"59":{"loc":{"start":{"line":597,"column":2},"end":{"line":599,"column":null}},"type":"if","locations":[{"start":{"line":597,"column":2},"end":{"line":599,"column":null}}]},"60":{"loc":{"start":{"line":600,"column":2},"end":{"line":602,"column":null}},"type":"if","locations":[{"start":{"line":600,"column":2},"end":{"line":602,"column":null}}]},"61":{"loc":{"start":{"line":637,"column":4},"end":{"line":647,"column":null}},"type":"if","locations":[{"start":{"line":637,"column":4},"end":{"line":647,"column":null}}]},"62":{"loc":{"start":{"line":643,"column":8},"end":{"line":645,"column":null}},"type":"if","locations":[{"start":{"line":643,"column":8},"end":{"line":645,"column":null}}]},"63":{"loc":{"start":{"line":672,"column":0},"end":{"line":722,"column":null}},"type":"if","locations":[{"start":{"line":672,"column":0},"end":{"line":722,"column":null}},{"start":{"line":715,"column":7},"end":{"line":722,"column":null}}]},"64":{"loc":{"start":{"line":674,"column":4},"end":{"line":714,"column":null}},"type":"if","locations":[{"start":{"line":674,"column":4},"end":{"line":714,"column":null}},{"start":{"line":682,"column":11},"end":{"line":714,"column":null}}]},"65":{"loc":{"start":{"line":674,"column":8},"end":{"line":674,"column":53}},"type":"binary-expr","locations":[{"start":{"line":674,"column":8},"end":{"line":674,"column":19}},{"start":{"line":674,"column":23},"end":{"line":674,"column":53}}]},"66":{"loc":{"start":{"line":678,"column":30},"end":{"line":678,"column":74}},"type":"binary-expr","locations":[{"start":{"line":678,"column":30},"end":{"line":678,"column":66}},{"start":{"line":678,"column":70},"end":{"line":678,"column":74}}]},"67":{"loc":{"start":{"line":679,"column":32},"end":{"line":679,"column":78}},"type":"binary-expr","locations":[{"start":{"line":679,"column":32},"end":{"line":679,"column":70}},{"start":{"line":679,"column":74},"end":{"line":679,"column":78}}]},"68":{"loc":{"start":{"line":682,"column":11},"end":{"line":714,"column":null}},"type":"if","locations":[{"start":{"line":682,"column":11},"end":{"line":714,"column":null}},{"start":{"line":706,"column":11},"end":{"line":714,"column":null}}]},"69":{"loc":{"start":{"line":685,"column":13},"end":{"line":693,"column":null}},"type":"if","locations":[{"start":{"line":685,"column":13},"end":{"line":693,"column":null}}]},"70":{"loc":{"start":{"line":689,"column":38},"end":{"line":689,"column":82}},"type":"binary-expr","locations":[{"start":{"line":689,"column":38},"end":{"line":689,"column":74}},{"start":{"line":689,"column":78},"end":{"line":689,"column":82}}]},"71":{"loc":{"start":{"line":690,"column":40},"end":{"line":690,"column":86}},"type":"binary-expr","locations":[{"start":{"line":690,"column":40},"end":{"line":690,"column":78}},{"start":{"line":690,"column":82},"end":{"line":690,"column":86}}]},"72":{"loc":{"start":{"line":697,"column":13},"end":{"line":704,"column":null}},"type":"if","locations":[{"start":{"line":697,"column":13},"end":{"line":704,"column":null}}]},"73":{"loc":{"start":{"line":700,"column":38},"end":{"line":700,"column":82}},"type":"binary-expr","locations":[{"start":{"line":700,"column":38},"end":{"line":700,"column":74}},{"start":{"line":700,"column":78},"end":{"line":700,"column":82}}]},"74":{"loc":{"start":{"line":701,"column":40},"end":{"line":701,"column":86}},"type":"binary-expr","locations":[{"start":{"line":701,"column":40},"end":{"line":701,"column":78}},{"start":{"line":701,"column":82},"end":{"line":701,"column":86}}]},"75":{"loc":{"start":{"line":711,"column":29},"end":{"line":711,"column":73}},"type":"binary-expr","locations":[{"start":{"line":711,"column":29},"end":{"line":711,"column":65}},{"start":{"line":711,"column":69},"end":{"line":711,"column":73}}]},"76":{"loc":{"start":{"line":712,"column":31},"end":{"line":712,"column":77}},"type":"binary-expr","locations":[{"start":{"line":712,"column":31},"end":{"line":712,"column":69}},{"start":{"line":712,"column":73},"end":{"line":712,"column":77}}]},"77":{"loc":{"start":{"line":719,"column":26},"end":{"line":719,"column":70}},"type":"binary-expr","locations":[{"start":{"line":719,"column":26},"end":{"line":719,"column":62}},{"start":{"line":719,"column":66},"end":{"line":719,"column":70}}]},"78":{"loc":{"start":{"line":720,"column":28},"end":{"line":720,"column":74}},"type":"binary-expr","locations":[{"start":{"line":720,"column":28},"end":{"line":720,"column":66}},{"start":{"line":720,"column":70},"end":{"line":720,"column":74}}]},"79":{"loc":{"start":{"line":727,"column":4},"end":{"line":730,"column":null}},"type":"if","locations":[{"start":{"line":727,"column":4},"end":{"line":730,"column":null}}]},"80":{"loc":{"start":{"line":732,"column":16},"end":{"line":732,"column":38}},"type":"binary-expr","locations":[{"start":{"line":732,"column":16},"end":{"line":732,"column":22}},{"start":{"line":732,"column":26},"end":{"line":732,"column":38}}]}},"s":{"0":0,"1":0,"2":0,"3":0,"4":0,"5":0,"6":0,"7":0,"8":0,"9":0,"10":0,"11":0,"12":0,"13":0,"14":0,"15":0,"16":0,"17":0,"18":0,"19":0,"20":0,"21":0,"22":0,"23":0,"24":0,"25":0,"26":0,"27":0,"28":0,"29":0,"30":0,"31":0,"32":0,"33":0,"34":0,"35":0,"36":0,"37":0,"38":0,"39":0,"40":0,"41":0,"42":0,"43":0,"44":0,"45":0,"46":0,"47":0,"48":0,"49":0,"50":0,"51":0,"52":0,"53":0,"54":0,"55":0,"56":0,"57":0,"58":0,"59":0,"60":0,"61":0,"62":0,"63":0,"64":0,"65":0,"66":0,"67":0,"68":0,"69":0,"70":0,"71":0,"72":0,"73":0,"74":0,"75":0,"76":0,"77":0,"78":0,"79":0,"80":0,"81":0,"82":0,"83":0,"84":0,"85":0,"86":0,"87":0,"88":0,"89":0,"90":0,"91":0,"92":0,"93":0,"94":0,"95":0,"96":0,"97":0,"98":0,"99":0,"100":0,"101":0,"102":0,"103":0,"104":0,"105":0,"106":0,"107":0,"108":0,"109":0,"110":0,"111":0,"112":0,"113":0,"114":0,"115":0,"116":0,"117":0,"118":0,"119":0,"120":0,"121":0,"122":0,"123":0,"124":0,"125":0,"126":0,"127":0,"128":0,"129":0,"130":0,"131":0,"132":0,"133":0,"134":0,"135":0,"136":0,"137":0,"138":0,"139":0,"140":0,"141":0,"142":0,"143":0,"144":0,"145":0,"146":0,"147":0,"148":0,"149":0,"150":0,"151":0,"152":0,"153":0,"154":0,"155":0,"156":0,"157":0,"158":0,"159":0,"160":0,"161":0,"162":0,"163":0,"164":0,"165":0,"166":0,"167":0,"168":0,"169":0,"170":0,"171":0,"172":0,"173":0,"174":0,"175":0,"176":0,"177":0,"178":0,"179":0,"180":0,"181":0,"182":0,"183":0,"184":0,"185":0,"186":0,"187":0,"188":0,"189":0,"190":0,"191":0,"192":0,"193":0,"194":0,"195":0,"196":0,"197":0,"198":0,"199":0,"200":0,"201":0,"202":0,"203":0,"204":0,"205":0,"206":0,"207":0,"208":0,"209":0,"210":0,"211":0,"212":0,"213":0,"214":0,"215":0,"216":0,"217":0,"218":0,"219":0,"220":0,"221":0,"222":0,"223":0,"224":0,"225":0,"226":0,"227":0,"228":0,"229":0,"230":0,"231":0,"232":0,"233":0,"234":0,"235":0,"236":0,"237":0,"238":0,"239":0,"240":0,"241":0,"242":0,"243":0,"244":0,"245":0,"246":0,"247":0,"248":0,"249":0,"250":0,"251":0,"252":0,"253":0,"254":0,"255":0,"256":0,"257":0,"258":0,"259":0,"260":0,"261":0,"262":0,"263":0,"264":0,"265":0,"266":0,"267":0,"268":0,"269":0,"270":0,"271":0,"272":0,"273":0,"274":0,"275":0,"276":0,"277":0,"278":0,"279":0,"280":0,"281":0,"282":0,"283":0,"284":0,"285":0,"286":0,"287":0,"288":0,"289":0,"290":0,"291":0,"292":0,"293":0,"294":0,"295":0,"296":0,"297":0,"298":0,"299":0,"300":0,"301":0,"302":0,"303":0,"304":0,"305":0,"306":0,"307":0,"308":0,"309":0},"f":{"0":0,"1":0,"2":0,"3":0,"4":0,"5":0,"6":0,"7":0,"8":0,"9":0,"10":0,"11":0,"12":0,"13":0,"14":0,"15":0,"16":0,"17":0,"18":0,"19":0,"20":0,"21":0,"22":0},"b":{"0":[0,0],"1":[0,0],"2":[0,0],"3":[0],"4":[0,0],"5":[0,0],"6":[0,0],"7":[0,0],"8":[0,0],"9":[0,0],"10":[0,0],"11":[0,0],"12":[0,0],"13":[0],"14":[0,0],"15":[0,0],"16":[0],"17":[0],"18":[0,0],"19":[0],"20":[0,0],"21":[0],"22":[0],"23":[0,0],"24":[0,0],"25":[0],"26":[0,0],"27":[0],"28":[0],"29":[0,0,0,0],"30":[0,0],"31":[0],"32":[0,0],"33":[0],"34":[0,0,0],"35":[0],"36":[0],"37":[0],"38":[0,0],"39":[0,0],"40":[0,0],"41":[0,0],"42":[0,0],"43":[0,0,0],"44":[0],"45":[0,0],"46":[0,0],"47":[0,0],"48":[0,0],"49":[0,0],"50":[0,0],"51":[0],"52":[0,0],"53":[0],"54":[0],"55":[0,0],"56":[0],"57":[0],"58":[0],"59":[0],"60":[0],"61":[0],"62":[0],"63":[0,0],"64":[0,0],"65":[0,0],"66":[0,0],"67":[0,0],"68":[0,0],"69":[0],"70":[0,0],"71":[0,0],"72":[0],"73":[0,0],"74":[0,0],"75":[0,0],"76":[0,0],"77":[0,0],"78":[0,0],"79":[0],"80":[0,0]}}
,"/Users/guillermosierraaiello/dev/upload-system/server/src/utils/fileUtils.ts": {"path":"/Users/guillermosierraaiello/dev/upload-system/server/src/utils/fileUtils.ts","statementMap":{"0":{"start":{"line":1,"column":0},"end":{"line":1,"column":20}},"1":{"start":{"line":2,"column":0},"end":{"line":2,"column":24}},"2":{"start":{"line":3,"column":0},"end":{"line":3,"column":28}},"3":{"start":{"line":4,"column":0},"end":{"line":4,"column":33}},"4":{"start":{"line":6,"column":17},"end":{"line":6,"column":37}},"5":{"start":{"line":8,"column":17},"end":{"line":8,"column":37}},"6":{"start":{"line":9,"column":16},"end":{"line":9,"column":35}},"7":{"start":{"line":10,"column":19},"end":{"line":10,"column":41}},"8":{"start":{"line":11,"column":20},"end":{"line":11,"column":43}},"9":{"start":{"line":12,"column":17},"end":{"line":12,"column":37}},"10":{"start":{"line":13,"column":18},"end":{"line":13,"column":39}},"11":{"start":{"line":14,"column":15},"end":{"line":14,"column":33}},"12":{"start":{"line":16,"column":20},"end":{"line":16,"column":56}},"13":{"start":{"line":17,"column":19},"end":{"line":17,"column":51}},"14":{"start":{"line":18,"column":21},"end":{"line":18,"column":55}},"15":{"start":{"line":19,"column":32},"end":{"line":19,"column":89}},"16":{"start":{"line":20,"column":28},"end":{"line":20,"column":81}},"17":{"start":{"line":23,"column":20},"end":{"line":23,"column":45}},"18":{"start":{"line":26,"column":25},"end":{"line":35,"column":1}},"19":{"start":{"line":30,"column":2},"end":{"line":34,"column":28}},"20":{"start":{"line":47,"column":28},"end":{"line":56,"column":1}},"21":{"start":{"line":48,"column":18},"end":{"line":48,"column":65}},"22":{"start":{"line":50,"column":2},"end":{"line":55,"column":null}},"23":{"start":{"line":51,"column":4},"end":{"line":54,"column":null}},"24":{"start":{"line":52,"column":6},"end":{"line":52,"column":49}},"25":{"start":{"line":53,"column":6},"end":{"line":53,"column":47}},"26":{"start":{"line":47,"column":13},"end":{"line":47,"column":28}},"27":{"start":{"line":61,"column":33},"end":{"line":64,"column":1}},"28":{"start":{"line":62,"column":21},"end":{"line":62,"column":47}},"29":{"start":{"line":63,"column":2},"end":{"line":63,"column":67}},"30":{"start":{"line":61,"column":13},"end":{"line":61,"column":33}},"31":{"start":{"line":69,"column":28},"end":{"line":71,"column":1}},"32":{"start":{"line":70,"column":2},"end":{"line":70,"column":58}},"33":{"start":{"line":69,"column":13},"end":{"line":69,"column":28}},"34":{"start":{"line":76,"column":25},"end":{"line":84,"column":1}},"35":{"start":{"line":81,"column":20},"end":{"line":81,"column":52}},"36":{"start":{"line":82,"column":2},"end":{"line":82,"column":44}},"37":{"start":{"line":83,"column":2},"end":{"line":83,"column":19}},"38":{"start":{"line":76,"column":13},"end":{"line":76,"column":25}},"39":{"start":{"line":89,"column":32},"end":{"line":120,"column":1}},"40":{"start":{"line":93,"column":2},"end":{"line":119,"column":null}},"41":{"start":{"line":94,"column":27},"end":{"line":94,"column":60}},"42":{"start":{"line":97,"column":4},"end":{"line":100,"column":null}},"43":{"start":{"line":99,"column":6},"end":{"line":99,"column":89}},"44":{"start":{"line":103,"column":20},"end":{"line":103,"column":60}},"45":{"start":{"line":104,"column":20},"end":{"line":104,"column":60}},"46":{"start":{"line":106,"column":4},"end":{"line":108,"column":null}},"47":{"start":{"line":107,"column":6},"end":{"line":107,"column":21}},"48":{"start":{"line":110,"column":4},"end":{"line":112,"column":null}},"49":{"start":{"line":111,"column":6},"end":{"line":111,"column":21}},"50":{"start":{"line":115,"column":4},"end":{"line":115,"column":48}},"51":{"start":{"line":117,"column":4},"end":{"line":117,"column":62}},"52":{"start":{"line":118,"column":4},"end":{"line":118,"column":17}},"53":{"start":{"line":89,"column":13},"end":{"line":89,"column":32}},"54":{"start":{"line":125,"column":33},"end":{"line":127,"column":1}},"55":{"start":{"line":126,"column":2},"end":{"line":126,"column":39}},"56":{"start":{"line":125,"column":13},"end":{"line":125,"column":33}},"57":{"start":{"line":132,"column":28},"end":{"line":218,"column":1}},"58":{"start":{"line":139,"column":16},"end":{"line":139,"column":26}},"59":{"start":{"line":140,"column":21},"end":{"line":140,"column":138}},"60":{"start":{"line":141,"column":19},"end":{"line":141,"column":54}},"61":{"start":{"line":143,"column":2},"end":{"line":145,"column":null}},"62":{"start":{"line":144,"column":4},"end":{"line":144,"column":49}},"63":{"start":{"line":148,"column":18},"end":{"line":148,"column":40}},"64":{"start":{"line":150,"column":19},"end":{"line":150,"column":69}},"65":{"start":{"line":151,"column":20},"end":{"line":151,"column":30}},"66":{"start":{"line":153,"column":23},"end":{"line":153,"column":50}},"67":{"start":{"line":154,"column":25},"end":{"line":154,"column":65}},"68":{"start":{"line":155,"column":19},"end":{"line":155,"column":54}},"69":{"start":{"line":158,"column":22},"end":{"line":158,"column":52}},"70":{"start":{"line":161,"column":25},"end":{"line":161,"column":48}},"71":{"start":{"line":162,"column":27},"end":{"line":162,"column":59}},"72":{"start":{"line":163,"column":22},"end":{"line":163,"column":72}},"73":{"start":{"line":165,"column":2},"end":{"line":167,"column":null}},"74":{"start":{"line":166,"column":4},"end":{"line":166,"column":78}},"75":{"start":{"line":170,"column":2},"end":{"line":180,"column":null}},"76":{"start":{"line":170,"column":15},"end":{"line":170,"column":16}},"77":{"start":{"line":171,"column":22},"end":{"line":171,"column":45}},"78":{"start":{"line":172,"column":4},"end":{"line":179,"column":null}},"79":{"start":{"line":173,"column":24},"end":{"line":173,"column":51}},"80":{"start":{"line":174,"column":6},"end":{"line":174,"column":35}},"81":{"start":{"line":176,"column":6},"end":{"line":176,"column":32}},"82":{"start":{"line":178,"column":6},"end":{"line":178,"column":59}},"83":{"start":{"line":183,"column":2},"end":{"line":188,"column":5}},"84":{"start":{"line":184,"column":4},"end":{"line":187,"column":7}},"85":{"start":{"line":185,"column":6},"end":{"line":186,"column":21}},"86":{"start":{"line":185,"column":15},"end":{"line":185,"column":27}},"87":{"start":{"line":186,"column":11},"end":{"line":186,"column":21}},"88":{"start":{"line":191,"column":19},"end":{"line":191,"column":52}},"89":{"start":{"line":194,"column":28},"end":{"line":194,"column":55}},"90":{"start":{"line":195,"column":19},"end":{"line":195,"column":27}},"91":{"start":{"line":196,"column":20},"end":{"line":196,"column":25}},"92":{"start":{"line":198,"column":2},"end":{"line":206,"column":null}},"93":{"start":{"line":200,"column":4},"end":{"line":200,"column":29}},"94":{"start":{"line":201,"column":4},"end":{"line":201,"column":35}},"95":{"start":{"line":202,"column":4},"end":{"line":202,"column":23}},"96":{"start":{"line":205,"column":4},"end":{"line":205,"column":40}},"97":{"start":{"line":209,"column":27},"end":{"line":209,"column":63}},"98":{"start":{"line":210,"column":14},"end":{"line":210,"column":72}},"99":{"start":{"line":212,"column":2},"end":{"line":217,"column":4}},"100":{"start":{"line":132,"column":13},"end":{"line":132,"column":28}},"101":{"start":{"line":223,"column":32},"end":{"line":240,"column":1}},"102":{"start":{"line":224,"column":16},"end":{"line":224,"column":43}},"103":{"start":{"line":225,"column":14},"end":{"line":225,"column":24}},"104":{"start":{"line":227,"column":2},"end":{"line":239,"column":null}},"105":{"start":{"line":228,"column":21},"end":{"line":228,"column":48}},"106":{"start":{"line":229,"column":18},"end":{"line":229,"column":40}},"107":{"start":{"line":230,"column":20},"end":{"line":230,"column":47}},"108":{"start":{"line":233,"column":19},"end":{"line":233,"column":54}},"109":{"start":{"line":235,"column":4},"end":{"line":238,"column":null}},"110":{"start":{"line":236,"column":6},"end":{"line":236,"column":31}},"111":{"start":{"line":237,"column":6},"end":{"line":237,"column":54}},"112":{"start":{"line":223,"column":13},"end":{"line":223,"column":32}},"113":{"start":{"line":245,"column":31},"end":{"line":271,"column":1}},"114":{"start":{"line":246,"column":22},"end":{"line":246,"column":51}},"115":{"start":{"line":247,"column":14},"end":{"line":247,"column":24}},"116":{"start":{"line":249,"column":2},"end":{"line":270,"column":null}},"117":{"start":{"line":250,"column":27},"end":{"line":250,"column":62}},"118":{"start":{"line":251,"column":18},"end":{"line":251,"column":46}},"119":{"start":{"line":253,"column":4},"end":{"line":269,"column":null}},"120":{"start":{"line":254,"column":22},"end":{"line":254,"column":49}},"121":{"start":{"line":256,"column":21},"end":{"line":256,"column":62}},"122":{"start":{"line":258,"column":6},"end":{"line":268,"column":null}},"123":{"start":{"line":259,"column":22},"end":{"line":259,"column":53}},"124":{"start":{"line":261,"column":8},"end":{"line":263,"column":null}},"125":{"start":{"line":262,"column":10},"end":{"line":262,"column":58}},"126":{"start":{"line":266,"column":8},"end":{"line":266,"column":48}},"127":{"start":{"line":267,"column":8},"end":{"line":267,"column":64}},"128":{"start":{"line":245,"column":13},"end":{"line":245,"column":31}}},"fnMap":{"0":{"name":"(anonymous_1)","decl":{"start":{"line":26,"column":25},"end":{"line":26,"column":26}},"loc":{"start":{"line":26,"column":54},"end":{"line":35,"column":1}}},"1":{"name":"(anonymous_2)","decl":{"start":{"line":47,"column":28},"end":{"line":47,"column":33}},"loc":{"start":{"line":47,"column":54},"end":{"line":56,"column":1}}},"2":{"name":"(anonymous_3)","decl":{"start":{"line":61,"column":33},"end":{"line":61,"column":38}},"loc":{"start":{"line":61,"column":77},"end":{"line":64,"column":1}}},"3":{"name":"(anonymous_4)","decl":{"start":{"line":69,"column":28},"end":{"line":69,"column":29}},"loc":{"start":{"line":69,"column":75},"end":{"line":71,"column":1}}},"4":{"name":"(anonymous_5)","decl":{"start":{"line":76,"column":25},"end":{"line":76,"column":30}},"loc":{"start":{"line":80,"column":21},"end":{"line":84,"column":1}}},"5":{"name":"(anonymous_6)","decl":{"start":{"line":89,"column":32},"end":{"line":89,"column":37}},"loc":{"start":{"line":92,"column":22},"end":{"line":120,"column":1}}},"6":{"name":"(anonymous_7)","decl":{"start":{"line":125,"column":33},"end":{"line":125,"column":34}},"loc":{"start":{"line":125,"column":65},"end":{"line":127,"column":1}}},"7":{"name":"(anonymous_8)","decl":{"start":{"line":132,"column":28},"end":{"line":132,"column":33}},"loc":{"start":{"line":137,"column":25},"end":{"line":218,"column":1}}},"8":{"name":"(anonymous_9)","decl":{"start":{"line":183,"column":26},"end":{"line":183,"column":27}},"loc":{"start":{"line":183,"column":46},"end":{"line":188,"column":3}}},"9":{"name":"(anonymous_10)","decl":{"start":{"line":184,"column":20},"end":{"line":184,"column":21}},"loc":{"start":{"line":184,"column":42},"end":{"line":187,"column":5}}},"10":{"name":"(anonymous_11)","decl":{"start":{"line":223,"column":32},"end":{"line":223,"column":37}},"loc":{"start":{"line":223,"column":58},"end":{"line":240,"column":1}}},"11":{"name":"(anonymous_12)","decl":{"start":{"line":245,"column":31},"end":{"line":245,"column":36}},"loc":{"start":{"line":245,"column":57},"end":{"line":271,"column":1}}}},"branchMap":{"0":{"loc":{"start":{"line":16,"column":20},"end":{"line":16,"column":56}},"type":"binary-expr","locations":[{"start":{"line":16,"column":20},"end":{"line":16,"column":43}},{"start":{"line":16,"column":47},"end":{"line":16,"column":56}}]},"1":{"loc":{"start":{"line":19,"column":41},"end":{"line":19,"column":84}},"type":"binary-expr","locations":[{"start":{"line":19,"column":41},"end":{"line":19,"column":76}},{"start":{"line":19,"column":80},"end":{"line":19,"column":84}}]},"2":{"loc":{"start":{"line":20,"column":37},"end":{"line":20,"column":76}},"type":"binary-expr","locations":[{"start":{"line":20,"column":37},"end":{"line":20,"column":68}},{"start":{"line":20,"column":72},"end":{"line":20,"column":76}}]},"3":{"loc":{"start":{"line":51,"column":4},"end":{"line":54,"column":null}},"type":"if","locations":[{"start":{"line":51,"column":4},"end":{"line":54,"column":null}}]},"4":{"loc":{"start":{"line":97,"column":4},"end":{"line":100,"column":null}},"type":"if","locations":[{"start":{"line":97,"column":4},"end":{"line":100,"column":null}}]},"5":{"loc":{"start":{"line":99,"column":13},"end":{"line":99,"column":88}},"type":"binary-expr","locations":[{"start":{"line":99,"column":13},"end":{"line":99,"column":43}},{"start":{"line":99,"column":47},"end":{"line":99,"column":88}}]},"6":{"loc":{"start":{"line":106,"column":4},"end":{"line":108,"column":null}},"type":"if","locations":[{"start":{"line":106,"column":4},"end":{"line":108,"column":null}}]},"7":{"loc":{"start":{"line":110,"column":4},"end":{"line":112,"column":null}},"type":"if","locations":[{"start":{"line":110,"column":4},"end":{"line":112,"column":null}}]},"8":{"loc":{"start":{"line":126,"column":9},"end":{"line":126,"column":38}},"type":"binary-expr","locations":[{"start":{"line":126,"column":9},"end":{"line":126,"column":30}},{"start":{"line":126,"column":34},"end":{"line":126,"column":38}}]},"9":{"loc":{"start":{"line":143,"column":2},"end":{"line":145,"column":null}},"type":"if","locations":[{"start":{"line":143,"column":2},"end":{"line":145,"column":null}}]},"10":{"loc":{"start":{"line":165,"column":2},"end":{"line":167,"column":null}},"type":"if","locations":[{"start":{"line":165,"column":2},"end":{"line":167,"column":null}}]},"11":{"loc":{"start":{"line":172,"column":4},"end":{"line":179,"column":null}},"type":"if","locations":[{"start":{"line":172,"column":4},"end":{"line":179,"column":null}},{"start":{"line":177,"column":11},"end":{"line":179,"column":null}}]},"12":{"loc":{"start":{"line":185,"column":6},"end":{"line":186,"column":21}},"type":"if","locations":[{"start":{"line":185,"column":6},"end":{"line":186,"column":21}},{"start":{"line":186,"column":11},"end":{"line":186,"column":21}}]},"13":{"loc":{"start":{"line":198,"column":2},"end":{"line":206,"column":null}},"type":"if","locations":[{"start":{"line":198,"column":2},"end":{"line":206,"column":null}},{"start":{"line":203,"column":9},"end":{"line":206,"column":null}}]},"14":{"loc":{"start":{"line":235,"column":4},"end":{"line":238,"column":null}},"type":"if","locations":[{"start":{"line":235,"column":4},"end":{"line":238,"column":null}}]},"15":{"loc":{"start":{"line":253,"column":4},"end":{"line":269,"column":null}},"type":"if","locations":[{"start":{"line":253,"column":4},"end":{"line":269,"column":null}}]},"16":{"loc":{"start":{"line":258,"column":6},"end":{"line":268,"column":null}},"type":"if","locations":[{"start":{"line":258,"column":6},"end":{"line":268,"column":null}}]}},"s":{"0":0,"1":0,"2":0,"3":0,"4":0,"5":0,"6":0,"7":0,"8":0,"9":0,"10":0,"11":0,"12":0,"13":0,"14":0,"15":0,"16":0,"17":0,"18":0,"19":0,"20":0,"21":0,"22":0,"23":0,"24":0,"25":0,"26":0,"27":0,"28":0,"29":0,"30":0,"31":0,"32":0,"33":0,"34":0,"35":0,"36":0,"37":0,"38":0,"39":0,"40":0,"41":0,"42":0,"43":0,"44":0,"45":0,"46":0,"47":0,"48":0,"49":0,"50":0,"51":0,"52":0,"53":0,"54":0,"55":0,"56":0,"57":0,"58":0,"59":0,"60":0,"61":0,"62":0,"63":0,"64":0,"65":0,"66":0,"67":0,"68":0,"69":0,"70":0,"71":0,"72":0,"73":0,"74":0,"75":0,"76":0,"77":0,"78":0,"79":0,"80":0,"81":0,"82":0,"83":0,"84":0,"85":0,"86":0,"87":0,"88":0,"89":0,"90":0,"91":0,"92":0,"93":0,"94":0,"95":0,"96":0,"97":0,"98":0,"99":0,"100":0,"101":0,"102":0,"103":0,"104":0,"105":0,"106":0,"107":0,"108":0,"109":0,"110":0,"111":0,"112":0,"113":0,"114":0,"115":0,"116":0,"117":0,"118":0,"119":0,"120":0,"121":0,"122":0,"123":0,"124":0,"125":0,"126":0,"127":0,"128":0},"f":{"0":0,"1":0,"2":0,"3":0,"4":0,"5":0,"6":0,"7":0,"8":0,"9":0,"10":0,"11":0},"b":{"0":[0,0],"1":[0,0],"2":[0,0],"3":[0],"4":[0],"5":[0,0],"6":[0],"7":[0],"8":[0,0],"9":[0],"10":[0],"11":[0,0],"12":[0,0],"13":[0,0],"14":[0],"15":[0],"16":[0]}}
,"/Users/guillermosierraaiello/dev/upload-system/server/src/utils/logger.ts": {"path":"/Users/guillermosierraaiello/dev/upload-system/server/src/utils/logger.ts","statementMap":{"0":{"start":{"line":1,"column":0},"end":{"line":1,"column":30}},"1":{"start":{"line":2,"column":0},"end":{"line":2,"column":24}},"2":{"start":{"line":3,"column":0},"end":{"line":3,"column":20}},"3":{"start":{"line":6,"column":15},"end":{"line":6,"column":21}},"4":{"start":{"line":9,"column":0},"end":{"line":11,"column":null}},"5":{"start":{"line":10,"column":2},"end":{"line":10,"column":23}},"6":{"start":{"line":14,"column":13},"end":{"line":33,"column":3}},"7":{"start":{"line":39,"column":0},"end":{"line":46,"column":null}},"8":{"start":{"line":40,"column":2},"end":{"line":45,"column":6}}},"fnMap":{},"branchMap":{"0":{"loc":{"start":{"line":9,"column":0},"end":{"line":11,"column":null}},"type":"if","locations":[{"start":{"line":9,"column":0},"end":{"line":11,"column":null}}]},"1":{"loc":{"start":{"line":15,"column":9},"end":{"line":15,"column":40}},"type":"binary-expr","locations":[{"start":{"line":15,"column":9},"end":{"line":15,"column":30}},{"start":{"line":15,"column":34},"end":{"line":15,"column":40}}]},"2":{"loc":{"start":{"line":39,"column":0},"end":{"line":46,"column":null}},"type":"if","locations":[{"start":{"line":39,"column":0},"end":{"line":46,"column":null}}]}},"s":{"0":0,"1":0,"2":0,"3":0,"4":0,"5":0,"6":0,"7":0,"8":0},"f":{},"b":{"0":[0],"1":[0,0],"2":[0]}}
}
