TN:
SF:src/app.ts
FN:32,(anonymous_1)
FN:35,(anonymous_2)
FN:58,(anonymous_3)
FN:59,(anonymous_4)
FN:70,(anonymous_5)
FN:82,(anonymous_6)
FNF:6
FNH:0
FNDA:0,(anonymous_1)
FNDA:0,(anonymous_2)
FNDA:0,(anonymous_3)
FNDA:0,(anonymous_4)
FNDA:0,(anonymous_5)
FNDA:0,(anonymous_6)
DA:1,0
DA:2,0
DA:3,0
DA:4,0
DA:5,0
DA:6,0
DA:7,0
DA:8,0
DA:9,0
DA:10,0
DA:13,0
DA:16,0
DA:17,0
DA:20,0
DA:23,0
DA:26,0
DA:27,0
DA:31,0
DA:32,0
DA:33,0
DA:35,0
DA:36,0
DA:37,0
DA:40,0
DA:45,0
DA:53,0
DA:56,0
DA:57,0
DA:58,0
DA:59,0
DA:63,0
DA:64,0
DA:67,0
DA:70,0
DA:71,0
DA:82,0
DA:83,0
DA:85,0
DA:91,0
LF:39
LH:0
BRDA:17,0,0,0
BRDA:17,0,1,0
BRDA:26,1,0,0
BRDA:31,2,0,0
BRDA:56,3,0,0
BRDA:85,4,0,0
BRDA:85,4,1,0
BRDA:87,5,0,0
BRDA:87,5,1,0
BRF:9
BRH:0
end_of_record
TN:
SF:src/index.ts
FN:33,(anonymous_1)
FN:36,(anonymous_2)
FN:58,(anonymous_3)
FN:59,(anonymous_4)
FN:69,(anonymous_5)
FN:81,(anonymous_6)
FN:94,(anonymous_7)
FN:104,(anonymous_8)
FN:106,(anonymous_9)
FN:107,(anonymous_10)
FN:115,(anonymous_11)
FN:117,(anonymous_12)
FN:122,(anonymous_13)
FN:124,(anonymous_14)
FN:125,(anonymous_15)
FN:132,(anonymous_16)
FN:135,(anonymous_17)
FN:147,(anonymous_18)
FN:150,(anonymous_19)
FNF:19
FNH:0
FNDA:0,(anonymous_1)
FNDA:0,(anonymous_2)
FNDA:0,(anonymous_3)
FNDA:0,(anonymous_4)
FNDA:0,(anonymous_5)
FNDA:0,(anonymous_6)
FNDA:0,(anonymous_7)
FNDA:0,(anonymous_8)
FNDA:0,(anonymous_9)
FNDA:0,(anonymous_10)
FNDA:0,(anonymous_11)
FNDA:0,(anonymous_12)
FNDA:0,(anonymous_13)
FNDA:0,(anonymous_14)
FNDA:0,(anonymous_15)
FNDA:0,(anonymous_16)
FNDA:0,(anonymous_17)
FNDA:0,(anonymous_18)
FNDA:0,(anonymous_19)
DA:1,0
DA:2,0
DA:3,0
DA:4,0
DA:5,0
DA:7,0
DA:8,0
DA:9,0
DA:10,0
DA:11,0
DA:14,0
DA:17,0
DA:18,0
DA:21,0
DA:24,0
DA:27,0
DA:30,0
DA:33,0
DA:34,0
DA:36,0
DA:37,0
DA:38,0
DA:41,0
DA:45,0
DA:54,0
DA:57,0
DA:58,0
DA:59,0
DA:62,0
DA:63,0
DA:66,0
DA:69,0
DA:70,0
DA:81,0
DA:82,0
DA:84,0
DA:91,0
DA:94,0
DA:95,0
DA:96,0
DA:102,0
DA:104,0
DA:105,0
DA:106,0
DA:107,0
DA:110,0
DA:115,0
DA:116,0
DA:117,0
DA:118,0
DA:122,0
DA:123,0
DA:124,0
DA:125,0
DA:129,0
DA:132,0
DA:133,0
DA:134,0
DA:135,0
DA:136,0
DA:137,0
DA:138,0
DA:143,0
DA:147,0
DA:148,0
DA:149,0
DA:150,0
DA:151,0
DA:152,0
DA:154,0
DA:155,0
DA:156,0
DA:157,0
DA:160,0
DA:161,0
DA:166,0
DA:167,0
DA:171,0
DA:174,0
LF:79
LH:0
BRDA:18,0,0,0
BRDA:18,0,1,0
BRDA:84,1,0,0
BRDA:84,1,1,0
BRDA:86,2,0,0
BRDA:86,2,1,0
BRDA:116,3,0,0
BRDA:134,4,0,0
BRDA:148,5,0,0
BRDA:148,5,1,0
BRDA:151,6,0,0
BRDA:156,7,0,0
BRDA:160,8,0,0
BRDA:166,9,0,0
BRF:14
BRH:0
end_of_record
TN:
SF:src/routes/monitoring.routes.ts
FN:20,(anonymous_1)
FN:25,(anonymous_2)
FN:38,(anonymous_3)
FN:62,(anonymous_4)
FN:124,(anonymous_5)
FN:162,(anonymous_6)
FN:175,(anonymous_7)
FN:183,(anonymous_8)
FN:208,(anonymous_9)
FNF:9
FNH:0
FNDA:0,(anonymous_1)
FNDA:0,(anonymous_2)
FNDA:0,(anonymous_3)
FNDA:0,(anonymous_4)
FNDA:0,(anonymous_5)
FNDA:0,(anonymous_6)
FNDA:0,(anonymous_7)
FNDA:0,(anonymous_8)
FNDA:0,(anonymous_9)
DA:1,0
DA:2,0
DA:3,0
DA:4,0
DA:5,0
DA:7,0
DA:8,0
DA:9,0
DA:12,0
DA:15,0
DA:16,0
DA:17,0
DA:20,0
DA:21,0
DA:25,0
DA:26,0
DA:27,0
DA:28,0
DA:30,0
DA:38,0
DA:39,0
DA:40,0
DA:42,0
DA:62,0
DA:63,0
DA:65,0
DA:68,0
DA:69,0
DA:70,0
DA:77,0
DA:78,0
DA:82,0
DA:115,0
DA:116,0
DA:124,0
DA:125,0
DA:126,0
DA:127,0
DA:128,0
DA:131,0
DA:132,0
DA:134,0
DA:153,0
DA:154,0
DA:162,0
DA:164,0
DA:165,0
DA:168,0
DA:169,0
DA:171,0
DA:175,0
DA:176,0
DA:177,0
DA:178,0
DA:179,0
DA:180,0
DA:183,0
DA:184,0
DA:185,0
DA:186,0
DA:187,0
DA:189,0
DA:190,0
DA:191,0
DA:193,0
DA:194,0
DA:195,0
DA:196,0
DA:197,0
DA:199,0
DA:208,0
DA:209,0
DA:210,0
DA:211,0
DA:214,0
DA:215,0
DA:216,0
DA:217,0
DA:219,0
DA:220,0
DA:221,0
DA:223,0
DA:225,0
DA:226,0
DA:227,0
DA:230,0
DA:231,0
DA:232,0
DA:233,0
DA:235,0
DA:239,0
DA:240,0
DA:243,0
DA:244,0
DA:246,0
DA:247,0
DA:248,0
DA:250,0
DA:255,0
DA:257,0
DA:258,0
DA:262,0
LF:102
LH:0
BRDA:27,0,0,0
BRDA:27,0,1,0
BRDA:78,1,0,0
BRDA:78,1,1,0
BRDA:164,2,0,0
BRDA:164,3,0,0
BRDA:164,3,1,0
BRDA:164,3,2,0
BRDA:176,4,0,0
BRDA:194,5,0,0
BRDA:195,6,0,0
BRDA:195,7,0,0
BRDA:195,7,1,0
BRDA:196,8,0,0
BRDA:196,9,0,0
BRDA:196,9,1,0
BRDA:196,9,2,0
BRDA:210,10,0,0
BRDA:223,11,0,0
BRDA:223,11,1,0
BRDA:231,12,0,0
BRDA:231,12,1,0
BRDA:244,13,0,0
BRDA:244,13,1,0
BRDA:246,14,0,0
BRDA:246,14,1,0
BRF:26
BRH:0
end_of_record
TN:
SF:src/routes/upload.routes.ts
FN:26,(anonymous_1)
FN:32,(anonymous_2)
FN:41,(anonymous_3)
FN:109,(anonymous_4)
FN:133,(anonymous_5)
FN:192,(anonymous_6)
FN:222,(anonymous_7)
FN:247,(anonymous_8)
FN:298,(anonymous_9)
FN:307,(anonymous_10)
FN:416,(anonymous_11)
FN:441,(anonymous_12)
FN:468,(anonymous_13)
FN:490,(anonymous_14)
FN:521,(anonymous_15)
FN:530,(anonymous_16)
FN:564,(anonymous_17)
FN:593,(anonymous_18)
FN:614,(anonymous_19)
FN:626,(anonymous_20)
FN:684,(anonymous_21)
FN:695,(anonymous_22)
FN:726,(anonymous_23)
FNF:23
FNH:0
FNDA:0,(anonymous_1)
FNDA:0,(anonymous_2)
FNDA:0,(anonymous_3)
FNDA:0,(anonymous_4)
FNDA:0,(anonymous_5)
FNDA:0,(anonymous_6)
FNDA:0,(anonymous_7)
FNDA:0,(anonymous_8)
FNDA:0,(anonymous_9)
FNDA:0,(anonymous_10)
FNDA:0,(anonymous_11)
FNDA:0,(anonymous_12)
FNDA:0,(anonymous_13)
FNDA:0,(anonymous_14)
FNDA:0,(anonymous_15)
FNDA:0,(anonymous_16)
FNDA:0,(anonymous_17)
FNDA:0,(anonymous_18)
FNDA:0,(anonymous_19)
FNDA:0,(anonymous_20)
FNDA:0,(anonymous_21)
FNDA:0,(anonymous_22)
FNDA:0,(anonymous_23)
DA:1,0
DA:2,0
DA:3,0
DA:4,0
DA:5,0
DA:6,0
DA:7,0
DA:8,0
DA:10,0
DA:11,0
DA:13,0
DA:16,0
DA:19,0
DA:21,0
DA:22,0
DA:23,0
DA:26,0
DA:32,0
DA:33,0
DA:34,0
DA:35,0
DA:36,0
DA:41,0
DA:42,0
DA:45,0
DA:46,0
DA:49,0
DA:69,0
DA:72,0
DA:86,0
DA:87,0
DA:95,0
DA:96,0
DA:109,0
DA:110,0
DA:111,0
DA:133,0
DA:137,0
DA:140,0
DA:141,0
DA:142,0
DA:145,0
DA:147,0
DA:148,0
DA:149,0
DA:150,0
DA:151,0
DA:152,0
DA:154,0
DA:157,0
DA:158,0
DA:161,0
DA:163,0
DA:164,0
DA:167,0
DA:168,0
DA:169,0
DA:170,0
DA:171,0
DA:173,0
DA:176,0
DA:177,0
DA:180,0
DA:181,0
DA:183,0
DA:184,0
DA:186,0
DA:187,0
DA:192,0
DA:193,0
DA:194,0
DA:195,0
DA:196,0
DA:197,0
DA:199,0
DA:200,0
DA:202,0
DA:203,0
DA:205,0
DA:206,0
DA:208,0
DA:211,0
DA:212,0
DA:218,0
DA:219,0
DA:222,0
DA:223,0
DA:224,0
DA:225,0
DA:226,0
DA:228,0
DA:229,0
DA:230,0
DA:231,0
DA:232,0
DA:235,0
DA:236,0
DA:238,0
DA:239,0
DA:247,0
DA:248,0
DA:249,0
DA:251,0
DA:252,0
DA:266,0
DA:269,0
DA:280,0
DA:282,0
DA:283,0
DA:284,0
DA:286,0
DA:287,0
DA:290,0
DA:298,0
DA:300,0
DA:302,0
DA:303,0
DA:305,0
DA:308,0
DA:309,0
DA:310,0
DA:312,0
DA:313,0
DA:314,0
DA:317,0
DA:318,0
DA:319,0
DA:322,0
DA:323,0
DA:324,0
DA:325,0
DA:328,0
DA:329,0
DA:330,0
DA:334,0
DA:335,0
DA:336,0
DA:342,0
DA:344,0
DA:345,0
DA:347,0
DA:348,0
DA:350,0
DA:351,0
DA:354,0
DA:355,0
DA:359,0
DA:360,0
DA:363,0
DA:364,0
DA:365,0
DA:370,0
DA:374,0
DA:375,0
DA:377,0
DA:379,0
DA:380,0
DA:381,0
DA:383,0
DA:384,0
DA:386,0
DA:388,0
DA:389,0
DA:393,0
DA:394,0
DA:396,0
DA:400,0
DA:408,0
DA:416,0
DA:418,0
DA:419,0
DA:421,0
DA:422,0
DA:423,0
DA:425,0
DA:427,0
DA:430,0
DA:433,0
DA:441,0
DA:442,0
DA:443,0
DA:444,0
DA:446,0
DA:447,0
DA:449,0
DA:450,0
DA:451,0
DA:452,0
DA:453,0
DA:455,0
DA:460,0
DA:464,0
DA:465,0
DA:466,0
DA:468,0
DA:473,0
DA:477,0
DA:479,0
DA:480,0
DA:483,0
DA:484,0
DA:487,0
DA:488,0
DA:490,0
DA:491,0
DA:492,0
DA:496,0
DA:497,0
DA:498,0
DA:499,0
DA:502,0
DA:514,0
DA:515,0
DA:516,0
DA:519,0
DA:521,0
DA:522,0
DA:530,0
DA:531,0
DA:532,0
DA:535,0
DA:537,0
DA:538,0
DA:543,0
DA:556,0
DA:564,0
DA:565,0
DA:566,0
DA:568,0
DA:569,0
DA:571,0
DA:572,0
DA:575,0
DA:576,0
DA:578,0
DA:580,0
DA:581,0
DA:582,0
DA:584,0
DA:585,0
DA:593,0
DA:594,0
DA:595,0
DA:597,0
DA:598,0
DA:600,0
DA:601,0
DA:604,0
DA:605,0
DA:607,0
DA:609,0
DA:610,0
DA:611,0
DA:614,0
DA:617,0
DA:618,0
DA:626,0
DA:627,0
DA:628,0
DA:630,0
DA:632,0
DA:634,0
DA:637,0
DA:638,0
DA:639,0
DA:640,0
DA:643,0
DA:644,0
DA:649,0
DA:650,0
DA:653,0
DA:654,0
DA:669,0
DA:670,0
DA:672,0
DA:674,0
DA:675,0
DA:681,0
DA:682,0
DA:684,0
DA:685,0
DA:686,0
DA:692,0
DA:695,0
DA:696,0
DA:697,0
DA:698,0
DA:703,0
DA:708,0
DA:709,0
DA:716,0
DA:717,0
DA:726,0
DA:727,0
DA:728,0
DA:729,0
DA:732,0
DA:733,0
DA:734,0
DA:735,0
DA:737,0
DA:738,0
DA:743,0
DA:744,0
DA:745,0
DA:749,0
LF:306
LH:0
BRDA:21,0,0,0
BRDA:21,0,1,0
BRDA:24,1,0,0
BRDA:24,1,1,0
BRDA:25,2,0,0
BRDA:25,2,1,0
BRDA:33,3,0,0
BRDA:90,4,0,0
BRDA:90,4,1,0
BRDA:99,5,0,0
BRDA:99,5,1,0
BRDA:140,6,0,0
BRDA:140,6,1,0
BRDA:142,7,0,0
BRDA:142,7,1,0
BRDA:147,8,0,0
BRDA:147,8,1,0
BRDA:149,9,0,0
BRDA:149,9,1,0
BRDA:149,10,0,0
BRDA:149,10,1,0
BRDA:151,11,0,0
BRDA:151,11,1,0
BRDA:151,12,0,0
BRDA:151,12,1,0
BRDA:157,13,0,0
BRDA:167,14,0,0
BRDA:167,14,1,0
BRDA:169,15,0,0
BRDA:169,15,1,0
BRDA:171,16,0,0
BRDA:176,17,0,0
BRDA:194,18,0,0
BRDA:194,18,1,0
BRDA:196,19,0,0
BRDA:199,20,0,0
BRDA:199,20,1,0
BRDA:203,21,0,0
BRDA:205,22,0,0
BRDA:206,23,0,0
BRDA:206,23,1,0
BRDA:218,24,0,0
BRDA:218,24,1,0
BRDA:224,25,0,0
BRDA:224,26,0,0
BRDA:224,26,1,0
BRDA:230,27,0,0
BRDA:251,28,0,0
BRDA:251,29,0,0
BRDA:251,29,1,0
BRDA:251,29,2,0
BRDA:251,29,3,0
BRDA:302,30,0,0
BRDA:302,30,1,0
BRDA:312,31,0,0
BRDA:312,32,0,0
BRDA:312,32,1,0
BRDA:317,33,0,0
BRDA:317,34,0,0
BRDA:317,34,1,0
BRDA:317,34,2,0
BRDA:323,35,0,0
BRDA:328,36,0,0
BRDA:334,37,0,0
BRDA:342,38,0,0
BRDA:342,38,1,0
BRDA:345,39,0,0
BRDA:345,39,1,0
BRDA:377,40,0,0
BRDA:377,40,1,0
BRDA:381,41,0,0
BRDA:381,41,1,0
BRDA:384,42,0,0
BRDA:384,42,1,0
BRDA:384,43,0,0
BRDA:384,43,1,0
BRDA:384,43,2,0
BRDA:388,44,0,0
BRDA:410,45,0,0
BRDA:410,45,1,0
BRDA:418,46,0,0
BRDA:418,46,1,0
BRDA:419,47,0,0
BRDA:419,47,1,0
BRDA:419,48,0,0
BRDA:419,48,1,0
BRDA:419,49,0,0
BRDA:419,49,1,0
BRDA:422,50,0,0
BRDA:422,50,1,0
BRDA:446,51,0,0
BRDA:449,52,0,0
BRDA:449,52,1,0
BRDA:464,53,0,0
BRDA:487,54,0,0
BRDA:487,55,0,0
BRDA:487,55,1,0
BRDA:537,56,0,0
BRDA:568,57,0,0
BRDA:571,58,0,0
BRDA:597,59,0,0
BRDA:600,60,0,0
BRDA:637,61,0,0
BRDA:643,62,0,0
BRDA:672,63,0,0
BRDA:672,63,1,0
BRDA:674,64,0,0
BRDA:674,64,1,0
BRDA:674,65,0,0
BRDA:674,65,1,0
BRDA:678,66,0,0
BRDA:678,66,1,0
BRDA:679,67,0,0
BRDA:679,67,1,0
BRDA:682,68,0,0
BRDA:682,68,1,0
BRDA:685,69,0,0
BRDA:689,70,0,0
BRDA:689,70,1,0
BRDA:690,71,0,0
BRDA:690,71,1,0
BRDA:697,72,0,0
BRDA:700,73,0,0
BRDA:700,73,1,0
BRDA:701,74,0,0
BRDA:701,74,1,0
BRDA:711,75,0,0
BRDA:711,75,1,0
BRDA:712,76,0,0
BRDA:712,76,1,0
BRDA:719,77,0,0
BRDA:719,77,1,0
BRDA:720,78,0,0
BRDA:720,78,1,0
BRDA:727,79,0,0
BRDA:732,80,0,0
BRDA:732,80,1,0
BRF:137
BRH:0
end_of_record
TN:
SF:src/utils/fileUtils.ts
FN:26,(anonymous_1)
FN:47,(anonymous_2)
FN:61,(anonymous_3)
FN:69,(anonymous_4)
FN:76,(anonymous_5)
FN:89,(anonymous_6)
FN:125,(anonymous_7)
FN:132,(anonymous_8)
FN:183,(anonymous_9)
FN:184,(anonymous_10)
FN:223,(anonymous_11)
FN:245,(anonymous_12)
FNF:12
FNH:0
FNDA:0,(anonymous_1)
FNDA:0,(anonymous_2)
FNDA:0,(anonymous_3)
FNDA:0,(anonymous_4)
FNDA:0,(anonymous_5)
FNDA:0,(anonymous_6)
FNDA:0,(anonymous_7)
FNDA:0,(anonymous_8)
FNDA:0,(anonymous_9)
FNDA:0,(anonymous_10)
FNDA:0,(anonymous_11)
FNDA:0,(anonymous_12)
DA:1,0
DA:2,0
DA:3,0
DA:4,0
DA:6,0
DA:8,0
DA:9,0
DA:10,0
DA:11,0
DA:12,0
DA:13,0
DA:14,0
DA:16,0
DA:17,0
DA:18,0
DA:19,0
DA:20,0
DA:23,0
DA:26,0
DA:30,0
DA:47,0
DA:48,0
DA:50,0
DA:51,0
DA:52,0
DA:53,0
DA:61,0
DA:62,0
DA:63,0
DA:69,0
DA:70,0
DA:76,0
DA:81,0
DA:82,0
DA:83,0
DA:89,0
DA:93,0
DA:94,0
DA:97,0
DA:99,0
DA:103,0
DA:104,0
DA:106,0
DA:107,0
DA:110,0
DA:111,0
DA:115,0
DA:117,0
DA:118,0
DA:125,0
DA:126,0
DA:132,0
DA:139,0
DA:140,0
DA:141,0
DA:143,0
DA:144,0
DA:148,0
DA:150,0
DA:151,0
DA:153,0
DA:154,0
DA:155,0
DA:158,0
DA:161,0
DA:162,0
DA:163,0
DA:165,0
DA:166,0
DA:170,0
DA:171,0
DA:172,0
DA:173,0
DA:174,0
DA:176,0
DA:178,0
DA:183,0
DA:184,0
DA:185,0
DA:186,0
DA:191,0
DA:194,0
DA:195,0
DA:196,0
DA:198,0
DA:200,0
DA:201,0
DA:202,0
DA:205,0
DA:209,0
DA:210,0
DA:212,0
DA:223,0
DA:224,0
DA:225,0
DA:227,0
DA:228,0
DA:229,0
DA:230,0
DA:233,0
DA:235,0
DA:236,0
DA:237,0
DA:245,0
DA:246,0
DA:247,0
DA:249,0
DA:250,0
DA:251,0
DA:253,0
DA:254,0
DA:256,0
DA:258,0
DA:259,0
DA:261,0
DA:262,0
DA:266,0
DA:267,0
LF:118
LH:0
BRDA:16,0,0,0
BRDA:16,0,1,0
BRDA:19,1,0,0
BRDA:19,1,1,0
BRDA:20,2,0,0
BRDA:20,2,1,0
BRDA:51,3,0,0
BRDA:97,4,0,0
BRDA:99,5,0,0
BRDA:99,5,1,0
BRDA:106,6,0,0
BRDA:110,7,0,0
BRDA:126,8,0,0
BRDA:126,8,1,0
BRDA:143,9,0,0
BRDA:165,10,0,0
BRDA:172,11,0,0
BRDA:172,11,1,0
BRDA:185,12,0,0
BRDA:185,12,1,0
BRDA:198,13,0,0
BRDA:198,13,1,0
BRDA:235,14,0,0
BRDA:253,15,0,0
BRDA:258,16,0,0
BRF:25
BRH:0
end_of_record
TN:
SF:src/utils/logger.ts
FNF:0
FNH:0
DA:1,0
DA:2,0
DA:3,0
DA:6,0
DA:9,0
DA:10,0
DA:14,0
DA:39,0
DA:40,0
LF:9
LH:0
BRDA:9,0,0,0
BRDA:15,1,0,0
BRDA:15,1,1,0
BRDA:39,2,0,0
BRF:4
BRH:0
end_of_record
