TN:
SF:src/app.ts
FN:32,(anonymous_1)
FN:35,(anonymous_2)
FN:58,(anonymous_3)
FN:59,(anonymous_4)
FN:70,(anonymous_5)
FN:82,(anonymous_6)
FNF:6
FNH:0
FNDA:0,(anonymous_1)
FNDA:0,(anonymous_2)
FNDA:0,(anonymous_3)
FNDA:0,(anonymous_4)
FNDA:0,(anonymous_5)
FNDA:0,(anonymous_6)
DA:1,0
DA:2,0
DA:3,0
DA:4,0
DA:5,0
DA:6,0
DA:7,0
DA:8,0
DA:9,0
DA:10,0
DA:13,0
DA:16,0
DA:17,0
DA:20,0
DA:23,0
DA:26,0
DA:27,0
DA:31,0
DA:32,0
DA:33,0
DA:35,0
DA:36,0
DA:37,0
DA:40,0
DA:45,0
DA:53,0
DA:56,0
DA:57,0
DA:58,0
DA:59,0
DA:63,0
DA:64,0
DA:67,0
DA:70,0
DA:71,0
DA:82,0
DA:83,0
DA:85,0
DA:91,0
LF:39
LH:0
BRDA:17,0,0,0
BRDA:17,0,1,0
BRDA:26,1,0,0
BRDA:31,2,0,0
BRDA:56,3,0,0
BRDA:85,4,0,0
BRDA:85,4,1,0
BRDA:87,5,0,0
BRDA:87,5,1,0
BRF:9
BRH:0
end_of_record
TN:
SF:src/index.ts
FN:33,(anonymous_1)
FN:36,(anonymous_2)
FN:58,(anonymous_3)
FN:59,(anonymous_4)
FN:69,(anonymous_5)
FN:81,(anonymous_6)
FN:91,(anonymous_7)
FN:96,(anonymous_8)
FN:98,(anonymous_9)
FN:99,(anonymous_10)
FN:103,(anonymous_11)
FN:113,(anonymous_12)
FN:115,(anonymous_13)
FN:116,(anonymous_14)
FN:126,(anonymous_15)
FN:128,(anonymous_16)
FNF:16
FNH:4
FNDA:5,(anonymous_1)
FNDA:5,(anonymous_2)
FNDA:1,(anonymous_3)
FNDA:0,(anonymous_4)
FNDA:0,(anonymous_5)
FNDA:0,(anonymous_6)
FNDA:0,(anonymous_7)
FNDA:0,(anonymous_8)
FNDA:0,(anonymous_9)
FNDA:0,(anonymous_10)
FNDA:1,(anonymous_11)
FNDA:0,(anonymous_12)
FNDA:0,(anonymous_13)
FNDA:0,(anonymous_14)
FNDA:0,(anonymous_15)
FNDA:0,(anonymous_16)
DA:1,1
DA:2,1
DA:3,1
DA:4,1
DA:5,1
DA:7,1
DA:8,1
DA:9,1
DA:10,1
DA:11,1
DA:14,1
DA:17,1
DA:18,1
DA:21,1
DA:24,1
DA:27,1
DA:30,1
DA:33,1
DA:34,5
DA:36,5
DA:37,5
DA:38,5
DA:41,5
DA:45,1
DA:54,1
DA:57,1
DA:58,1
DA:59,0
DA:62,1
DA:63,1
DA:66,1
DA:69,1
DA:70,0
DA:81,1
DA:82,0
DA:84,0
DA:91,1
DA:92,0
DA:96,1
DA:97,0
DA:98,0
DA:99,0
DA:103,1
DA:104,1
DA:105,1
DA:111,1
DA:113,1
DA:114,0
DA:115,0
DA:116,0
DA:119,0
DA:123,1
DA:126,1
DA:127,0
DA:128,0
DA:129,0
DA:130,0
DA:134,1
LF:58
LH:42
BRDA:18,0,0,1
BRDA:18,0,1,0
BRDA:84,1,0,0
BRDA:84,1,1,0
BRDA:86,2,0,0
BRDA:86,2,1,0
BRF:6
BRH:1
end_of_record
TN:
SF:src/routes/monitoring.routes.ts
FN:20,(anonymous_1)
FN:25,(anonymous_2)
FN:38,(anonymous_3)
FN:62,(anonymous_4)
FN:124,(anonymous_5)
FN:162,(anonymous_6)
FN:175,(anonymous_7)
FN:183,(anonymous_8)
FN:208,(anonymous_9)
FNF:9
FNH:9
FNDA:2,(anonymous_1)
FNDA:2,(anonymous_2)
FNDA:1,(anonymous_3)
FNDA:2,(anonymous_4)
FNDA:1,(anonymous_5)
FNDA:1,(anonymous_6)
FNDA:21,(anonymous_7)
FNDA:3,(anonymous_8)
FNDA:2,(anonymous_9)
DA:1,1
DA:2,1
DA:3,1
DA:4,1
DA:5,1
DA:7,1
DA:8,1
DA:9,1
DA:12,1
DA:15,1
DA:16,1
DA:17,1
DA:20,1
DA:21,2
DA:25,1
DA:26,2
DA:27,2
DA:28,1
DA:30,1
DA:38,1
DA:39,1
DA:40,1
DA:42,1
DA:62,1
DA:63,2
DA:65,2
DA:68,2
DA:69,2
DA:70,2
DA:77,2
DA:78,2
DA:82,2
DA:115,0
DA:116,0
DA:124,1
DA:125,1
DA:126,1
DA:127,1
DA:128,1
DA:131,1
DA:132,1
DA:134,1
DA:153,0
DA:154,0
DA:162,1
DA:164,1
DA:165,1
DA:168,0
DA:169,0
DA:171,0
DA:175,1
DA:176,21
DA:177,18
DA:178,18
DA:179,18
DA:180,18
DA:183,1
DA:184,3
DA:185,3
DA:186,3
DA:187,3
DA:189,3
DA:190,3
DA:191,3
DA:193,3
DA:194,3
DA:195,3
DA:196,3
DA:197,3
DA:199,3
DA:208,1
DA:209,2
DA:210,2
DA:211,0
DA:214,2
DA:215,2
DA:216,2
DA:217,2
DA:219,2
DA:220,0
DA:221,0
DA:223,0
DA:225,0
DA:226,0
DA:227,0
DA:230,0
DA:231,0
DA:232,0
DA:233,0
DA:235,0
DA:239,0
DA:240,0
DA:243,0
DA:244,0
DA:246,0
DA:247,0
DA:248,0
DA:250,0
DA:255,2
DA:257,0
DA:258,0
DA:262,1
LF:102
LH:73
BRDA:27,0,0,1
BRDA:27,0,1,1
BRDA:78,1,0,1
BRDA:78,1,1,1
BRDA:164,2,0,1
BRDA:164,3,0,1
BRDA:164,3,1,1
BRDA:164,3,2,1
BRDA:176,4,0,3
BRDA:194,5,0,0
BRDA:195,6,0,0
BRDA:195,7,0,3
BRDA:195,7,1,3
BRDA:196,8,0,0
BRDA:196,9,0,3
BRDA:196,9,1,3
BRDA:196,9,2,3
BRDA:210,10,0,0
BRDA:223,11,0,0
BRDA:223,11,1,0
BRDA:231,12,0,0
BRDA:231,12,1,0
BRDA:244,13,0,0
BRDA:244,13,1,0
BRDA:246,14,0,0
BRDA:246,14,1,0
BRF:26
BRH:14
end_of_record
TN:
SF:src/routes/upload.routes.ts
FN:26,(anonymous_1)
FN:32,(anonymous_2)
FN:41,(anonymous_3)
FN:100,(anonymous_4)
FN:124,(anonymous_5)
FN:183,(anonymous_6)
FN:213,(anonymous_7)
FN:238,(anonymous_8)
FN:289,(anonymous_9)
FN:386,(anonymous_10)
FN:411,(anonymous_11)
FN:438,(anonymous_12)
FN:460,(anonymous_13)
FN:490,(anonymous_14)
FN:499,(anonymous_15)
FN:533,(anonymous_16)
FN:562,(anonymous_17)
FN:583,(anonymous_18)
FN:595,(anonymous_19)
FN:653,(anonymous_20)
FN:664,(anonymous_21)
FN:695,(anonymous_22)
FNF:22
FNH:0
FNDA:0,(anonymous_1)
FNDA:0,(anonymous_2)
FNDA:0,(anonymous_3)
FNDA:0,(anonymous_4)
FNDA:0,(anonymous_5)
FNDA:0,(anonymous_6)
FNDA:0,(anonymous_7)
FNDA:0,(anonymous_8)
FNDA:0,(anonymous_9)
FNDA:0,(anonymous_10)
FNDA:0,(anonymous_11)
FNDA:0,(anonymous_12)
FNDA:0,(anonymous_13)
FNDA:0,(anonymous_14)
FNDA:0,(anonymous_15)
FNDA:0,(anonymous_16)
FNDA:0,(anonymous_17)
FNDA:0,(anonymous_18)
FNDA:0,(anonymous_19)
FNDA:0,(anonymous_20)
FNDA:0,(anonymous_21)
FNDA:0,(anonymous_22)
DA:1,1
DA:2,1
DA:3,1
DA:4,1
DA:5,1
DA:6,1
DA:7,1
DA:8,1
DA:10,1
DA:11,1
DA:13,1
DA:16,1
DA:19,1
DA:21,1
DA:22,0
DA:23,0
DA:26,0
DA:32,0
DA:33,0
DA:34,0
DA:35,0
DA:36,0
DA:41,0
DA:42,0
DA:45,0
DA:46,0
DA:49,1
DA:69,1
DA:72,1
DA:86,1
DA:87,1
DA:100,1
DA:101,0
DA:102,0
DA:124,1
DA:128,0
DA:131,0
DA:132,0
DA:133,0
DA:136,0
DA:138,0
DA:139,0
DA:140,0
DA:141,0
DA:142,0
DA:143,0
DA:145,0
DA:148,0
DA:149,0
DA:152,0
DA:154,0
DA:155,0
DA:158,0
DA:159,0
DA:160,0
DA:161,0
DA:162,0
DA:164,0
DA:167,0
DA:168,0
DA:171,0
DA:172,0
DA:174,0
DA:175,0
DA:177,0
DA:178,0
DA:183,1
DA:184,0
DA:185,0
DA:186,0
DA:187,0
DA:188,0
DA:190,0
DA:191,0
DA:193,0
DA:194,0
DA:196,0
DA:197,0
DA:199,0
DA:202,0
DA:203,0
DA:209,1
DA:210,1
DA:213,1
DA:214,0
DA:215,0
DA:216,0
DA:217,0
DA:219,0
DA:220,0
DA:221,0
DA:222,0
DA:223,0
DA:226,0
DA:227,0
DA:229,0
DA:230,0
DA:238,1
DA:239,0
DA:240,0
DA:242,0
DA:243,0
DA:257,0
DA:260,0
DA:271,0
DA:273,0
DA:274,0
DA:275,0
DA:277,0
DA:278,0
DA:281,0
DA:289,1
DA:290,0
DA:291,0
DA:292,0
DA:294,0
DA:295,0
DA:296,0
DA:299,0
DA:300,0
DA:301,0
DA:304,0
DA:305,0
DA:306,0
DA:307,0
DA:310,0
DA:311,0
DA:312,0
DA:316,0
DA:322,0
DA:326,0
DA:327,0
DA:328,0
DA:332,0
DA:333,0
DA:336,0
DA:337,0
DA:338,0
DA:343,0
DA:347,0
DA:348,0
DA:350,0
DA:352,0
DA:353,0
DA:354,0
DA:356,0
DA:357,0
DA:359,0
DA:361,0
DA:362,0
DA:366,0
DA:367,0
DA:369,0
DA:373,0
DA:381,0
DA:386,1
DA:388,0
DA:389,0
DA:391,0
DA:392,0
DA:393,0
DA:395,0
DA:397,0
DA:400,0
DA:403,0
DA:411,1
DA:412,0
DA:413,0
DA:414,0
DA:416,0
DA:417,0
DA:419,0
DA:420,0
DA:421,0
DA:422,0
DA:423,0
DA:425,0
DA:430,0
DA:434,0
DA:435,0
DA:436,0
DA:438,0
DA:443,0
DA:447,0
DA:449,0
DA:450,0
DA:453,0
DA:454,0
DA:457,0
DA:458,0
DA:460,0
DA:461,0
DA:462,0
DA:466,0
DA:467,0
DA:468,0
DA:469,0
DA:472,0
DA:483,0
DA:484,0
DA:485,0
DA:488,0
DA:490,0
DA:491,0
DA:499,1
DA:500,0
DA:501,0
DA:504,0
DA:506,0
DA:507,0
DA:512,0
DA:525,0
DA:533,1
DA:534,0
DA:535,0
DA:537,0
DA:538,0
DA:540,0
DA:541,0
DA:544,0
DA:545,0
DA:547,0
DA:549,0
DA:550,0
DA:551,0
DA:553,0
DA:554,0
DA:562,1
DA:563,0
DA:564,0
DA:566,0
DA:567,0
DA:569,0
DA:570,0
DA:573,0
DA:574,0
DA:576,0
DA:578,0
DA:579,0
DA:580,0
DA:583,0
DA:586,0
DA:587,0
DA:595,1
DA:596,0
DA:597,0
DA:599,0
DA:601,0
DA:603,0
DA:606,0
DA:607,0
DA:608,0
DA:609,0
DA:612,0
DA:613,0
DA:618,0
DA:619,0
DA:622,0
DA:623,0
DA:638,1
DA:639,1
DA:641,1
DA:643,0
DA:644,0
DA:650,0
DA:651,0
DA:653,0
DA:654,0
DA:655,0
DA:661,0
DA:664,0
DA:665,0
DA:666,0
DA:667,0
DA:672,0
DA:677,0
DA:678,0
DA:685,1
DA:686,1
DA:695,1
DA:696,0
DA:697,0
DA:698,0
DA:701,0
DA:702,0
DA:703,0
DA:704,0
DA:706,0
DA:707,0
DA:712,1
DA:713,1
DA:714,1
DA:718,1
LF:293
LH:43
BRDA:21,0,0,0
BRDA:21,0,1,1
BRDA:24,1,0,0
BRDA:24,1,1,0
BRDA:25,2,0,0
BRDA:25,2,1,0
BRDA:33,3,0,0
BRDA:90,4,0,1
BRDA:90,4,1,1
BRDA:131,5,0,0
BRDA:131,5,1,0
BRDA:133,6,0,0
BRDA:133,6,1,0
BRDA:138,7,0,0
BRDA:138,7,1,0
BRDA:140,8,0,0
BRDA:140,8,1,0
BRDA:140,9,0,0
BRDA:140,9,1,0
BRDA:142,10,0,0
BRDA:142,10,1,0
BRDA:142,11,0,0
BRDA:142,11,1,0
BRDA:148,12,0,0
BRDA:158,13,0,0
BRDA:158,13,1,0
BRDA:160,14,0,0
BRDA:160,14,1,0
BRDA:162,15,0,0
BRDA:167,16,0,0
BRDA:185,17,0,0
BRDA:185,17,1,0
BRDA:187,18,0,0
BRDA:190,19,0,0
BRDA:190,19,1,0
BRDA:194,20,0,0
BRDA:196,21,0,0
BRDA:197,22,0,0
BRDA:197,22,1,0
BRDA:209,23,0,1
BRDA:209,23,1,1
BRDA:215,24,0,0
BRDA:215,25,0,0
BRDA:215,25,1,0
BRDA:221,26,0,0
BRDA:242,27,0,0
BRDA:242,28,0,0
BRDA:242,28,1,0
BRDA:242,28,2,0
BRDA:242,28,3,0
BRDA:294,29,0,0
BRDA:299,30,0,0
BRDA:299,31,0,0
BRDA:299,31,1,0
BRDA:299,31,2,0
BRDA:305,32,0,0
BRDA:310,33,0,0
BRDA:316,34,0,0
BRDA:316,35,0,0
BRDA:316,35,1,0
BRDA:326,36,0,0
BRDA:350,37,0,0
BRDA:350,37,1,0
BRDA:354,38,0,0
BRDA:354,38,1,0
BRDA:357,39,0,0
BRDA:357,39,1,0
BRDA:357,40,0,0
BRDA:357,40,1,0
BRDA:357,40,2,0
BRDA:361,41,0,0
BRDA:388,42,0,0
BRDA:388,42,1,0
BRDA:389,43,0,0
BRDA:389,43,1,0
BRDA:389,44,0,0
BRDA:389,44,1,0
BRDA:389,45,0,0
BRDA:389,45,1,0
BRDA:392,46,0,0
BRDA:392,46,1,0
BRDA:416,47,0,0
BRDA:419,48,0,0
BRDA:419,48,1,0
BRDA:434,49,0,0
BRDA:457,50,0,0
BRDA:457,51,0,0
BRDA:457,51,1,0
BRDA:506,52,0,0
BRDA:537,53,0,0
BRDA:540,54,0,0
BRDA:566,55,0,0
BRDA:569,56,0,0
BRDA:606,57,0,0
BRDA:612,58,0,0
BRDA:641,59,0,0
BRDA:641,59,1,1
BRDA:643,60,0,0
BRDA:643,60,1,0
BRDA:643,61,0,0
BRDA:643,61,1,0
BRDA:647,62,0,0
BRDA:647,62,1,0
BRDA:648,63,0,0
BRDA:648,63,1,0
BRDA:651,64,0,0
BRDA:651,64,1,0
BRDA:654,65,0,0
BRDA:658,66,0,0
BRDA:658,66,1,0
BRDA:659,67,0,0
BRDA:659,67,1,0
BRDA:666,68,0,0
BRDA:669,69,0,0
BRDA:669,69,1,0
BRDA:670,70,0,0
BRDA:670,70,1,0
BRDA:680,71,0,0
BRDA:680,71,1,0
BRDA:681,72,0,0
BRDA:681,72,1,0
BRDA:688,73,0,1
BRDA:688,73,1,1
BRDA:689,74,0,1
BRDA:689,74,1,1
BRDA:696,75,0,0
BRDA:701,76,0,0
BRDA:701,76,1,0
BRF:128
BRH:10
end_of_record
TN:
SF:src/utils/fileUtils.ts
FN:26,(anonymous_1)
FN:47,(anonymous_2)
FN:61,(anonymous_3)
FN:69,(anonymous_4)
FN:76,(anonymous_5)
FN:89,(anonymous_6)
FN:125,(anonymous_7)
FN:132,(anonymous_8)
FN:183,(anonymous_9)
FN:184,(anonymous_10)
FN:223,(anonymous_11)
FN:245,(anonymous_12)
FNF:12
FNH:1
FNDA:0,(anonymous_1)
FNDA:1,(anonymous_2)
FNDA:0,(anonymous_3)
FNDA:0,(anonymous_4)
FNDA:0,(anonymous_5)
FNDA:0,(anonymous_6)
FNDA:0,(anonymous_7)
FNDA:0,(anonymous_8)
FNDA:0,(anonymous_9)
FNDA:0,(anonymous_10)
FNDA:0,(anonymous_11)
FNDA:0,(anonymous_12)
DA:1,1
DA:2,1
DA:3,1
DA:4,1
DA:6,1
DA:8,1
DA:9,1
DA:10,1
DA:11,1
DA:12,1
DA:13,1
DA:14,1
DA:16,1
DA:17,1
DA:18,1
DA:19,1
DA:20,1
DA:23,1
DA:26,1
DA:30,0
DA:47,1
DA:48,1
DA:50,1
DA:51,4
DA:52,0
DA:53,0
DA:61,1
DA:62,0
DA:63,0
DA:69,1
DA:70,0
DA:76,1
DA:81,0
DA:82,0
DA:83,0
DA:89,1
DA:93,0
DA:94,0
DA:97,0
DA:99,0
DA:103,0
DA:104,0
DA:106,0
DA:107,0
DA:110,0
DA:111,0
DA:115,0
DA:117,0
DA:118,0
DA:125,1
DA:126,0
DA:132,1
DA:139,0
DA:140,0
DA:141,0
DA:143,0
DA:144,0
DA:148,0
DA:150,0
DA:151,0
DA:153,0
DA:154,0
DA:155,0
DA:158,0
DA:161,0
DA:162,0
DA:163,0
DA:165,0
DA:166,0
DA:170,0
DA:171,0
DA:172,0
DA:173,0
DA:174,0
DA:176,0
DA:178,0
DA:183,0
DA:184,0
DA:185,0
DA:186,0
DA:191,0
DA:194,0
DA:195,0
DA:196,0
DA:198,0
DA:200,0
DA:201,0
DA:202,0
DA:205,0
DA:209,0
DA:210,0
DA:212,0
DA:223,1
DA:224,0
DA:225,0
DA:227,0
DA:228,0
DA:229,0
DA:230,0
DA:233,0
DA:235,0
DA:236,0
DA:237,0
DA:245,1
DA:246,0
DA:247,0
DA:249,0
DA:250,0
DA:251,0
DA:253,0
DA:254,0
DA:256,0
DA:258,0
DA:259,0
DA:261,0
DA:262,0
DA:266,0
DA:267,0
LF:118
LH:31
BRDA:16,0,0,1
BRDA:16,0,1,1
BRDA:19,1,0,1
BRDA:19,1,1,1
BRDA:20,2,0,1
BRDA:20,2,1,1
BRDA:51,3,0,0
BRDA:97,4,0,0
BRDA:99,5,0,0
BRDA:99,5,1,0
BRDA:106,6,0,0
BRDA:110,7,0,0
BRDA:126,8,0,0
BRDA:126,8,1,0
BRDA:143,9,0,0
BRDA:165,10,0,0
BRDA:172,11,0,0
BRDA:172,11,1,0
BRDA:185,12,0,0
BRDA:185,12,1,0
BRDA:198,13,0,0
BRDA:198,13,1,0
BRDA:235,14,0,0
BRDA:253,15,0,0
BRDA:258,16,0,0
BRF:25
BRH:6
end_of_record
TN:
SF:src/utils/logger.ts
FNF:0
FNH:0
DA:1,1
DA:2,1
DA:3,1
DA:6,1
DA:9,1
DA:10,0
DA:14,1
DA:39,1
DA:40,1
LF:9
LH:8
BRDA:9,0,0,0
BRDA:15,1,0,1
BRDA:15,1,1,0
BRDA:39,2,0,1
BRF:4
BRH:2
end_of_record
